<?xml version="1.0" encoding="UTF-8"?>
<robot generator="Robot 7.3.2 (Python 3.13.5 on win32)" generated="2025-10-13T15:56:28.419814" rpa="false" schemaversion="5">
<suite id="s1" name="Tests" source="D:\Projects\PythonProject_RobotFramework\tests">
<suite id="s1-s1" name="testDemo2" source="D:\Projects\PythonProject_RobotFramework\tests\testDemo2.robot">
<test id="s1-s1-t1" name="Validate Successful Login" line="10">
<kw name="Open the browser with Swaglabs URL" owner="Generic" type="SETUP">
<kw name="Create Webdriver" owner="SeleniumLibrary">
<msg time="2025-10-13T15:56:28.941150" level="INFO">Creating an instance of the Firefox WebDriver.</msg>
<arg>Firefox</arg>
<doc>Creates an instance of Selenium WebDriver.</doc>
<status status="PASS" start="2025-10-13T15:56:28.940919" elapsed="8.428561"/>
</kw>
<kw name="Go To" owner="SeleniumLibrary">
<msg time="2025-10-13T15:56:37.370142" level="INFO">Opening url 'https://www.saucedemo.com/v1/index.html'</msg>
<arg>${url}</arg>
<doc>Navigates the current browser window to the provided ``url``.</doc>
<status status="PASS" start="2025-10-13T15:56:37.369803" elapsed="0.756313"/>
</kw>
<status status="PASS" start="2025-10-13T15:56:28.940133" elapsed="9.186160"/>
</kw>
<kw name="fill the login form">
<kw name="Input Text" owner="SeleniumLibrary">
<msg time="2025-10-13T15:56:38.127532" level="INFO">Typing text 'standard_user' into text field 'id:user-name'.</msg>
<arg>id:user-name</arg>
<arg>${username}</arg>
<doc>Types the given ``text`` into the text field identified by ``locator``.</doc>
<status status="PASS" start="2025-10-13T15:56:38.127015" elapsed="0.142500"/>
</kw>
<kw name="Input Password" owner="SeleniumLibrary">
<msg time="2025-10-13T15:56:38.270188" level="INFO">Typing password into text field 'id:password'.</msg>
<msg time="2025-10-13T15:56:38.327508" level="INFO">Temporally setting log level to: NONE</msg>
<arg>id:password</arg>
<arg>${password}</arg>
<doc>Types the given password into the text field identified by ``locator``.</doc>
<status status="PASS" start="2025-10-13T15:56:38.269769" elapsed="0.080338"/>
</kw>
<kw name="Click Button" owner="SeleniumLibrary">
<msg time="2025-10-13T15:56:38.350767" level="INFO">Clicking button 'login-button'.</msg>
<arg>login-button</arg>
<doc>Clicks the button identified by ``locator``.</doc>
<status status="PASS" start="2025-10-13T15:56:38.350412" elapsed="1.150635"/>
</kw>
<arg>${standardUser}</arg>
<arg>${password}</arg>
<status status="PASS" start="2025-10-13T15:56:38.126571" elapsed="1.374758"/>
</kw>
<kw name="Verify products page is displayed">
<kw name="Element Text Should Be" owner="SeleniumLibrary">
<msg time="2025-10-13T15:56:39.502978" level="INFO">Verifying element 'xpath://div[text()='Products']' contains exact text 'Products'.</msg>
<arg>xpath://div[text()='Products']</arg>
<arg>Products</arg>
<doc>Verifies that element ``locator`` contains exact the text ``expected``.</doc>
<status status="PASS" start="2025-10-13T15:56:39.502255" elapsed="0.066251"/>
</kw>
<status status="PASS" start="2025-10-13T15:56:39.501678" elapsed="0.066984"/>
</kw>
<kw name="Close Browser Session" owner="Generic" type="TEARDOWN">
<kw name="Close Browser" owner="SeleniumLibrary">
<doc>Closes the current browser.</doc>
<status status="PASS" start="2025-10-13T15:56:39.569403" elapsed="3.764313"/>
</kw>
<status status="PASS" start="2025-10-13T15:56:39.568980" elapsed="3.764873"/>
</kw>
<status status="PASS" start="2025-10-13T15:56:28.939561" elapsed="14.394352"/>
</test>
<test id="s1-s1-t2" name="Validate Locked_out_user Login" line="14">
<kw name="Open the browser with Swaglabs URL" owner="Generic" type="SETUP">
<kw name="Create Webdriver" owner="SeleniumLibrary">
<msg time="2025-10-13T15:56:43.335057" level="INFO">Creating an instance of the Firefox WebDriver.</msg>
<arg>Firefox</arg>
<doc>Creates an instance of Selenium WebDriver.</doc>
<status status="PASS" start="2025-10-13T15:56:43.334910" elapsed="5.512786"/>
</kw>
<kw name="Go To" owner="SeleniumLibrary">
<msg time="2025-10-13T15:56:48.848201" level="INFO">Opening url 'https://www.saucedemo.com/v1/index.html'</msg>
<arg>${url}</arg>
<doc>Navigates the current browser window to the provided ``url``.</doc>
<status status="PASS" start="2025-10-13T15:56:48.847927" elapsed="0.390791"/>
</kw>
<status status="PASS" start="2025-10-13T15:56:43.334630" elapsed="5.904236"/>
</kw>
<kw name="fill the login form">
<kw name="Input Text" owner="SeleniumLibrary">
<msg time="2025-10-13T15:56:49.239762" level="INFO">Typing text 'locked_out_user' into text field 'id:user-name'.</msg>
<arg>id:user-name</arg>
<arg>${username}</arg>
<doc>Types the given ``text`` into the text field identified by ``locator``.</doc>
<status status="PASS" start="2025-10-13T15:56:49.239489" elapsed="0.115692"/>
</kw>
<kw name="Input Password" owner="SeleniumLibrary">
<msg time="2025-10-13T15:56:49.355686" level="INFO">Typing password into text field 'id:password'.</msg>
<msg time="2025-10-13T15:56:49.365918" level="INFO">Temporally setting log level to: NONE</msg>
<arg>id:password</arg>
<arg>${password}</arg>
<doc>Types the given password into the text field identified by ``locator``.</doc>
<status status="PASS" start="2025-10-13T15:56:49.355361" elapsed="0.027291"/>
</kw>
<kw name="Click Button" owner="SeleniumLibrary">
<msg time="2025-10-13T15:56:49.383398" level="INFO">Clicking button 'login-button'.</msg>
<arg>login-button</arg>
<doc>Clicks the button identified by ``locator``.</doc>
<status status="PASS" start="2025-10-13T15:56:49.382991" elapsed="0.106767"/>
</kw>
<arg>${lockedOutUser}</arg>
<arg>${password}</arg>
<status status="PASS" start="2025-10-13T15:56:49.239100" elapsed="0.250789"/>
</kw>
<kw name="Verify that locked out error message is displayed">
<kw name="Get Text" owner="SeleniumLibrary">
<msg time="2025-10-13T15:56:49.504688" level="INFO">${errorMessage} = Epic sadface: Sorry, this user has been locked out.</msg>
<var>${errorMessage}</var>
<arg>xpath://h3</arg>
<doc>Returns the text value of the element identified by ``locator``.</doc>
<status status="PASS" start="2025-10-13T15:56:49.490425" elapsed="0.014315"/>
</kw>
<kw name="Should Be Equal As Strings" owner="BuiltIn">
<arg>${errorMessage}</arg>
<arg>Epic sadface: Sorry, this user has been locked out.</arg>
<doc>Fails if objects are unequal after converting them to strings.</doc>
<status status="PASS" start="2025-10-13T15:56:49.504968" elapsed="0.000314"/>
</kw>
<kw name="Log" owner="BuiltIn">
<msg time="2025-10-13T15:56:49.505510" level="INFO">Epic sadface: Sorry, this user has been locked out.</msg>
<arg>${errorMessage}</arg>
<doc>Logs the given message with the given level.</doc>
<status status="PASS" start="2025-10-13T15:56:49.505382" elapsed="0.000162"/>
</kw>
<status status="PASS" start="2025-10-13T15:56:49.490091" elapsed="0.015508"/>
</kw>
<kw name="Close Browser Session" owner="Generic" type="TEARDOWN">
<kw name="Close Browser" owner="SeleniumLibrary">
<doc>Closes the current browser.</doc>
<status status="PASS" start="2025-10-13T15:56:49.505981" elapsed="3.034226"/>
</kw>
<status status="PASS" start="2025-10-13T15:56:49.505771" elapsed="3.034662"/>
</kw>
<status status="PASS" start="2025-10-13T15:56:43.334277" elapsed="9.206273"/>
</test>
<test id="s1-s1-t3" name="Validate Problem_user Login" line="18">
<kw name="Open the browser with Swaglabs URL" owner="Generic" type="SETUP">
<kw name="Create Webdriver" owner="SeleniumLibrary">
<msg time="2025-10-13T15:56:52.546605" level="INFO">Creating an instance of the Firefox WebDriver.</msg>
<arg>Firefox</arg>
<doc>Creates an instance of Selenium WebDriver.</doc>
<status status="PASS" start="2025-10-13T15:56:52.542027" elapsed="4.988855"/>
</kw>
<kw name="Go To" owner="SeleniumLibrary">
<msg time="2025-10-13T15:56:57.531275" level="INFO">Opening url 'https://www.saucedemo.com/v1/index.html'</msg>
<arg>${url}</arg>
<doc>Navigates the current browser window to the provided ``url``.</doc>
<status status="PASS" start="2025-10-13T15:56:57.531054" elapsed="0.332977"/>
</kw>
<status status="PASS" start="2025-10-13T15:56:52.541586" elapsed="5.322570"/>
</kw>
<kw name="fill the login form">
<kw name="Input Text" owner="SeleniumLibrary">
<msg time="2025-10-13T15:56:57.865226" level="INFO">Typing text 'problem_user' into text field 'id:user-name'.</msg>
<arg>id:user-name</arg>
<arg>${username}</arg>
<doc>Types the given ``text`` into the text field identified by ``locator``.</doc>
<status status="PASS" start="2025-10-13T15:56:57.865006" elapsed="0.067815"/>
</kw>
<kw name="Input Password" owner="SeleniumLibrary">
<msg time="2025-10-13T15:56:57.933513" level="INFO">Typing password into text field 'id:password'.</msg>
<msg time="2025-10-13T15:56:57.938783" level="INFO">Temporally setting log level to: NONE</msg>
<arg>id:password</arg>
<arg>${password}</arg>
<doc>Types the given password into the text field identified by ``locator``.</doc>
<status status="PASS" start="2025-10-13T15:56:57.933078" elapsed="0.015911"/>
</kw>
<kw name="Click Button" owner="SeleniumLibrary">
<msg time="2025-10-13T15:56:57.949392" level="INFO">Clicking button 'login-button'.</msg>
<arg>login-button</arg>
<doc>Clicks the button identified by ``locator``.</doc>
<status status="PASS" start="2025-10-13T15:56:57.949158" elapsed="0.472986"/>
</kw>
<arg>${problemUser}</arg>
<arg>${password}</arg>
<status status="PASS" start="2025-10-13T15:56:57.864521" elapsed="0.557729"/>
</kw>
<kw name="Verify products page is displayed">
<kw name="Element Text Should Be" owner="SeleniumLibrary">
<msg time="2025-10-13T15:56:58.422906" level="INFO">Verifying element 'xpath://div[text()='Products']' contains exact text 'Products'.</msg>
<arg>xpath://div[text()='Products']</arg>
<arg>Products</arg>
<doc>Verifies that element ``locator`` contains exact the text ``expected``.</doc>
<status status="PASS" start="2025-10-13T15:56:58.422670" elapsed="0.008152"/>
</kw>
<status status="PASS" start="2025-10-13T15:56:58.422399" elapsed="0.008531"/>
</kw>
<kw name="Verify that products images are not displayed">
<kw name="Element Should Be Visible" owner="SeleniumLibrary">
<msg time="2025-10-13T15:56:58.440402" level="INFO">Element 'xpath://img[contains(@src, 'WithGarbageOnItToBreakTheUrl')]' is displayed.</msg>
<arg>xpath://img[contains(@src, 'WithGarbageOnItToBreakTheUrl')]</arg>
<arg>Images are not visible for problem user</arg>
<doc>Verifies that the element identified by ``locator`` is visible.</doc>
<status status="PASS" start="2025-10-13T15:56:58.431341" elapsed="0.009170"/>
</kw>
<status status="PASS" start="2025-10-13T15:56:58.431076" elapsed="0.009535"/>
</kw>
<kw name="Close Browser Session" owner="Generic" type="TEARDOWN">
<kw name="Close Browser" owner="SeleniumLibrary">
<doc>Closes the current browser.</doc>
<status status="PASS" start="2025-10-13T15:56:58.441259" elapsed="2.720992"/>
</kw>
<status status="PASS" start="2025-10-13T15:56:58.441001" elapsed="2.721422"/>
</kw>
<status status="PASS" start="2025-10-13T15:56:52.541253" elapsed="8.621246"/>
</test>
<test id="s1-s1-t4" name="Validate Products displayed in the Products Page" line="23">
<kw name="Open the browser with Swaglabs URL" owner="Generic" type="SETUP">
<kw name="Create Webdriver" owner="SeleniumLibrary">
<msg time="2025-10-13T15:57:01.163779" level="INFO">Creating an instance of the Firefox WebDriver.</msg>
<arg>Firefox</arg>
<doc>Creates an instance of Selenium WebDriver.</doc>
<status status="PASS" start="2025-10-13T15:57:01.163596" elapsed="5.281333"/>
</kw>
<kw name="Go To" owner="SeleniumLibrary">
<msg time="2025-10-13T15:57:06.445417" level="INFO">Opening url 'https://www.saucedemo.com/v1/index.html'</msg>
<arg>${url}</arg>
<doc>Navigates the current browser window to the provided ``url``.</doc>
<status status="PASS" start="2025-10-13T15:57:06.445153" elapsed="0.303435"/>
</kw>
<status status="PASS" start="2025-10-13T15:57:01.163256" elapsed="5.585509"/>
</kw>
<kw name="fill the login form">
<kw name="Input Text" owner="SeleniumLibrary">
<msg time="2025-10-13T15:57:06.750114" level="INFO">Typing text 'standard_user' into text field 'id:user-name'.</msg>
<arg>id:user-name</arg>
<arg>${username}</arg>
<doc>Types the given ``text`` into the text field identified by ``locator``.</doc>
<status status="PASS" start="2025-10-13T15:57:06.749786" elapsed="0.060886"/>
</kw>
<kw name="Input Password" owner="SeleniumLibrary">
<msg time="2025-10-13T15:57:06.811154" level="INFO">Typing password into text field 'id:password'.</msg>
<msg time="2025-10-13T15:57:06.821460" level="INFO">Temporally setting log level to: NONE</msg>
<arg>id:password</arg>
<arg>${password}</arg>
<doc>Types the given password into the text field identified by ``locator``.</doc>
<status status="PASS" start="2025-10-13T15:57:06.810866" elapsed="0.020395"/>
</kw>
<kw name="Click Button" owner="SeleniumLibrary">
<msg time="2025-10-13T15:57:06.831641" level="INFO">Clicking button 'login-button'.</msg>
<arg>login-button</arg>
<doc>Clicks the button identified by ``locator``.</doc>
<status status="PASS" start="2025-10-13T15:57:06.831421" elapsed="0.818908"/>
</kw>
<arg>${standardUser}</arg>
<arg>${password}</arg>
<status status="PASS" start="2025-10-13T15:57:06.749035" elapsed="0.901411"/>
</kw>
<kw name="Verify products page is displayed">
<kw name="Element Text Should Be" owner="SeleniumLibrary">
<msg time="2025-10-13T15:57:07.651055" level="INFO">Verifying element 'xpath://div[text()='Products']' contains exact text 'Products'.</msg>
<arg>xpath://div[text()='Products']</arg>
<arg>Products</arg>
<doc>Verifies that element ``locator`` contains exact the text ``expected``.</doc>
<status status="PASS" start="2025-10-13T15:57:07.650870" elapsed="0.010901"/>
</kw>
<status status="PASS" start="2025-10-13T15:57:07.650607" elapsed="0.011324"/>
</kw>
<kw name="verify products title in the products page">
<kw name="Create List" owner="BuiltIn">
<msg time="2025-10-13T15:57:07.662919" level="INFO">@{expectedList} = [ Sauce Labs Backpack | Sauce Labs Bike Light | Sauce Labs Bolt T-Shirt | Sauce Labs Fleece Jacket | Sauce Labs Onesie | Test.allTheThings() T-Shirt (Red) ]</msg>
<var>@{expectedList}</var>
<arg>Sauce Labs Backpack</arg>
<arg>Sauce Labs Bike Light</arg>
<arg>Sauce Labs Bolt T-Shirt</arg>
<arg>Sauce Labs Fleece Jacket</arg>
<arg>Sauce Labs Onesie</arg>
<arg>Test.allTheThings() T-Shirt (Red)</arg>
<doc>Returns a list containing given items.</doc>
<status status="PASS" start="2025-10-13T15:57:07.662587" elapsed="0.000368"/>
</kw>
<kw name="Get WebElements" owner="SeleniumLibrary">
<msg time="2025-10-13T15:57:07.667486" level="INFO">${elements} = [&lt;selenium.webdriver.remote.webelement.WebElement (session="5aae1e98-d571-44ad-ab7e-5ce483e88420", element="9a250b9a-bf13-4ec0-b836-5ee55a0c0dd4")&gt;, &lt;selenium.webdriver.remote.webelement.WebElement (s...</msg>
<var>${elements}</var>
<arg>css:.inventory_item_name</arg>
<doc>Returns a list of WebElement objects matching the ``locator``.</doc>
<status status="PASS" start="2025-10-13T15:57:07.663102" elapsed="0.004444"/>
</kw>
<kw name="Create List" owner="BuiltIn">
<msg time="2025-10-13T15:57:07.667997" level="INFO">@{actualList} = [ ]</msg>
<var>@{actualList}</var>
<doc>Returns a list containing given items.</doc>
<status status="PASS" start="2025-10-13T15:57:07.667735" elapsed="0.000294"/>
</kw>
<for flavor="IN">
<iter>
<kw name="Log" owner="BuiltIn">
<msg time="2025-10-13T15:57:07.676330" level="INFO">Sauce Labs Backpack</msg>
<arg>${element.text}</arg>
<doc>Logs the given message with the given level.</doc>
<status status="PASS" start="2025-10-13T15:57:07.668564" elapsed="0.007863"/>
</kw>
<kw name="Append To List" owner="Collections">
<arg>${actualList}</arg>
<arg>${element.text}</arg>
<doc>Adds ``values`` to the end of ``list``.</doc>
<status status="PASS" start="2025-10-13T15:57:07.676605" elapsed="0.013256"/>
</kw>
<var name="${element}">&lt;selenium.webdriver.remote.webelement.WebElement (session="5aae1e98-d571-44ad-ab7e-5ce483e88420", element="9a250b9a-bf13-4ec0-b836-5ee55a0c0dd4")&gt;</var>
<status status="PASS" start="2025-10-13T15:57:07.668390" elapsed="0.021584"/>
</iter>
<iter>
<kw name="Log" owner="BuiltIn">
<msg time="2025-10-13T15:57:07.698401" level="INFO">Sauce Labs Bike Light</msg>
<arg>${element.text}</arg>
<doc>Logs the given message with the given level.</doc>
<status status="PASS" start="2025-10-13T15:57:07.690408" elapsed="0.008066"/>
</kw>
<kw name="Append To List" owner="Collections">
<arg>${actualList}</arg>
<arg>${element.text}</arg>
<doc>Adds ``values`` to the end of ``list``.</doc>
<status status="PASS" start="2025-10-13T15:57:07.698647" elapsed="0.004934"/>
</kw>
<var name="${element}">&lt;selenium.webdriver.remote.webelement.WebElement (session="5aae1e98-d571-44ad-ab7e-5ce483e88420", element="bd669925-30ee-4e43-b780-3665ead7d48c")&gt;</var>
<status status="PASS" start="2025-10-13T15:57:07.690187" elapsed="0.013484"/>
</iter>
<iter>
<kw name="Log" owner="BuiltIn">
<msg time="2025-10-13T15:57:07.720730" level="INFO">Sauce Labs Bolt T-Shirt</msg>
<arg>${element.text}</arg>
<doc>Logs the given message with the given level.</doc>
<status status="PASS" start="2025-10-13T15:57:07.703991" elapsed="0.016800"/>
</kw>
<kw name="Append To List" owner="Collections">
<arg>${actualList}</arg>
<arg>${element.text}</arg>
<doc>Adds ``values`` to the end of ``list``.</doc>
<status status="PASS" start="2025-10-13T15:57:07.720928" elapsed="0.005118"/>
</kw>
<var name="${element}">&lt;selenium.webdriver.remote.webelement.WebElement (session="5aae1e98-d571-44ad-ab7e-5ce483e88420", element="1114e288-30d2-44ee-9e7e-b07d04d268b6")&gt;</var>
<status status="PASS" start="2025-10-13T15:57:07.703820" elapsed="0.022367"/>
</iter>
<iter>
<kw name="Log" owner="BuiltIn">
<msg time="2025-10-13T15:57:07.732935" level="INFO">Sauce Labs Fleece Jacket</msg>
<arg>${element.text}</arg>
<doc>Logs the given message with the given level.</doc>
<status status="PASS" start="2025-10-13T15:57:07.726468" elapsed="0.006525"/>
</kw>
<kw name="Append To List" owner="Collections">
<arg>${actualList}</arg>
<arg>${element.text}</arg>
<doc>Adds ``values`` to the end of ``list``.</doc>
<status status="PASS" start="2025-10-13T15:57:07.733133" elapsed="0.005560"/>
</kw>
<var name="${element}">&lt;selenium.webdriver.remote.webelement.WebElement (session="5aae1e98-d571-44ad-ab7e-5ce483e88420", element="dae9e951-104d-4b4c-8d78-5c6fcd273d9a")&gt;</var>
<status status="PASS" start="2025-10-13T15:57:07.726318" elapsed="0.012483"/>
</iter>
<iter>
<kw name="Log" owner="BuiltIn">
<msg time="2025-10-13T15:57:07.744430" level="INFO">Sauce Labs Onesie</msg>
<arg>${element.text}</arg>
<doc>Logs the given message with the given level.</doc>
<status status="PASS" start="2025-10-13T15:57:07.739186" elapsed="0.005310"/>
</kw>
<kw name="Append To List" owner="Collections">
<arg>${actualList}</arg>
<arg>${element.text}</arg>
<doc>Adds ``values`` to the end of ``list``.</doc>
<status status="PASS" start="2025-10-13T15:57:07.744643" elapsed="0.005123"/>
</kw>
<var name="${element}">&lt;selenium.webdriver.remote.webelement.WebElement (session="5aae1e98-d571-44ad-ab7e-5ce483e88420", element="dff27fb7-2fd9-4db4-a4e0-3d1de1754ba1")&gt;</var>
<status status="PASS" start="2025-10-13T15:57:07.738979" elapsed="0.010881"/>
</iter>
<iter>
<kw name="Log" owner="BuiltIn">
<msg time="2025-10-13T15:57:07.755847" level="INFO">Test.allTheThings() T-Shirt (Red)</msg>
<arg>${element.text}</arg>
<doc>Logs the given message with the given level.</doc>
<status status="PASS" start="2025-10-13T15:57:07.750246" elapsed="0.005658"/>
</kw>
<kw name="Append To List" owner="Collections">
<arg>${actualList}</arg>
<arg>${element.text}</arg>
<doc>Adds ``values`` to the end of ``list``.</doc>
<status status="PASS" start="2025-10-13T15:57:07.756026" elapsed="0.005003"/>
</kw>
<var name="${element}">&lt;selenium.webdriver.remote.webelement.WebElement (session="5aae1e98-d571-44ad-ab7e-5ce483e88420", element="1f5cd3ea-2b7b-4a63-a760-9cd38f1c392f")&gt;</var>
<status status="PASS" start="2025-10-13T15:57:07.750018" elapsed="0.011122"/>
</iter>
<var>${element}</var>
<value>@{elements}</value>
<status status="PASS" start="2025-10-13T15:57:07.668125" elapsed="0.093096"/>
</for>
<kw name="Lists Should Be Equal" owner="Collections">
<arg>${expectedList}</arg>
<arg>${actualList}</arg>
<doc>Fails if given lists are unequal.</doc>
<status status="PASS" start="2025-10-13T15:57:07.761416" elapsed="0.000317"/>
</kw>
<status status="PASS" start="2025-10-13T15:57:07.662204" elapsed="0.099604"/>
</kw>
<kw name="Select the product">
<kw name="Get WebElements" owner="SeleniumLibrary">
<msg time="2025-10-13T15:57:07.765063" level="INFO">${elements} = [&lt;selenium.webdriver.remote.webelement.WebElement (session="5aae1e98-d571-44ad-ab7e-5ce483e88420", element="9a250b9a-bf13-4ec0-b836-5ee55a0c0dd4")&gt;, &lt;selenium.webdriver.remote.webelement.WebElement (s...</msg>
<var>${elements}</var>
<arg>css:.inventory_item_name</arg>
<doc>Returns a list of WebElement objects matching the ``locator``.</doc>
<status status="PASS" start="2025-10-13T15:57:07.762233" elapsed="0.002878"/>
</kw>
<kw name="Set Variable" owner="BuiltIn">
<msg time="2025-10-13T15:57:07.765446" level="INFO">${index} = 1</msg>
<var>${index}</var>
<arg>1</arg>
<doc>Returns the given values which can then be assigned to a variables.</doc>
<status status="PASS" start="2025-10-13T15:57:07.765255" elapsed="0.000213"/>
</kw>
<for flavor="IN">
<iter>
<kw name="Exit For Loop If" owner="BuiltIn">
<arg>'${productName}' == '${element.text}'</arg>
<doc>Stops executing the enclosing FOR loop if the ``condition`` is true.</doc>
<status status="PASS" start="2025-10-13T15:57:07.765818" elapsed="0.004638"/>
</kw>
<kw name="Evaluate" owner="BuiltIn">
<msg time="2025-10-13T15:57:07.770940" level="INFO">${index} = 2</msg>
<var>${index}</var>
<arg>${index} + 1</arg>
<doc>Evaluates the given expression in Python and returns the result.</doc>
<status status="PASS" start="2025-10-13T15:57:07.770653" elapsed="0.000316"/>
</kw>
<var name="${element}">&lt;selenium.webdriver.remote.webelement.WebElement (session="5aae1e98-d571-44ad-ab7e-5ce483e88420", element="9a250b9a-bf13-4ec0-b836-5ee55a0c0dd4")&gt;</var>
<status status="PASS" start="2025-10-13T15:57:07.765708" elapsed="0.005307"/>
</iter>
<iter>
<kw name="Exit For Loop If" owner="BuiltIn">
<arg>'${productName}' == '${element.text}'</arg>
<doc>Stops executing the enclosing FOR loop if the ``condition`` is true.</doc>
<status status="PASS" start="2025-10-13T15:57:07.771201" elapsed="0.005110"/>
</kw>
<kw name="Evaluate" owner="BuiltIn">
<msg time="2025-10-13T15:57:07.776929" level="INFO">${index} = 3</msg>
<var>${index}</var>
<arg>${index} + 1</arg>
<doc>Evaluates the given expression in Python and returns the result.</doc>
<status status="PASS" start="2025-10-13T15:57:07.776571" elapsed="0.000393"/>
</kw>
<var name="${element}">&lt;selenium.webdriver.remote.webelement.WebElement (session="5aae1e98-d571-44ad-ab7e-5ce483e88420", element="bd669925-30ee-4e43-b780-3665ead7d48c")&gt;</var>
<status status="PASS" start="2025-10-13T15:57:07.771114" elapsed="0.005903"/>
</iter>
<iter>
<kw name="Exit For Loop If" owner="BuiltIn">
<arg>'${productName}' == '${element.text}'</arg>
<doc>Stops executing the enclosing FOR loop if the ``condition`` is true.</doc>
<status status="PASS" start="2025-10-13T15:57:07.777285" elapsed="0.005980"/>
</kw>
<kw name="Evaluate" owner="BuiltIn">
<msg time="2025-10-13T15:57:07.783771" level="INFO">${index} = 4</msg>
<var>${index}</var>
<arg>${index} + 1</arg>
<doc>Evaluates the given expression in Python and returns the result.</doc>
<status status="PASS" start="2025-10-13T15:57:07.783482" elapsed="0.000317"/>
</kw>
<var name="${element}">&lt;selenium.webdriver.remote.webelement.WebElement (session="5aae1e98-d571-44ad-ab7e-5ce483e88420", element="1114e288-30d2-44ee-9e7e-b07d04d268b6")&gt;</var>
<status status="PASS" start="2025-10-13T15:57:07.777154" elapsed="0.006692"/>
</iter>
<iter>
<kw name="Exit For Loop If" owner="BuiltIn">
<msg time="2025-10-13T15:57:07.789887" level="INFO">Exiting for loop altogether.</msg>
<arg>'${productName}' == '${element.text}'</arg>
<doc>Stops executing the enclosing FOR loop if the ``condition`` is true.</doc>
<status status="PASS" start="2025-10-13T15:57:07.784066" elapsed="0.005919"/>
</kw>
<kw name="Evaluate" owner="BuiltIn">
<var>${index}</var>
<arg>${index} + 1</arg>
<doc>Evaluates the given expression in Python and returns the result.</doc>
<status status="NOT RUN" start="2025-10-13T15:57:07.790205" elapsed="0.000094"/>
</kw>
<var name="${element}">&lt;selenium.webdriver.remote.webelement.WebElement (session="5aae1e98-d571-44ad-ab7e-5ce483e88420", element="dae9e951-104d-4b4c-8d78-5c6fcd273d9a")&gt;</var>
<status status="PASS" start="2025-10-13T15:57:07.783955" elapsed="0.006390"/>
</iter>
<var>${element}</var>
<value>@{elements}</value>
<status status="PASS" start="2025-10-13T15:57:07.765534" elapsed="0.024878"/>
</for>
<kw name="Click Button" owner="SeleniumLibrary">
<msg time="2025-10-13T15:57:07.790750" level="INFO">Clicking button 'xpath:(//*[@class='pricebar'])[4]/button'.</msg>
<arg>xpath:(//*[@class='pricebar'])[${index}]/button</arg>
<doc>Clicks the button identified by ``locator``.</doc>
<status status="PASS" start="2025-10-13T15:57:07.790516" elapsed="0.077559"/>
</kw>
<arg>Sauce Labs Fleece Jacket</arg>
<status status="PASS" start="2025-10-13T15:57:07.761968" elapsed="0.106246"/>
</kw>
<kw name="Close Browser Session" owner="Generic" type="TEARDOWN">
<kw name="Close Browser" owner="SeleniumLibrary">
<doc>Closes the current browser.</doc>
<status status="PASS" start="2025-10-13T15:57:07.868794" elapsed="2.604528"/>
</kw>
<status status="PASS" start="2025-10-13T15:57:07.868471" elapsed="2.604961"/>
</kw>
<status status="PASS" start="2025-10-13T15:57:01.162842" elapsed="9.310635"/>
</test>
<doc>To validate login form</doc>
<status status="PASS" start="2025-10-13T15:56:28.445290" elapsed="42.028599"/>
</suite>
<status status="PASS" start="2025-10-13T15:56:28.435317" elapsed="42.039017"/>
</suite>
<statistics>
<total>
<stat pass="4" fail="0" skip="0">All Tests</stat>
</total>
<tag>
</tag>
<suite>
<stat name="Tests" id="s1" pass="4" fail="0" skip="0">Tests</stat>
<stat name="testDemo2" id="s1-s1" pass="4" fail="0" skip="0">Tests.testDemo2</stat>
</suite>
</statistics>
<errors>
</errors>
</robot>
