<?xml version="1.0" encoding="UTF-8"?>
<robot generator="Robot 7.3.2 (Python 3.13.5 on win32)" generated="2025-10-11T14:24:06.274201" rpa="false" schemaversion="5">
<suite id="s1" name="Tests" source="D:\Projects\PythonProject_RobotFramework\tests">
<suite id="s1-s1" name="Parameterize" source="D:\Projects\PythonProject_RobotFramework\tests\Parameterize.robot">
<test id="s1-s1-t1" name="Invalid username" line="11">
<kw name="Open the browser with the mortgage payment url" type="SETUP">
<kw name="Create Webdriver" owner="SeleniumLibrary">
<msg time="2025-10-11T14:24:06.430041" level="INFO">Creating an instance of the Firefox WebDriver.</msg>
<arg>Firefox</arg>
<doc>Creates an instance of Selenium WebDriver.</doc>
<status status="PASS" start="2025-10-11T14:24:06.429797" elapsed="6.015343"/>
</kw>
<kw name="Go To" owner="SeleniumLibrary">
<msg time="2025-10-11T14:24:12.445668" level="INFO">Opening url 'https://rahulshettyacademy.com/loginpagePractise/'</msg>
<arg>https://rahulshettyacademy.com/loginpagePractise/</arg>
<doc>Navigates the current browser window to the provided ``url``.</doc>
<status status="PASS" start="2025-10-11T14:24:12.445409" elapsed="0.647555"/>
</kw>
<status status="PASS" start="2025-10-11T14:24:06.428979" elapsed="6.664186"/>
</kw>
<kw name="Validate Unsuccessful Login">
<kw name="Fill the login form">
<kw name="Input Text" owner="SeleniumLibrary">
<msg time="2025-10-11T14:24:13.095115" level="INFO">Typing text 'asasa' into text field 'username'.</msg>
<arg>username</arg>
<arg>${username}</arg>
<doc>Types the given ``text`` into the text field identified by ``locator``.</doc>
<status status="PASS" start="2025-10-11T14:24:13.094539" elapsed="0.110794"/>
</kw>
<kw name="Input Text" owner="SeleniumLibrary">
<msg time="2025-10-11T14:24:13.205995" level="INFO">Typing text 'learning' into text field 'password'.</msg>
<arg>password</arg>
<arg>${password}</arg>
<doc>Types the given ``text`` into the text field identified by ``locator``.</doc>
<status status="PASS" start="2025-10-11T14:24:13.205619" elapsed="0.033995"/>
</kw>
<kw name="Click Button" owner="SeleniumLibrary">
<msg time="2025-10-11T14:24:13.240170" level="INFO">Clicking button 'signInBtn'.</msg>
<arg>signInBtn</arg>
<doc>Clicks the button identified by ``locator``.</doc>
<status status="PASS" start="2025-10-11T14:24:13.239838" elapsed="0.235867"/>
</kw>
<arg>${username}</arg>
<arg>${password}</arg>
<status status="PASS" start="2025-10-11T14:24:13.093988" elapsed="0.381904"/>
</kw>
<kw name="wait until it checks and display error message">
<kw name="Wait Until Element Is Visible" owner="SeleniumLibrary">
<arg>${Error_Message_Login}</arg>
<doc>Waits until the element ``locator`` is visible.</doc>
<status status="PASS" start="2025-10-11T14:24:13.476518" elapsed="1.981855"/>
</kw>
<status status="PASS" start="2025-10-11T14:24:13.476117" elapsed="1.982572"/>
</kw>
<kw name="verify error message is correct">
<kw name="Element Text Should Be" owner="SeleniumLibrary">
<msg time="2025-10-11T14:24:15.459600" level="INFO">Verifying element 'css:.alert-danger' contains exact text 'Incorrect username/password.'.</msg>
<arg>${Error_Message_Login}</arg>
<arg>Incorrect username/password.</arg>
<doc>Verifies that element ``locator`` contains exact the text ``expected``.</doc>
<status status="PASS" start="2025-10-11T14:24:15.459261" elapsed="0.020322"/>
</kw>
<status status="PASS" start="2025-10-11T14:24:15.458900" elapsed="0.020930"/>
</kw>
<arg>asasa</arg>
<arg>learning</arg>
<status status="PASS" start="2025-10-11T14:24:13.093452" elapsed="2.387121"/>
</kw>
<kw name="Close Browser" owner="SeleniumLibrary" type="TEARDOWN">
<doc>Closes the current browser.</doc>
<status status="PASS" start="2025-10-11T14:24:15.481090" elapsed="3.262577"/>
</kw>
<status status="PASS" start="2025-10-11T14:24:06.428056" elapsed="12.315709"/>
</test>
<test id="s1-s1-t2" name="Invalid password" line="12">
<kw name="Open the browser with the mortgage payment url" type="SETUP">
<kw name="Create Webdriver" owner="SeleniumLibrary">
<msg time="2025-10-11T14:24:18.744725" level="INFO">Creating an instance of the Firefox WebDriver.</msg>
<arg>Firefox</arg>
<doc>Creates an instance of Selenium WebDriver.</doc>
<status status="PASS" start="2025-10-11T14:24:18.744608" elapsed="5.216446"/>
</kw>
<kw name="Go To" owner="SeleniumLibrary">
<msg time="2025-10-11T14:24:23.961536" level="INFO">Opening url 'https://rahulshettyacademy.com/loginpagePractise/'</msg>
<arg>https://rahulshettyacademy.com/loginpagePractise/</arg>
<doc>Navigates the current browser window to the provided ``url``.</doc>
<status status="PASS" start="2025-10-11T14:24:23.961289" elapsed="0.460690"/>
</kw>
<status status="PASS" start="2025-10-11T14:24:18.744395" elapsed="5.677739"/>
</kw>
<kw name="Validate Unsuccessful Login">
<kw name="Fill the login form">
<kw name="Input Text" owner="SeleniumLibrary">
<msg time="2025-10-11T14:24:24.423547" level="INFO">Typing text 'rahulshettyacademy' into text field 'username'.</msg>
<arg>username</arg>
<arg>${username}</arg>
<doc>Types the given ``text`` into the text field identified by ``locator``.</doc>
<status status="PASS" start="2025-10-11T14:24:24.423214" elapsed="0.122451"/>
</kw>
<kw name="Input Text" owner="SeleniumLibrary">
<msg time="2025-10-11T14:24:24.546349" level="INFO">Typing text '21321' into text field 'password'.</msg>
<arg>password</arg>
<arg>${password}</arg>
<doc>Types the given ``text`` into the text field identified by ``locator``.</doc>
<status status="PASS" start="2025-10-11T14:24:24.545901" elapsed="0.016381"/>
</kw>
<kw name="Click Button" owner="SeleniumLibrary">
<msg time="2025-10-11T14:24:24.562836" level="INFO">Clicking button 'signInBtn'.</msg>
<arg>signInBtn</arg>
<doc>Clicks the button identified by ``locator``.</doc>
<status status="PASS" start="2025-10-11T14:24:24.562501" elapsed="0.079082"/>
</kw>
<arg>${username}</arg>
<arg>${password}</arg>
<status status="PASS" start="2025-10-11T14:24:24.422722" elapsed="0.219037"/>
</kw>
<kw name="wait until it checks and display error message">
<kw name="Wait Until Element Is Visible" owner="SeleniumLibrary">
<arg>${Error_Message_Login}</arg>
<doc>Waits until the element ``locator`` is visible.</doc>
<status status="PASS" start="2025-10-11T14:24:24.643155" elapsed="2.142210"/>
</kw>
<status status="PASS" start="2025-10-11T14:24:24.641978" elapsed="2.143569"/>
</kw>
<kw name="verify error message is correct">
<kw name="Element Text Should Be" owner="SeleniumLibrary">
<msg time="2025-10-11T14:24:26.786499" level="INFO">Verifying element 'css:.alert-danger' contains exact text 'Incorrect username/password.'.</msg>
<arg>${Error_Message_Login}</arg>
<arg>Incorrect username/password.</arg>
<doc>Verifies that element ``locator`` contains exact the text ``expected``.</doc>
<status status="PASS" start="2025-10-11T14:24:26.786151" elapsed="0.013435"/>
</kw>
<status status="PASS" start="2025-10-11T14:24:26.785749" elapsed="0.014033"/>
</kw>
<arg>rahulshettyacademy</arg>
<arg>21321</arg>
<status status="PASS" start="2025-10-11T14:24:24.422342" elapsed="2.377512"/>
</kw>
<kw name="Close Browser" owner="SeleniumLibrary" type="TEARDOWN">
<doc>Closes the current browser.</doc>
<status status="PASS" start="2025-10-11T14:24:26.800259" elapsed="2.873967"/>
</kw>
<status status="PASS" start="2025-10-11T14:24:18.744110" elapsed="10.930253"/>
</test>
<test id="s1-s1-t3" name="Special characters" line="13">
<kw name="Open the browser with the mortgage payment url" type="SETUP">
<kw name="Create Webdriver" owner="SeleniumLibrary">
<msg time="2025-10-11T14:24:29.675390" level="INFO">Creating an instance of the Firefox WebDriver.</msg>
<arg>Firefox</arg>
<doc>Creates an instance of Selenium WebDriver.</doc>
<status status="PASS" start="2025-10-11T14:24:29.675285" elapsed="5.617610"/>
</kw>
<kw name="Go To" owner="SeleniumLibrary">
<msg time="2025-10-11T14:24:35.293318" level="INFO">Opening url 'https://rahulshettyacademy.com/loginpagePractise/'</msg>
<arg>https://rahulshettyacademy.com/loginpagePractise/</arg>
<doc>Navigates the current browser window to the provided ``url``.</doc>
<status status="PASS" start="2025-10-11T14:24:35.293108" elapsed="0.456294"/>
</kw>
<status status="PASS" start="2025-10-11T14:24:29.675090" elapsed="6.074729"/>
</kw>
<kw name="Validate Unsuccessful Login">
<kw name="Fill the login form">
<kw name="Input Text" owner="SeleniumLibrary">
<msg time="2025-10-11T14:24:35.751036" level="INFO">Typing text '%^*' into text field 'username'.</msg>
<arg>username</arg>
<arg>${username}</arg>
<doc>Types the given ``text`` into the text field identified by ``locator``.</doc>
<status status="PASS" start="2025-10-11T14:24:35.750756" elapsed="0.119669"/>
</kw>
<kw name="Input Text" owner="SeleniumLibrary">
<msg time="2025-10-11T14:24:35.871116" level="INFO">Typing text 'learning' into text field 'password'.</msg>
<arg>password</arg>
<arg>${password}</arg>
<doc>Types the given ``text`` into the text field identified by ``locator``.</doc>
<status status="PASS" start="2025-10-11T14:24:35.870678" elapsed="0.037096"/>
</kw>
<kw name="Click Button" owner="SeleniumLibrary">
<msg time="2025-10-11T14:24:35.908721" level="INFO">Clicking button 'signInBtn'.</msg>
<arg>signInBtn</arg>
<doc>Clicks the button identified by ``locator``.</doc>
<status status="PASS" start="2025-10-11T14:24:35.908156" elapsed="0.205553"/>
</kw>
<arg>${username}</arg>
<arg>${password}</arg>
<status status="PASS" start="2025-10-11T14:24:35.750449" elapsed="0.363380"/>
</kw>
<kw name="wait until it checks and display error message">
<kw name="Wait Until Element Is Visible" owner="SeleniumLibrary">
<arg>${Error_Message_Login}</arg>
<doc>Waits until the element ``locator`` is visible.</doc>
<status status="PASS" start="2025-10-11T14:24:36.114285" elapsed="1.906049"/>
</kw>
<status status="PASS" start="2025-10-11T14:24:36.113980" elapsed="1.906456"/>
</kw>
<kw name="verify error message is correct">
<kw name="Element Text Should Be" owner="SeleniumLibrary">
<msg time="2025-10-11T14:24:38.021308" level="INFO">Verifying element 'css:.alert-danger' contains exact text 'Incorrect username/password.'.</msg>
<arg>${Error_Message_Login}</arg>
<arg>Incorrect username/password.</arg>
<doc>Verifies that element ``locator`` contains exact the text ``expected``.</doc>
<status status="PASS" start="2025-10-11T14:24:38.021037" elapsed="0.009834"/>
</kw>
<status status="PASS" start="2025-10-11T14:24:38.020653" elapsed="0.010310"/>
</kw>
<arg>%^*</arg>
<arg>learning</arg>
<status status="PASS" start="2025-10-11T14:24:35.750056" elapsed="2.280941"/>
</kw>
<kw name="Close Browser" owner="SeleniumLibrary" type="TEARDOWN">
<doc>Closes the current browser.</doc>
<status status="PASS" start="2025-10-11T14:24:38.031148" elapsed="2.658982"/>
</kw>
<status status="PASS" start="2025-10-11T14:24:29.674852" elapsed="11.015410"/>
</test>
<doc>Login on Multiple username and password combination</doc>
<status status="PASS" start="2025-10-11T14:24:06.293653" elapsed="34.397145"/>
</suite>
<status status="PASS" start="2025-10-11T14:24:06.286192" elapsed="34.405155"/>
</suite>
<statistics>
<total>
<stat pass="3" fail="0" skip="0">All Tests</stat>
</total>
<tag>
</tag>
<suite>
<stat name="Tests" id="s1" pass="3" fail="0" skip="0">Tests</stat>
<stat name="Parameterize" id="s1-s1" pass="3" fail="0" skip="0">Tests.Parameterize</stat>
</suite>
</statistics>
<errors>
</errors>
</robot>
