<?xml version="1.0" encoding="UTF-8"?>
<robot generator="Rebot 7.3.2 (Python 3.13.5 on win32)" generated="2025-10-13T15:58:20.226237" rpa="false" schemaversion="5">
<suite id="s1" name="Tests" source="D:\Projects\PythonProject_RobotFramework\tests">
<suite id="s1-s1" name="Missilenious" source="D:\Projects\PythonProject_RobotFramework\tests\Missilenious.robot">
<test id="s1-s1-t1" name="Select the form and navigate to child window" line="8">
<kw name="Navigate to LoginPage Url">
<kw name="Create Webdriver" owner="SeleniumLibrary">
<msg time="2025-10-13T15:56:28.942954" level="INFO">Creating an instance of the Edge WebDriver.</msg>
<arg>Edge</arg>
<doc>Creates an instance of Selenium WebDriver.</doc>
<status status="PASS" start="2025-10-13T15:56:28.942691" elapsed="2.471242"/>
</kw>
<kw name="Go To" owner="SeleniumLibrary">
<msg time="2025-10-13T15:56:31.414665" level="INFO">Opening url 'https://rahulshettyacademy.com/loginpagePractise/'</msg>
<arg>${url_loginPage}</arg>
<doc>Navigates the current browser window to the provided ``url``.</doc>
<status status="PASS" start="2025-10-13T15:56:31.414293" elapsed="0.404081"/>
</kw>
<status status="PASS" start="2025-10-13T15:56:28.941803" elapsed="2.876762"/>
</kw>
<kw name="Fill the login details and select user option">
<kw name="Input Text" owner="SeleniumLibrary">
<msg time="2025-10-13T15:56:31.819766" level="INFO">Typing text 'rahulshettyacademy' into text field 'id:username'.</msg>
<arg>id:username</arg>
<arg>rahulshettyacademy</arg>
<doc>Types the given ``text`` into the text field identified by ``locator``.</doc>
<status status="PASS" start="2025-10-13T15:56:31.819308" elapsed="0.103376"/>
</kw>
<kw name="Input Password" owner="SeleniumLibrary">
<msg time="2025-10-13T15:56:31.923397" level="INFO">Typing password into text field 'id:password'.</msg>
<msg time="2025-10-13T15:56:31.949510" level="INFO">Temporally setting log level to: NONE</msg>
<arg>id:password</arg>
<arg>learning</arg>
<doc>Types the given password into the text field identified by ``locator``.</doc>
<status status="PASS" start="2025-10-13T15:56:31.922992" elapsed="0.074230"/>
</kw>
<kw name="Click Element" owner="SeleniumLibrary">
<msg time="2025-10-13T15:56:31.997660" level="INFO">Clicking element 'css:input[value='user']'.</msg>
<arg>css:input[value='user']</arg>
<doc>Click the element identified by ``locator``.</doc>
<status status="PASS" start="2025-10-13T15:56:31.997420" elapsed="0.057876"/>
</kw>
<kw name="Wait Until Element Is Visible" owner="SeleniumLibrary">
<arg>css:.modal-body</arg>
<doc>Waits until the element ``locator`` is visible.</doc>
<status status="PASS" start="2025-10-13T15:56:32.055456" elapsed="0.244192"/>
</kw>
<kw name="Click Button" owner="SeleniumLibrary">
<msg time="2025-10-13T15:56:32.300107" level="INFO">Clicking button 'id:okayBtn'.</msg>
<arg>id:okayBtn</arg>
<doc>Clicks the button identified by ``locator``.</doc>
<status status="PASS" start="2025-10-13T15:56:32.299838" elapsed="0.058300"/>
</kw>
<kw name="Click Button" owner="SeleniumLibrary">
<msg time="2025-10-13T15:56:32.358808" level="INFO">Clicking button 'id:okayBtn'.</msg>
<arg>id:okayBtn</arg>
<doc>Clicks the button identified by ``locator``.</doc>
<status status="PASS" start="2025-10-13T15:56:32.358377" elapsed="0.049012"/>
</kw>
<kw name="Wait Until Element Is Not Visible" owner="SeleniumLibrary">
<arg>css:.modal-body</arg>
<doc>Waits until the element ``locator`` is not visible.</doc>
<status status="PASS" start="2025-10-13T15:56:32.407541" elapsed="0.219624"/>
</kw>
<kw name="Select From List By Value" owner="SeleniumLibrary">
<msg time="2025-10-13T15:56:32.627819" level="INFO">Selecting options from selection list 'css:select.form-control' by value teach.</msg>
<arg>css:select.form-control</arg>
<arg>teach</arg>
<doc>Selects options from selection list ``locator`` by ``values``.</doc>
<status status="PASS" start="2025-10-13T15:56:32.627428" elapsed="0.047338"/>
</kw>
<kw name="Select Checkbox" owner="SeleniumLibrary">
<msg time="2025-10-13T15:56:32.675134" level="INFO">Selecting checkbox 'terms'.</msg>
<arg>terms</arg>
<doc>Selects the checkbox identified by ``locator``.</doc>
<status status="PASS" start="2025-10-13T15:56:32.674917" elapsed="0.051964"/>
</kw>
<kw name="Checkbox Should Be Selected" owner="SeleniumLibrary">
<msg time="2025-10-13T15:56:32.727574" level="INFO">Verifying checkbox 'terms' is selected.</msg>
<arg>terms</arg>
<doc>Verifies checkbox ``locator`` is selected/checked.</doc>
<status status="PASS" start="2025-10-13T15:56:32.727193" elapsed="0.011564"/>
</kw>
<status status="PASS" start="2025-10-13T15:56:31.818881" elapsed="0.919980"/>
</kw>
<status status="PASS" start="2025-10-13T15:56:28.941118" elapsed="3.797846"/>
</test>
<test id="s1-s1-t2" name="Validate Child Window Functionality" line="12">
<kw name="Select the link of child window">
<kw name="Click Element" owner="SeleniumLibrary">
<msg time="2025-10-13T15:56:32.742718" level="INFO">Clicking element 'xpath://a[contains(text(),'ResumeAssistance')]'.</msg>
<arg>xpath://a[contains(text(),'ResumeAssistance')]</arg>
<doc>Click the element identified by ``locator``.</doc>
<status status="PASS" start="2025-10-13T15:56:32.739706" elapsed="0.068815"/>
</kw>
<kw name="Sleep" owner="BuiltIn">
<msg time="2025-10-13T15:56:35.809241" level="INFO">Slept 3 seconds.</msg>
<arg>3</arg>
<doc>Pauses the test executed for the given time.</doc>
<status status="PASS" start="2025-10-13T15:56:32.808747" elapsed="3.000649"/>
</kw>
<status status="PASS" start="2025-10-13T15:56:32.739486" elapsed="3.070072"/>
</kw>
<kw name="Verify the user is switched to child window">
<kw name="Switch Window" owner="SeleniumLibrary">
<arg>NEW</arg>
<doc>Switches to browser window matching ``locator``.</doc>
<status status="PASS" start="2025-10-13T15:56:35.810198" elapsed="0.039636"/>
</kw>
<kw name="Element Text Should Be" owner="SeleniumLibrary">
<msg time="2025-10-13T15:56:35.850365" level="INFO">Verifying element 'css:h1' contains exact text 'DOCUMENTS REQUEST'.</msg>
<arg>css:h1</arg>
<arg>DOCUMENTS REQUEST</arg>
<doc>Verifies that element ``locator`` contains exact the text ``expected``.</doc>
<status status="PASS" start="2025-10-13T15:56:35.850062" elapsed="0.030879"/>
</kw>
<status status="PASS" start="2025-10-13T15:56:35.809802" elapsed="0.071302"/>
</kw>
<kw name="Grab the Email ID in the child window">
<kw name="Get Text" owner="SeleniumLibrary">
<msg time="2025-10-13T15:56:35.909103" level="INFO">${text} = Please email us at mentor@rahulshettyacademy.com with below template to receive response</msg>
<var>${text}</var>
<arg>css:.red</arg>
<doc>Returns the text value of the element identified by ``locator``.</doc>
<status status="PASS" start="2025-10-13T15:56:35.881805" elapsed="0.027365"/>
</kw>
<kw name="Split String" owner="String">
<msg time="2025-10-13T15:56:35.909897" level="INFO">@{words} = [ Please email us  |  mentor@rahulshettyacademy.com with below templ | e to receive response ]</msg>
<var>@{words}</var>
<arg>${text}</arg>
<arg>at</arg>
<doc>Splits the ``string`` using ``separator`` as a delimiter string.</doc>
<status status="PASS" start="2025-10-13T15:56:35.909518" elapsed="0.000414"/>
</kw>
<kw name="Get From List" owner="Collections">
<msg time="2025-10-13T15:56:35.910519" level="INFO">${text_split} =  mentor@rahulshettyacademy.com with below templ</msg>
<var>${text_split}</var>
<arg>${words}</arg>
<arg>1</arg>
<doc>Returns the value specified with an ``index`` from ``list``.</doc>
<status status="PASS" start="2025-10-13T15:56:35.910138" elapsed="0.000415"/>
</kw>
<kw name="Log" owner="BuiltIn">
<msg time="2025-10-13T15:56:35.910868" level="INFO"> mentor@rahulshettyacademy.com with below templ</msg>
<arg>${text_split}</arg>
<doc>Logs the given message with the given level.</doc>
<status status="PASS" start="2025-10-13T15:56:35.910693" elapsed="0.000218"/>
</kw>
<kw name="Split String" owner="String">
<msg time="2025-10-13T15:56:35.911188" level="INFO">@{words_2} = [ mentor@rahulshettyacademy.com | with | below | templ ]</msg>
<var>@{words_2}</var>
<arg>${text_split}</arg>
<doc>Splits the ``string`` using ``separator`` as a delimiter string.</doc>
<status status="PASS" start="2025-10-13T15:56:35.911011" elapsed="0.000362"/>
</kw>
<kw name="Get From List" owner="Collections">
<msg time="2025-10-13T15:56:35.911671" level="INFO">${email} = mentor@rahulshettyacademy.com</msg>
<var>${email}</var>
<arg>${words_2}</arg>
<arg>0</arg>
<doc>Returns the value specified with an ``index`` from ``list``.</doc>
<status status="PASS" start="2025-10-13T15:56:35.911494" elapsed="0.000204"/>
</kw>
<kw name="Set Global Variable" owner="BuiltIn">
<msg time="2025-10-13T15:56:35.912092" level="INFO">${email} = mentor@rahulshettyacademy.com</msg>
<arg>${email}</arg>
<doc>Makes a variable available globally in all tests and suites.</doc>
<status status="PASS" start="2025-10-13T15:56:35.911819" elapsed="0.000340"/>
</kw>
<status status="PASS" start="2025-10-13T15:56:35.881310" elapsed="0.030940"/>
</kw>
<kw name="Switch to parent window and enter the email">
<kw name="Switch Window" owner="SeleniumLibrary">
<arg>MAIN</arg>
<doc>Switches to browser window matching ``locator``.</doc>
<status status="PASS" start="2025-10-13T15:56:35.912756" elapsed="0.048459"/>
</kw>
<kw name="Title Should Be" owner="SeleniumLibrary">
<msg time="2025-10-13T15:56:35.997958" level="INFO">Page title is 'LoginPage Practise | Rahul Shetty Academy'.</msg>
<arg>LoginPage Practise | Rahul Shetty Academy</arg>
<doc>Verifies that the current page title equals ``title``.</doc>
<status status="PASS" start="2025-10-13T15:56:35.961531" elapsed="0.036628"/>
</kw>
<kw name="Input Text" owner="SeleniumLibrary">
<msg time="2025-10-13T15:56:35.998846" level="INFO">Typing text 'mentor@rahulshettyacademy.com' into text field 'id:username'.</msg>
<arg>id:username</arg>
<arg>${email}</arg>
<doc>Types the given ``text`` into the text field identified by ``locator``.</doc>
<status status="PASS" start="2025-10-13T15:56:35.998418" elapsed="0.386057"/>
</kw>
<status status="PASS" start="2025-10-13T15:56:35.912436" elapsed="0.472172"/>
</kw>
<status status="PASS" start="2025-10-13T15:56:32.739226" elapsed="3.645512"/>
</test>
<doc>Miscellaneous functionalities Validation</doc>
<status status="PASS" start="2025-10-13T15:56:28.399000" elapsed="7.444000"/>
</suite>
<suite id="s1-s2" name="Parameterize" source="D:\Projects\PythonProject_RobotFramework\tests\Parameterize.robot">
<test id="s1-s2-t1" name="Invalid username" line="11">
<kw name="Open the browser with the mortgage payment url" type="SETUP">
<kw name="Create Webdriver" owner="SeleniumLibrary">
<msg time="2025-10-13T15:56:28.929949" level="INFO">Creating an instance of the Firefox WebDriver.</msg>
<arg>Firefox</arg>
<doc>Creates an instance of Selenium WebDriver.</doc>
<status status="PASS" start="2025-10-13T15:56:28.929706" elapsed="8.739692"/>
</kw>
<kw name="Go To" owner="SeleniumLibrary">
<msg time="2025-10-13T15:56:37.669939" level="INFO">Opening url 'https://rahulshettyacademy.com/loginpagePractise/'</msg>
<arg>https://rahulshettyacademy.com/loginpagePractise/</arg>
<doc>Navigates the current browser window to the provided ``url``.</doc>
<status status="PASS" start="2025-10-13T15:56:37.669677" elapsed="1.196641"/>
</kw>
<status status="PASS" start="2025-10-13T15:56:28.928883" elapsed="9.937680"/>
</kw>
<kw name="Validate Unsuccessful Login">
<kw name="Fill the login form">
<kw name="Input Text" owner="SeleniumLibrary">
<msg time="2025-10-13T15:56:38.868329" level="INFO">Typing text 'asasa' into text field 'username'.</msg>
<arg>username</arg>
<arg>${username}</arg>
<doc>Types the given ``text`` into the text field identified by ``locator``.</doc>
<status status="PASS" start="2025-10-13T15:56:38.867844" elapsed="0.262086"/>
</kw>
<kw name="Input Text" owner="SeleniumLibrary">
<msg time="2025-10-13T15:56:39.130532" level="INFO">Typing text 'learning' into text field 'password'.</msg>
<arg>password</arg>
<arg>${password}</arg>
<doc>Types the given ``text`` into the text field identified by ``locator``.</doc>
<status status="PASS" start="2025-10-13T15:56:39.130171" elapsed="0.051431"/>
</kw>
<kw name="Click Button" owner="SeleniumLibrary">
<msg time="2025-10-13T15:56:39.182427" level="INFO">Clicking button 'signInBtn'.</msg>
<arg>signInBtn</arg>
<doc>Clicks the button identified by ``locator``.</doc>
<status status="PASS" start="2025-10-13T15:56:39.181900" elapsed="0.113652"/>
</kw>
<arg>${username}</arg>
<arg>${password}</arg>
<status status="PASS" start="2025-10-13T15:56:38.867291" elapsed="0.428437"/>
</kw>
<kw name="wait until it checks and display error message">
<kw name="Wait Until Element Is Visible" owner="SeleniumLibrary">
<arg>${Error_Message_Login}</arg>
<doc>Waits until the element ``locator`` is visible.</doc>
<status status="PASS" start="2025-10-13T15:56:39.296358" elapsed="2.036691"/>
</kw>
<status status="PASS" start="2025-10-13T15:56:39.295953" elapsed="2.037270"/>
</kw>
<kw name="verify error message is correct">
<kw name="Element Text Should Be" owner="SeleniumLibrary">
<msg time="2025-10-13T15:56:41.334082" level="INFO">Verifying element 'css:.alert-danger' contains exact text 'Incorrect username/password.'.</msg>
<arg>${Error_Message_Login}</arg>
<arg>Incorrect username/password.</arg>
<doc>Verifies that element ``locator`` contains exact the text ``expected``.</doc>
<status status="PASS" start="2025-10-13T15:56:41.333791" elapsed="0.015037"/>
</kw>
<status status="PASS" start="2025-10-13T15:56:41.333432" elapsed="0.015565"/>
</kw>
<arg>asasa</arg>
<arg>learning</arg>
<status status="PASS" start="2025-10-13T15:56:38.866824" elapsed="2.482241"/>
</kw>
<kw name="Close Browser" owner="SeleniumLibrary" type="TEARDOWN">
<doc>Closes the current browser.</doc>
<status status="PASS" start="2025-10-13T15:56:41.349336" elapsed="3.075576"/>
</kw>
<status status="PASS" start="2025-10-13T15:56:28.928053" elapsed="15.496990"/>
</test>
<test id="s1-s2-t2" name="Invalid password" line="12">
<kw name="Open the browser with the mortgage payment url" type="SETUP">
<kw name="Create Webdriver" owner="SeleniumLibrary">
<msg time="2025-10-13T15:56:44.426098" level="INFO">Creating an instance of the Firefox WebDriver.</msg>
<arg>Firefox</arg>
<doc>Creates an instance of Selenium WebDriver.</doc>
<status status="PASS" start="2025-10-13T15:56:44.425960" elapsed="5.750789"/>
</kw>
<kw name="Go To" owner="SeleniumLibrary">
<msg time="2025-10-13T15:56:50.177826" level="INFO">Opening url 'https://rahulshettyacademy.com/loginpagePractise/'</msg>
<arg>https://rahulshettyacademy.com/loginpagePractise/</arg>
<doc>Navigates the current browser window to the provided ``url``.</doc>
<status status="PASS" start="2025-10-13T15:56:50.176971" elapsed="0.499106"/>
</kw>
<status status="PASS" start="2025-10-13T15:56:44.425725" elapsed="6.250482"/>
</kw>
<kw name="Validate Unsuccessful Login">
<kw name="Fill the login form">
<kw name="Input Text" owner="SeleniumLibrary">
<msg time="2025-10-13T15:56:50.677285" level="INFO">Typing text 'rahulshettyacademy' into text field 'username'.</msg>
<arg>username</arg>
<arg>${username}</arg>
<doc>Types the given ``text`` into the text field identified by ``locator``.</doc>
<status status="PASS" start="2025-10-13T15:56:50.677051" elapsed="0.112973"/>
</kw>
<kw name="Input Text" owner="SeleniumLibrary">
<msg time="2025-10-13T15:56:50.790696" level="INFO">Typing text '21321' into text field 'password'.</msg>
<arg>password</arg>
<arg>${password}</arg>
<doc>Types the given ``text`` into the text field identified by ``locator``.</doc>
<status status="PASS" start="2025-10-13T15:56:50.790263" elapsed="0.019616"/>
</kw>
<kw name="Click Button" owner="SeleniumLibrary">
<msg time="2025-10-13T15:56:50.810475" level="INFO">Clicking button 'signInBtn'.</msg>
<arg>signInBtn</arg>
<doc>Clicks the button identified by ``locator``.</doc>
<status status="PASS" start="2025-10-13T15:56:50.810152" elapsed="0.082133"/>
</kw>
<arg>${username}</arg>
<arg>${password}</arg>
<status status="PASS" start="2025-10-13T15:56:50.676782" elapsed="0.215675"/>
</kw>
<kw name="wait until it checks and display error message">
<kw name="Wait Until Element Is Visible" owner="SeleniumLibrary">
<arg>${Error_Message_Login}</arg>
<doc>Waits until the element ``locator`` is visible.</doc>
<status status="PASS" start="2025-10-13T15:56:50.892997" elapsed="2.149808"/>
</kw>
<status status="PASS" start="2025-10-13T15:56:50.892659" elapsed="2.150292"/>
</kw>
<kw name="verify error message is correct">
<kw name="Element Text Should Be" owner="SeleniumLibrary">
<msg time="2025-10-13T15:56:53.043774" level="INFO">Verifying element 'css:.alert-danger' contains exact text 'Incorrect username/password.'.</msg>
<arg>${Error_Message_Login}</arg>
<arg>Incorrect username/password.</arg>
<doc>Verifies that element ``locator`` contains exact the text ``expected``.</doc>
<status status="PASS" start="2025-10-13T15:56:53.043498" elapsed="0.008407"/>
</kw>
<status status="PASS" start="2025-10-13T15:56:53.043133" elapsed="0.008930"/>
</kw>
<arg>rahulshettyacademy</arg>
<arg>21321</arg>
<status status="PASS" start="2025-10-13T15:56:50.676378" elapsed="2.375755"/>
</kw>
<kw name="Close Browser" owner="SeleniumLibrary" type="TEARDOWN">
<doc>Closes the current browser.</doc>
<status status="PASS" start="2025-10-13T15:56:53.052378" elapsed="2.715681"/>
</kw>
<status status="PASS" start="2025-10-13T15:56:44.425424" elapsed="11.342725"/>
</test>
<test id="s1-s2-t3" name="Special characters" line="13">
<kw name="Open the browser with the mortgage payment url" type="SETUP">
<kw name="Create Webdriver" owner="SeleniumLibrary">
<msg time="2025-10-13T15:56:55.769154" level="INFO">Creating an instance of the Firefox WebDriver.</msg>
<arg>Firefox</arg>
<doc>Creates an instance of Selenium WebDriver.</doc>
<status status="PASS" start="2025-10-13T15:56:55.769049" elapsed="5.422680"/>
</kw>
<kw name="Go To" owner="SeleniumLibrary">
<msg time="2025-10-13T15:57:01.192281" level="INFO">Opening url 'https://rahulshettyacademy.com/loginpagePractise/'</msg>
<arg>https://rahulshettyacademy.com/loginpagePractise/</arg>
<doc>Navigates the current browser window to the provided ``url``.</doc>
<status status="PASS" start="2025-10-13T15:57:01.192014" elapsed="0.505044"/>
</kw>
<status status="PASS" start="2025-10-13T15:56:55.768823" elapsed="5.928496"/>
</kw>
<kw name="Validate Unsuccessful Login">
<kw name="Fill the login form">
<kw name="Input Text" owner="SeleniumLibrary">
<msg time="2025-10-13T15:57:01.698516" level="INFO">Typing text '%^*' into text field 'username'.</msg>
<arg>username</arg>
<arg>${username}</arg>
<doc>Types the given ``text`` into the text field identified by ``locator``.</doc>
<status status="PASS" start="2025-10-13T15:57:01.698216" elapsed="0.090954"/>
</kw>
<kw name="Input Text" owner="SeleniumLibrary">
<msg time="2025-10-13T15:57:01.789794" level="INFO">Typing text 'learning' into text field 'password'.</msg>
<arg>password</arg>
<arg>${password}</arg>
<doc>Types the given ``text`` into the text field identified by ``locator``.</doc>
<status status="PASS" start="2025-10-13T15:57:01.789369" elapsed="0.030778"/>
</kw>
<kw name="Click Button" owner="SeleniumLibrary">
<msg time="2025-10-13T15:57:01.820748" level="INFO">Clicking button 'signInBtn'.</msg>
<arg>signInBtn</arg>
<doc>Clicks the button identified by ``locator``.</doc>
<status status="PASS" start="2025-10-13T15:57:01.820393" elapsed="0.092949"/>
</kw>
<arg>${username}</arg>
<arg>${password}</arg>
<status status="PASS" start="2025-10-13T15:57:01.697864" elapsed="0.215654"/>
</kw>
<kw name="wait until it checks and display error message">
<kw name="Wait Until Element Is Visible" owner="SeleniumLibrary">
<arg>${Error_Message_Login}</arg>
<doc>Waits until the element ``locator`` is visible.</doc>
<status status="PASS" start="2025-10-13T15:57:01.914083" elapsed="2.110706"/>
</kw>
<status status="PASS" start="2025-10-13T15:57:01.913724" elapsed="2.111220"/>
</kw>
<kw name="verify error message is correct">
<kw name="Element Text Should Be" owner="SeleniumLibrary">
<msg time="2025-10-13T15:57:04.026393" level="INFO">Verifying element 'css:.alert-danger' contains exact text 'Incorrect username/password.'.</msg>
<arg>${Error_Message_Login}</arg>
<arg>Incorrect username/password.</arg>
<doc>Verifies that element ``locator`` contains exact the text ``expected``.</doc>
<status status="PASS" start="2025-10-13T15:57:04.025898" elapsed="0.007426"/>
</kw>
<status status="PASS" start="2025-10-13T15:57:04.025146" elapsed="0.008299"/>
</kw>
<arg>%^*</arg>
<arg>learning</arg>
<status status="PASS" start="2025-10-13T15:57:01.697494" elapsed="2.335993"/>
</kw>
<kw name="Close Browser" owner="SeleniumLibrary" type="TEARDOWN">
<doc>Closes the current browser.</doc>
<status status="PASS" start="2025-10-13T15:57:04.033694" elapsed="2.616229"/>
</kw>
<status status="PASS" start="2025-10-13T15:56:55.768587" elapsed="10.881502"/>
</test>
<doc>Login on Multiple username and password combination</doc>
<status status="PASS" start="2025-10-13T15:56:28.427697" elapsed="38.222965"/>
</suite>
<suite id="s1-s3" name="Parameterize CSV" source="D:\Projects\PythonProject_RobotFramework\tests\Parameterize_CSV.robot">
<test id="s1-s3-t1" name="Invalid username" line="13">
<kw name="Open the browser with the mortgage payment url" type="SETUP">
<kw name="Create Webdriver" owner="SeleniumLibrary">
<msg time="2025-10-13T15:56:28.970990" level="INFO">Creating an instance of the Firefox WebDriver.</msg>
<arg>Firefox</arg>
<doc>Creates an instance of Selenium WebDriver.</doc>
<status status="PASS" start="2025-10-13T15:56:28.970836" elapsed="9.545059"/>
</kw>
<kw name="Go To" owner="SeleniumLibrary">
<msg time="2025-10-13T15:56:38.516505" level="INFO">Opening url 'https://rahulshettyacademy.com/loginpagePractise/'</msg>
<arg>https://rahulshettyacademy.com/loginpagePractise/</arg>
<doc>Navigates the current browser window to the provided ``url``.</doc>
<status status="PASS" start="2025-10-13T15:56:38.516209" elapsed="0.756106"/>
</kw>
<status status="PASS" start="2025-10-13T15:56:28.970267" elapsed="10.302389"/>
</kw>
<kw name="Validate Unsuccessful Login">
<kw name="Fill the login form">
<kw name="Input Text" owner="SeleniumLibrary">
<msg time="2025-10-13T15:56:39.274913" level="INFO">Typing text 'asasa' into text field 'username'.</msg>
<arg>username</arg>
<arg>${username}</arg>
<doc>Types the given ``text`` into the text field identified by ``locator``.</doc>
<status status="PASS" start="2025-10-13T15:56:39.274301" elapsed="0.139860"/>
</kw>
<kw name="Input Text" owner="SeleniumLibrary">
<msg time="2025-10-13T15:56:39.414725" level="INFO">Typing text 'learning' into text field 'password'.</msg>
<arg>password</arg>
<arg>${password}</arg>
<doc>Types the given ``text`` into the text field identified by ``locator``.</doc>
<status status="PASS" start="2025-10-13T15:56:39.414374" elapsed="0.131386"/>
</kw>
<kw name="Click Button" owner="SeleniumLibrary">
<msg time="2025-10-13T15:56:39.546470" level="INFO">Clicking button 'signInBtn'.</msg>
<arg>signInBtn</arg>
<doc>Clicks the button identified by ``locator``.</doc>
<status status="PASS" start="2025-10-13T15:56:39.546034" elapsed="0.097609"/>
</kw>
<arg>${username}</arg>
<arg>${password}</arg>
<status status="PASS" start="2025-10-13T15:56:39.273812" elapsed="0.370008"/>
</kw>
<kw name="wait until it checks and display error message">
<kw name="Wait Until Element Is Visible" owner="SeleniumLibrary">
<arg>${Error_Message_Login}</arg>
<doc>Waits until the element ``locator`` is visible.</doc>
<status status="PASS" start="2025-10-13T15:56:39.644410" elapsed="2.069484"/>
</kw>
<status status="PASS" start="2025-10-13T15:56:39.644025" elapsed="2.070111"/>
</kw>
<kw name="verify error message is correct">
<kw name="Get Text" owner="SeleniumLibrary">
<msg time="2025-10-13T15:56:41.726117" level="INFO">${error_text} = Incorrect username/password.</msg>
<var>${error_text}</var>
<arg>${Error_Message_Login}</arg>
<doc>Returns the text value of the element identified by ``locator``.</doc>
<status status="PASS" start="2025-10-13T15:56:41.714805" elapsed="0.011374"/>
</kw>
<kw name="Should Match Regexp" owner="BuiltIn">
<arg>${error_text}</arg>
<arg>.*username/password.*</arg>
<doc>Fails if ``string`` does not match ``pattern`` as a regular expression.</doc>
<status status="PASS" start="2025-10-13T15:56:41.726372" elapsed="0.000402"/>
</kw>
<status status="PASS" start="2025-10-13T15:56:41.714358" elapsed="0.012521"/>
</kw>
<arg>username=asasa</arg>
<arg>password=learning</arg>
<status status="PASS" start="2025-10-13T15:56:39.273140" elapsed="2.453808"/>
</kw>
<kw name="Close Browser" owner="SeleniumLibrary" type="TEARDOWN">
<doc>Closes the current browser.</doc>
<status status="PASS" start="2025-10-13T15:56:41.727181" elapsed="3.039106"/>
</kw>
<status status="PASS" start="2025-10-13T15:56:28.969408" elapsed="15.796967"/>
</test>
<test id="s1-s3-t2" name="Invalid password" line="13">
<kw name="Open the browser with the mortgage payment url" type="SETUP">
<kw name="Create Webdriver" owner="SeleniumLibrary">
<msg time="2025-10-13T15:56:44.767543" level="INFO">Creating an instance of the Firefox WebDriver.</msg>
<arg>Firefox</arg>
<doc>Creates an instance of Selenium WebDriver.</doc>
<status status="PASS" start="2025-10-13T15:56:44.767438" elapsed="6.233798"/>
</kw>
<kw name="Go To" owner="SeleniumLibrary">
<msg time="2025-10-13T15:56:51.002122" level="INFO">Opening url 'https://rahulshettyacademy.com/loginpagePractise/'</msg>
<arg>https://rahulshettyacademy.com/loginpagePractise/</arg>
<doc>Navigates the current browser window to the provided ``url``.</doc>
<status status="PASS" start="2025-10-13T15:56:51.001810" elapsed="0.400470"/>
</kw>
<status status="PASS" start="2025-10-13T15:56:44.767240" elapsed="6.635206"/>
</kw>
<kw name="Validate Unsuccessful Login">
<kw name="Fill the login form">
<kw name="Input Text" owner="SeleniumLibrary">
<msg time="2025-10-13T15:56:51.404140" level="INFO">Typing text 'rahulshettyacademy' into text field 'username'.</msg>
<arg>username</arg>
<arg>${username}</arg>
<doc>Types the given ``text`` into the text field identified by ``locator``.</doc>
<status status="PASS" start="2025-10-13T15:56:51.403773" elapsed="0.238457"/>
</kw>
<kw name="Input Text" owner="SeleniumLibrary">
<msg time="2025-10-13T15:56:51.643092" level="INFO">Typing text '23131eeqw' into text field 'password'.</msg>
<arg>password</arg>
<arg>${password}</arg>
<doc>Types the given ``text`` into the text field identified by ``locator``.</doc>
<status status="PASS" start="2025-10-13T15:56:51.642569" elapsed="0.063923"/>
</kw>
<kw name="Click Button" owner="SeleniumLibrary">
<msg time="2025-10-13T15:56:51.707348" level="INFO">Clicking button 'signInBtn'.</msg>
<arg>signInBtn</arg>
<doc>Clicks the button identified by ``locator``.</doc>
<status status="PASS" start="2025-10-13T15:56:51.706840" elapsed="0.114028"/>
</kw>
<arg>${username}</arg>
<arg>${password}</arg>
<status status="PASS" start="2025-10-13T15:56:51.403254" elapsed="0.417780"/>
</kw>
<kw name="wait until it checks and display error message">
<kw name="Wait Until Element Is Visible" owner="SeleniumLibrary">
<arg>${Error_Message_Login}</arg>
<doc>Waits until the element ``locator`` is visible.</doc>
<status status="PASS" start="2025-10-13T15:56:51.821637" elapsed="1.918765"/>
</kw>
<status status="PASS" start="2025-10-13T15:56:51.821240" elapsed="1.919272"/>
</kw>
<kw name="verify error message is correct">
<kw name="Get Text" owner="SeleniumLibrary">
<msg time="2025-10-13T15:56:53.747612" level="INFO">${error_text} = Incorrect username/password.</msg>
<var>${error_text}</var>
<arg>${Error_Message_Login}</arg>
<doc>Returns the text value of the element identified by ``locator``.</doc>
<status status="PASS" start="2025-10-13T15:56:53.740897" elapsed="0.006790"/>
</kw>
<kw name="Should Match Regexp" owner="BuiltIn">
<arg>${error_text}</arg>
<arg>.*username/password.*</arg>
<doc>Fails if ``string`` does not match ``pattern`` as a regular expression.</doc>
<status status="PASS" start="2025-10-13T15:56:53.747977" elapsed="0.000398"/>
</kw>
<status status="PASS" start="2025-10-13T15:56:53.740649" elapsed="0.007874"/>
</kw>
<arg>username=rahulshettyacademy</arg>
<arg>password=23131eeqw</arg>
<status status="PASS" start="2025-10-13T15:56:51.402703" elapsed="2.346084"/>
</kw>
<kw name="Close Browser" owner="SeleniumLibrary" type="TEARDOWN">
<doc>Closes the current browser.</doc>
<status status="PASS" start="2025-10-13T15:56:53.749049" elapsed="2.593825"/>
</kw>
<status status="PASS" start="2025-10-13T15:56:44.766654" elapsed="11.576332"/>
</test>
<test id="s1-s3-t3" name="special characters" line="13">
<kw name="Open the browser with the mortgage payment url" type="SETUP">
<kw name="Create Webdriver" owner="SeleniumLibrary">
<msg time="2025-10-13T15:56:56.344563" level="INFO">Creating an instance of the Firefox WebDriver.</msg>
<arg>Firefox</arg>
<doc>Creates an instance of Selenium WebDriver.</doc>
<status status="PASS" start="2025-10-13T15:56:56.344448" elapsed="5.621396"/>
</kw>
<kw name="Go To" owner="SeleniumLibrary">
<msg time="2025-10-13T15:57:01.966349" level="INFO">Opening url 'https://rahulshettyacademy.com/loginpagePractise/'</msg>
<arg>https://rahulshettyacademy.com/loginpagePractise/</arg>
<doc>Navigates the current browser window to the provided ``url``.</doc>
<status status="PASS" start="2025-10-13T15:57:01.966120" elapsed="0.482815"/>
</kw>
<status status="PASS" start="2025-10-13T15:56:56.344163" elapsed="6.104924"/>
</kw>
<kw name="Validate Unsuccessful Login">
<kw name="Fill the login form">
<kw name="Input Text" owner="SeleniumLibrary">
<msg time="2025-10-13T15:57:02.450528" level="INFO">Typing text '^()!' into text field 'username'.</msg>
<arg>username</arg>
<arg>${username}</arg>
<doc>Types the given ``text`` into the text field identified by ``locator``.</doc>
<status status="PASS" start="2025-10-13T15:57:02.450261" elapsed="0.099960"/>
</kw>
<kw name="Input Text" owner="SeleniumLibrary">
<msg time="2025-10-13T15:57:02.550950" level="INFO">Typing text 'learning' into text field 'password'.</msg>
<arg>password</arg>
<arg>${password}</arg>
<doc>Types the given ``text`` into the text field identified by ``locator``.</doc>
<status status="PASS" start="2025-10-13T15:57:02.550518" elapsed="0.026316"/>
</kw>
<kw name="Click Button" owner="SeleniumLibrary">
<msg time="2025-10-13T15:57:02.577624" level="INFO">Clicking button 'signInBtn'.</msg>
<arg>signInBtn</arg>
<doc>Clicks the button identified by ``locator``.</doc>
<status status="PASS" start="2025-10-13T15:57:02.577181" elapsed="0.073113"/>
</kw>
<arg>${username}</arg>
<arg>${password}</arg>
<status status="PASS" start="2025-10-13T15:57:02.449816" elapsed="0.200606"/>
</kw>
<kw name="wait until it checks and display error message">
<kw name="Wait Until Element Is Visible" owner="SeleniumLibrary">
<arg>${Error_Message_Login}</arg>
<doc>Waits until the element ``locator`` is visible.</doc>
<status status="PASS" start="2025-10-13T15:57:02.650982" elapsed="2.118855"/>
</kw>
<status status="PASS" start="2025-10-13T15:57:02.650607" elapsed="2.119361"/>
</kw>
<kw name="verify error message is correct">
<kw name="Get Text" owner="SeleniumLibrary">
<msg time="2025-10-13T15:57:04.779515" level="INFO">${error_text} = Incorrect username/password.</msg>
<var>${error_text}</var>
<arg>${Error_Message_Login}</arg>
<doc>Returns the text value of the element identified by ``locator``.</doc>
<status status="PASS" start="2025-10-13T15:57:04.770494" elapsed="0.009070"/>
</kw>
<kw name="Should Match Regexp" owner="BuiltIn">
<arg>${error_text}</arg>
<arg>.*username/password.*</arg>
<doc>Fails if ``string`` does not match ``pattern`` as a regular expression.</doc>
<status status="PASS" start="2025-10-13T15:57:04.779731" elapsed="0.000237"/>
</kw>
<status status="PASS" start="2025-10-13T15:57:04.770136" elapsed="0.009895"/>
</kw>
<arg>username=^()!</arg>
<arg>password=learning</arg>
<status status="PASS" start="2025-10-13T15:57:02.449302" elapsed="2.330770"/>
</kw>
<kw name="Close Browser" owner="SeleniumLibrary" type="TEARDOWN">
<doc>Closes the current browser.</doc>
<status status="PASS" start="2025-10-13T15:57:04.780190" elapsed="2.728010"/>
</kw>
<status status="PASS" start="2025-10-13T15:56:56.343474" elapsed="11.164816"/>
</test>
<test id="s1-s3-t4" name="Both wrong" line="13">
<kw name="Open the browser with the mortgage payment url" type="SETUP">
<kw name="Create Webdriver" owner="SeleniumLibrary">
<msg time="2025-10-13T15:57:07.509369" level="INFO">Creating an instance of the Firefox WebDriver.</msg>
<arg>Firefox</arg>
<doc>Creates an instance of Selenium WebDriver.</doc>
<status status="PASS" start="2025-10-13T15:57:07.509261" elapsed="4.961431"/>
</kw>
<kw name="Go To" owner="SeleniumLibrary">
<msg time="2025-10-13T15:57:12.471377" level="INFO">Opening url 'https://rahulshettyacademy.com/loginpagePractise/'</msg>
<arg>https://rahulshettyacademy.com/loginpagePractise/</arg>
<doc>Navigates the current browser window to the provided ``url``.</doc>
<status status="PASS" start="2025-10-13T15:57:12.471158" elapsed="0.350161"/>
</kw>
<status status="PASS" start="2025-10-13T15:57:07.509053" elapsed="5.312384"/>
</kw>
<kw name="Validate Unsuccessful Login">
<kw name="Fill the login form">
<kw name="Input Text" owner="SeleniumLibrary">
<msg time="2025-10-13T15:57:12.822581" level="INFO">Typing text 'wronguser' into text field 'username'.</msg>
<arg>username</arg>
<arg>${username}</arg>
<doc>Types the given ``text`` into the text field identified by ``locator``.</doc>
<status status="PASS" start="2025-10-13T15:57:12.822345" elapsed="0.074909"/>
</kw>
<kw name="Input Text" owner="SeleniumLibrary">
<msg time="2025-10-13T15:57:12.897773" level="INFO">Typing text 'wrongpass' into text field 'password'.</msg>
<arg>password</arg>
<arg>${password}</arg>
<doc>Types the given ``text`` into the text field identified by ``locator``.</doc>
<status status="PASS" start="2025-10-13T15:57:12.897460" elapsed="0.018560"/>
</kw>
<kw name="Click Button" owner="SeleniumLibrary">
<msg time="2025-10-13T15:57:12.916421" level="INFO">Clicking button 'signInBtn'.</msg>
<arg>signInBtn</arg>
<doc>Clicks the button identified by ``locator``.</doc>
<status status="PASS" start="2025-10-13T15:57:12.916193" elapsed="0.074015"/>
</kw>
<arg>${username}</arg>
<arg>${password}</arg>
<status status="PASS" start="2025-10-13T15:57:12.822044" elapsed="0.168352"/>
</kw>
<kw name="wait until it checks and display error message">
<kw name="Wait Until Element Is Visible" owner="SeleniumLibrary">
<arg>${Error_Message_Login}</arg>
<doc>Waits until the element ``locator`` is visible.</doc>
<status status="PASS" start="2025-10-13T15:57:12.991014" elapsed="2.113084"/>
</kw>
<status status="PASS" start="2025-10-13T15:57:12.990632" elapsed="2.113711"/>
</kw>
<kw name="verify error message is correct">
<kw name="Get Text" owner="SeleniumLibrary">
<msg time="2025-10-13T15:57:15.113767" level="INFO">${error_text} = Incorrect username/password.</msg>
<var>${error_text}</var>
<arg>${Error_Message_Login}</arg>
<doc>Returns the text value of the element identified by ``locator``.</doc>
<status status="PASS" start="2025-10-13T15:57:15.105310" elapsed="0.008518"/>
</kw>
<kw name="Should Match Regexp" owner="BuiltIn">
<arg>${error_text}</arg>
<arg>.*username/password.*</arg>
<doc>Fails if ``string`` does not match ``pattern`` as a regular expression.</doc>
<status status="PASS" start="2025-10-13T15:57:15.114035" elapsed="0.000357"/>
</kw>
<status status="PASS" start="2025-10-13T15:57:15.104600" elapsed="0.009888"/>
</kw>
<arg>username=wronguser</arg>
<arg>password=wrongpass</arg>
<status status="PASS" start="2025-10-13T15:57:12.821612" elapsed="2.292939"/>
</kw>
<kw name="Close Browser" owner="SeleniumLibrary" type="TEARDOWN">
<doc>Closes the current browser.</doc>
<status status="PASS" start="2025-10-13T15:57:15.114748" elapsed="2.594881"/>
</kw>
<status status="PASS" start="2025-10-13T15:57:07.508509" elapsed="10.201207"/>
</test>
<test id="s1-s3-t5" name="password empty" line="13">
<kw name="Open the browser with the mortgage payment url" type="SETUP">
<kw name="Create Webdriver" owner="SeleniumLibrary">
<msg time="2025-10-13T15:57:17.710791" level="INFO">Creating an instance of the Firefox WebDriver.</msg>
<arg>Firefox</arg>
<doc>Creates an instance of Selenium WebDriver.</doc>
<status status="PASS" start="2025-10-13T15:57:17.710684" elapsed="4.914381"/>
</kw>
<kw name="Go To" owner="SeleniumLibrary">
<msg time="2025-10-13T15:57:22.625513" level="INFO">Opening url 'https://rahulshettyacademy.com/loginpagePractise/'</msg>
<arg>https://rahulshettyacademy.com/loginpagePractise/</arg>
<doc>Navigates the current browser window to the provided ``url``.</doc>
<status status="PASS" start="2025-10-13T15:57:22.625299" elapsed="0.338979"/>
</kw>
<status status="PASS" start="2025-10-13T15:57:17.710476" elapsed="5.253932"/>
</kw>
<kw name="Validate Unsuccessful Login">
<kw name="Fill the login form">
<kw name="Input Text" owner="SeleniumLibrary">
<msg time="2025-10-13T15:57:22.965737" level="INFO">Typing text 'rahulshettyacademy' into text field 'username'.</msg>
<arg>username</arg>
<arg>${username}</arg>
<doc>Types the given ``text`` into the text field identified by ``locator``.</doc>
<status status="PASS" start="2025-10-13T15:57:22.965438" elapsed="0.076677"/>
</kw>
<kw name="Input Text" owner="SeleniumLibrary">
<msg time="2025-10-13T15:57:23.042610" level="INFO">Typing text '' into text field 'password'.</msg>
<arg>password</arg>
<arg>${password}</arg>
<doc>Types the given ``text`` into the text field identified by ``locator``.</doc>
<status status="PASS" start="2025-10-13T15:57:23.042310" elapsed="0.013046"/>
</kw>
<kw name="Click Button" owner="SeleniumLibrary">
<msg time="2025-10-13T15:57:23.055834" level="INFO">Clicking button 'signInBtn'.</msg>
<arg>signInBtn</arg>
<doc>Clicks the button identified by ``locator``.</doc>
<status status="PASS" start="2025-10-13T15:57:23.055542" elapsed="0.067800"/>
</kw>
<arg>${username}</arg>
<arg>${password}</arg>
<status status="PASS" start="2025-10-13T15:57:22.965092" elapsed="0.158401"/>
</kw>
<kw name="wait until it checks and display error message">
<kw name="Wait Until Element Is Visible" owner="SeleniumLibrary">
<arg>${Error_Message_Login}</arg>
<doc>Waits until the element ``locator`` is visible.</doc>
<status status="PASS" start="2025-10-13T15:57:23.124072" elapsed="0.009733"/>
</kw>
<status status="PASS" start="2025-10-13T15:57:23.123680" elapsed="0.010241"/>
</kw>
<kw name="verify error message is correct">
<kw name="Get Text" owner="SeleniumLibrary">
<msg time="2025-10-13T15:57:23.141861" level="INFO">${error_text} = Empty username/password.</msg>
<var>${error_text}</var>
<arg>${Error_Message_Login}</arg>
<doc>Returns the text value of the element identified by ``locator``.</doc>
<status status="PASS" start="2025-10-13T15:57:23.134384" elapsed="0.007530"/>
</kw>
<kw name="Should Match Regexp" owner="BuiltIn">
<arg>${error_text}</arg>
<arg>.*username/password.*</arg>
<doc>Fails if ``string`` does not match ``pattern`` as a regular expression.</doc>
<status status="PASS" start="2025-10-13T15:57:23.142071" elapsed="0.000241"/>
</kw>
<status status="PASS" start="2025-10-13T15:57:23.134070" elapsed="0.008310"/>
</kw>
<arg>username=rahulshettyacademy</arg>
<arg>password=</arg>
<status status="PASS" start="2025-10-13T15:57:22.964687" elapsed="0.177738"/>
</kw>
<kw name="Close Browser" owner="SeleniumLibrary" type="TEARDOWN">
<doc>Closes the current browser.</doc>
<status status="PASS" start="2025-10-13T15:57:23.142558" elapsed="2.691192"/>
</kw>
<status status="PASS" start="2025-10-13T15:57:17.709931" elapsed="8.123903"/>
</test>
<test id="s1-s3-t6" name="username empty" line="13">
<kw name="Open the browser with the mortgage payment url" type="SETUP">
<kw name="Create Webdriver" owner="SeleniumLibrary">
<msg time="2025-10-13T15:57:25.834908" level="INFO">Creating an instance of the Firefox WebDriver.</msg>
<arg>Firefox</arg>
<doc>Creates an instance of Selenium WebDriver.</doc>
<status status="PASS" start="2025-10-13T15:57:25.834782" elapsed="4.901544"/>
</kw>
<kw name="Go To" owner="SeleniumLibrary">
<msg time="2025-10-13T15:57:30.736766" level="INFO">Opening url 'https://rahulshettyacademy.com/loginpagePractise/'</msg>
<arg>https://rahulshettyacademy.com/loginpagePractise/</arg>
<doc>Navigates the current browser window to the provided ``url``.</doc>
<status status="PASS" start="2025-10-13T15:57:30.736541" elapsed="0.284458"/>
</kw>
<status status="PASS" start="2025-10-13T15:57:25.834585" elapsed="5.186569"/>
</kw>
<kw name="Validate Unsuccessful Login">
<kw name="Fill the login form">
<kw name="Input Text" owner="SeleniumLibrary">
<msg time="2025-10-13T15:57:31.023461" level="INFO">Typing text '' into text field 'username'.</msg>
<arg>username</arg>
<arg>${username}</arg>
<doc>Types the given ``text`` into the text field identified by ``locator``.</doc>
<status status="PASS" start="2025-10-13T15:57:31.022550" elapsed="0.046025"/>
</kw>
<kw name="Input Text" owner="SeleniumLibrary">
<msg time="2025-10-13T15:57:31.069398" level="INFO">Typing text 'learning' into text field 'password'.</msg>
<arg>password</arg>
<arg>${password}</arg>
<doc>Types the given ``text`` into the text field identified by ``locator``.</doc>
<status status="PASS" start="2025-10-13T15:57:31.068915" elapsed="0.046112"/>
</kw>
<kw name="Click Button" owner="SeleniumLibrary">
<msg time="2025-10-13T15:57:31.115450" level="INFO">Clicking button 'signInBtn'.</msg>
<arg>signInBtn</arg>
<doc>Clicks the button identified by ``locator``.</doc>
<status status="PASS" start="2025-10-13T15:57:31.115208" elapsed="0.081724"/>
</kw>
<arg>${username}</arg>
<arg>${password}</arg>
<status status="PASS" start="2025-10-13T15:57:31.021952" elapsed="0.175127"/>
</kw>
<kw name="wait until it checks and display error message">
<kw name="Wait Until Element Is Visible" owner="SeleniumLibrary">
<arg>${Error_Message_Login}</arg>
<doc>Waits until the element ``locator`` is visible.</doc>
<status status="PASS" start="2025-10-13T15:57:31.197703" elapsed="0.011569"/>
</kw>
<status status="PASS" start="2025-10-13T15:57:31.197293" elapsed="0.012169"/>
</kw>
<kw name="verify error message is correct">
<kw name="Get Text" owner="SeleniumLibrary">
<msg time="2025-10-13T15:57:31.216045" level="INFO">${error_text} = Empty username/password.</msg>
<var>${error_text}</var>
<arg>${Error_Message_Login}</arg>
<doc>Returns the text value of the element identified by ``locator``.</doc>
<status status="PASS" start="2025-10-13T15:57:31.209970" elapsed="0.006111"/>
</kw>
<kw name="Should Match Regexp" owner="BuiltIn">
<arg>${error_text}</arg>
<arg>.*username/password.*</arg>
<doc>Fails if ``string`` does not match ``pattern`` as a regular expression.</doc>
<status status="PASS" start="2025-10-13T15:57:31.216216" elapsed="0.000216"/>
</kw>
<status status="PASS" start="2025-10-13T15:57:31.209640" elapsed="0.006845"/>
</kw>
<arg>username=</arg>
<arg>password=learning</arg>
<status status="PASS" start="2025-10-13T15:57:31.021375" elapsed="0.195142"/>
</kw>
<kw name="Close Browser" owner="SeleniumLibrary" type="TEARDOWN">
<doc>Closes the current browser.</doc>
<status status="PASS" start="2025-10-13T15:57:31.216626" elapsed="2.701287"/>
</kw>
<status status="PASS" start="2025-10-13T15:57:25.834043" elapsed="8.083952"/>
</test>
<test id="s1-s3-t7" name="both empty" line="13">
<kw name="Open the browser with the mortgage payment url" type="SETUP">
<kw name="Create Webdriver" owner="SeleniumLibrary">
<msg time="2025-10-13T15:57:33.919048" level="INFO">Creating an instance of the Firefox WebDriver.</msg>
<arg>Firefox</arg>
<doc>Creates an instance of Selenium WebDriver.</doc>
<status status="PASS" start="2025-10-13T15:57:33.918945" elapsed="4.767407"/>
</kw>
<kw name="Go To" owner="SeleniumLibrary">
<msg time="2025-10-13T15:57:38.686772" level="INFO">Opening url 'https://rahulshettyacademy.com/loginpagePractise/'</msg>
<arg>https://rahulshettyacademy.com/loginpagePractise/</arg>
<doc>Navigates the current browser window to the provided ``url``.</doc>
<status status="PASS" start="2025-10-13T15:57:38.686574" elapsed="0.305851"/>
</kw>
<status status="PASS" start="2025-10-13T15:57:33.918745" elapsed="5.073799"/>
</kw>
<kw name="Validate Unsuccessful Login">
<kw name="Fill the login form">
<kw name="Input Text" owner="SeleniumLibrary">
<msg time="2025-10-13T15:57:38.993431" level="INFO">Typing text '' into text field 'username'.</msg>
<arg>username</arg>
<arg>${username}</arg>
<doc>Types the given ``text`` into the text field identified by ``locator``.</doc>
<status status="PASS" start="2025-10-13T15:57:38.993253" elapsed="0.111108"/>
</kw>
<kw name="Input Text" owner="SeleniumLibrary">
<msg time="2025-10-13T15:57:39.104758" level="INFO">Typing text '' into text field 'password'.</msg>
<arg>password</arg>
<arg>${password}</arg>
<doc>Types the given ``text`` into the text field identified by ``locator``.</doc>
<status status="PASS" start="2025-10-13T15:57:39.104507" elapsed="0.008549"/>
</kw>
<kw name="Click Button" owner="SeleniumLibrary">
<msg time="2025-10-13T15:57:39.113747" level="INFO">Clicking button 'signInBtn'.</msg>
<arg>signInBtn</arg>
<doc>Clicks the button identified by ``locator``.</doc>
<status status="PASS" start="2025-10-13T15:57:39.113391" elapsed="0.079872"/>
</kw>
<arg>${username}</arg>
<arg>${password}</arg>
<status status="PASS" start="2025-10-13T15:57:38.993021" elapsed="0.200337"/>
</kw>
<kw name="wait until it checks and display error message">
<kw name="Wait Until Element Is Visible" owner="SeleniumLibrary">
<arg>${Error_Message_Login}</arg>
<doc>Waits until the element ``locator`` is visible.</doc>
<status status="PASS" start="2025-10-13T15:57:39.193765" elapsed="0.009022"/>
</kw>
<status status="PASS" start="2025-10-13T15:57:39.193478" elapsed="0.009402"/>
</kw>
<kw name="verify error message is correct">
<kw name="Get Text" owner="SeleniumLibrary">
<msg time="2025-10-13T15:57:39.209448" level="INFO">${error_text} = Empty username/password.</msg>
<var>${error_text}</var>
<arg>${Error_Message_Login}</arg>
<doc>Returns the text value of the element identified by ``locator``.</doc>
<status status="PASS" start="2025-10-13T15:57:39.203256" elapsed="0.006242"/>
</kw>
<kw name="Should Match Regexp" owner="BuiltIn">
<arg>${error_text}</arg>
<arg>.*username/password.*</arg>
<doc>Fails if ``string`` does not match ``pattern`` as a regular expression.</doc>
<status status="PASS" start="2025-10-13T15:57:39.209651" elapsed="0.000241"/>
</kw>
<status status="PASS" start="2025-10-13T15:57:39.203000" elapsed="0.006958"/>
</kw>
<arg>username=</arg>
<arg>password=</arg>
<status status="PASS" start="2025-10-13T15:57:38.992707" elapsed="0.217296"/>
</kw>
<kw name="Close Browser" owner="SeleniumLibrary" type="TEARDOWN">
<doc>Closes the current browser.</doc>
<status status="PASS" start="2025-10-13T15:57:39.210128" elapsed="2.608423"/>
</kw>
<status status="PASS" start="2025-10-13T15:57:33.918203" elapsed="7.900433"/>
</test>
<test id="s1-s3-t8" name="username_OR" line="13">
<kw name="Open the browser with the mortgage payment url" type="SETUP">
<kw name="Create Webdriver" owner="SeleniumLibrary">
<msg time="2025-10-13T15:57:41.819683" level="INFO">Creating an instance of the Firefox WebDriver.</msg>
<arg>Firefox</arg>
<doc>Creates an instance of Selenium WebDriver.</doc>
<status status="PASS" start="2025-10-13T15:57:41.819581" elapsed="4.841754"/>
</kw>
<kw name="Go To" owner="SeleniumLibrary">
<msg time="2025-10-13T15:57:46.661703" level="INFO">Opening url 'https://rahulshettyacademy.com/loginpagePractise/'</msg>
<arg>https://rahulshettyacademy.com/loginpagePractise/</arg>
<doc>Navigates the current browser window to the provided ``url``.</doc>
<status status="PASS" start="2025-10-13T15:57:46.661522" elapsed="0.288770"/>
</kw>
<status status="PASS" start="2025-10-13T15:57:41.819381" elapsed="5.131033"/>
</kw>
<kw name="Validate Unsuccessful Login">
<kw name="Fill the login form">
<kw name="Input Text" owner="SeleniumLibrary">
<msg time="2025-10-13T15:57:46.951346" level="INFO">Typing text '' OR '1'='1' into text field 'username'.</msg>
<arg>username</arg>
<arg>${username}</arg>
<doc>Types the given ``text`` into the text field identified by ``locator``.</doc>
<status status="PASS" start="2025-10-13T15:57:46.951159" elapsed="0.054300"/>
</kw>
<kw name="Input Text" owner="SeleniumLibrary">
<msg time="2025-10-13T15:57:47.005894" level="INFO">Typing text 'learning' into text field 'password'.</msg>
<arg>password</arg>
<arg>${password}</arg>
<doc>Types the given ``text`` into the text field identified by ``locator``.</doc>
<status status="PASS" start="2025-10-13T15:57:47.005622" elapsed="0.030607"/>
</kw>
<kw name="Click Button" owner="SeleniumLibrary">
<msg time="2025-10-13T15:57:47.036691" level="INFO">Clicking button 'signInBtn'.</msg>
<arg>signInBtn</arg>
<doc>Clicks the button identified by ``locator``.</doc>
<status status="PASS" start="2025-10-13T15:57:47.036402" elapsed="0.079306"/>
</kw>
<arg>${username}</arg>
<arg>${password}</arg>
<status status="PASS" start="2025-10-13T15:57:46.950932" elapsed="0.164933"/>
</kw>
<kw name="wait until it checks and display error message">
<kw name="Wait Until Element Is Visible" owner="SeleniumLibrary">
<arg>${Error_Message_Login}</arg>
<doc>Waits until the element ``locator`` is visible.</doc>
<status status="PASS" start="2025-10-13T15:57:47.116491" elapsed="2.092162"/>
</kw>
<status status="PASS" start="2025-10-13T15:57:47.116091" elapsed="2.092856"/>
</kw>
<kw name="verify error message is correct">
<kw name="Get Text" owner="SeleniumLibrary">
<msg time="2025-10-13T15:57:49.216808" level="INFO">${error_text} = Incorrect username/password.</msg>
<var>${error_text}</var>
<arg>${Error_Message_Login}</arg>
<doc>Returns the text value of the element identified by ``locator``.</doc>
<status status="PASS" start="2025-10-13T15:57:49.209925" elapsed="0.006947"/>
</kw>
<kw name="Should Match Regexp" owner="BuiltIn">
<arg>${error_text}</arg>
<arg>.*username/password.*</arg>
<doc>Fails if ``string`` does not match ``pattern`` as a regular expression.</doc>
<status status="PASS" start="2025-10-13T15:57:49.217069" elapsed="0.000302"/>
</kw>
<status status="PASS" start="2025-10-13T15:57:49.209281" elapsed="0.008174"/>
</kw>
<arg>username=' OR '1'='1</arg>
<arg>password=learning</arg>
<status status="PASS" start="2025-10-13T15:57:46.950593" elapsed="2.266918"/>
</kw>
<kw name="Close Browser" owner="SeleniumLibrary" type="TEARDOWN">
<doc>Closes the current browser.</doc>
<status status="PASS" start="2025-10-13T15:57:49.217678" elapsed="2.616382"/>
</kw>
<status status="PASS" start="2025-10-13T15:57:41.818850" elapsed="10.015294"/>
</test>
<test id="s1-s3-t9" name="password_OR" line="13">
<kw name="Open the browser with the mortgage payment url" type="SETUP">
<kw name="Create Webdriver" owner="SeleniumLibrary">
<msg time="2025-10-13T15:57:51.835251" level="INFO">Creating an instance of the Firefox WebDriver.</msg>
<arg>Firefox</arg>
<doc>Creates an instance of Selenium WebDriver.</doc>
<status status="PASS" start="2025-10-13T15:57:51.835118" elapsed="4.943716"/>
</kw>
<kw name="Go To" owner="SeleniumLibrary">
<msg time="2025-10-13T15:57:56.779259" level="INFO">Opening url 'https://rahulshettyacademy.com/loginpagePractise/'</msg>
<arg>https://rahulshettyacademy.com/loginpagePractise/</arg>
<doc>Navigates the current browser window to the provided ``url``.</doc>
<status status="PASS" start="2025-10-13T15:57:56.779049" elapsed="0.307230"/>
</kw>
<status status="PASS" start="2025-10-13T15:57:51.834911" elapsed="5.251516"/>
</kw>
<kw name="Validate Unsuccessful Login">
<kw name="Fill the login form">
<kw name="Input Text" owner="SeleniumLibrary">
<msg time="2025-10-13T15:57:57.087670" level="INFO">Typing text 'rahulshettyacademy' into text field 'username'.</msg>
<arg>username</arg>
<arg>${username}</arg>
<doc>Types the given ``text`` into the text field identified by ``locator``.</doc>
<status status="PASS" start="2025-10-13T15:57:57.087393" elapsed="0.073581"/>
</kw>
<kw name="Input Text" owner="SeleniumLibrary">
<msg time="2025-10-13T15:57:57.161424" level="INFO">Typing text '' OR '1'='2' into text field 'password'.</msg>
<arg>password</arg>
<arg>${password}</arg>
<doc>Types the given ``text`` into the text field identified by ``locator``.</doc>
<status status="PASS" start="2025-10-13T15:57:57.161147" elapsed="0.018471"/>
</kw>
<kw name="Click Button" owner="SeleniumLibrary">
<msg time="2025-10-13T15:57:57.180063" level="INFO">Clicking button 'signInBtn'.</msg>
<arg>signInBtn</arg>
<doc>Clicks the button identified by ``locator``.</doc>
<status status="PASS" start="2025-10-13T15:57:57.179808" elapsed="0.090317"/>
</kw>
<arg>${username}</arg>
<arg>${password}</arg>
<status status="PASS" start="2025-10-13T15:57:57.087050" elapsed="0.183311"/>
</kw>
<kw name="wait until it checks and display error message">
<kw name="Wait Until Element Is Visible" owner="SeleniumLibrary">
<arg>${Error_Message_Login}</arg>
<doc>Waits until the element ``locator`` is visible.</doc>
<status status="PASS" start="2025-10-13T15:57:57.271291" elapsed="2.094457"/>
</kw>
<status status="PASS" start="2025-10-13T15:57:57.270624" elapsed="2.095261"/>
</kw>
<kw name="verify error message is correct">
<kw name="Get Text" owner="SeleniumLibrary">
<msg time="2025-10-13T15:57:59.374922" level="INFO">${error_text} = Incorrect username/password.</msg>
<var>${error_text}</var>
<arg>${Error_Message_Login}</arg>
<doc>Returns the text value of the element identified by ``locator``.</doc>
<status status="PASS" start="2025-10-13T15:57:59.366444" elapsed="0.008556"/>
</kw>
<kw name="Should Match Regexp" owner="BuiltIn">
<arg>${error_text}</arg>
<arg>.*username/password.*</arg>
<doc>Fails if ``string`` does not match ``pattern`` as a regular expression.</doc>
<status status="PASS" start="2025-10-13T15:57:59.375190" elapsed="0.000322"/>
</kw>
<status status="PASS" start="2025-10-13T15:57:59.366066" elapsed="0.009541"/>
</kw>
<arg>username=rahulshettyacademy</arg>
<arg>password=' OR '1'='2</arg>
<status status="PASS" start="2025-10-13T15:57:57.086643" elapsed="2.289032"/>
</kw>
<kw name="Close Browser" owner="SeleniumLibrary" type="TEARDOWN">
<doc>Closes the current browser.</doc>
<status status="PASS" start="2025-10-13T15:57:59.375861" elapsed="2.612429"/>
</kw>
<status status="PASS" start="2025-10-13T15:57:51.834358" elapsed="10.154016"/>
</test>
<test id="s1-s3-t10" name="long password" line="13">
<kw name="Open the browser with the mortgage payment url" type="SETUP">
<kw name="Create Webdriver" owner="SeleniumLibrary">
<msg time="2025-10-13T15:58:01.989426" level="INFO">Creating an instance of the Firefox WebDriver.</msg>
<arg>Firefox</arg>
<doc>Creates an instance of Selenium WebDriver.</doc>
<status status="PASS" start="2025-10-13T15:58:01.989324" elapsed="4.850609"/>
</kw>
<kw name="Go To" owner="SeleniumLibrary">
<msg time="2025-10-13T15:58:06.840360" level="INFO">Opening url 'https://rahulshettyacademy.com/loginpagePractise/'</msg>
<arg>https://rahulshettyacademy.com/loginpagePractise/</arg>
<doc>Navigates the current browser window to the provided ``url``.</doc>
<status status="PASS" start="2025-10-13T15:58:06.840136" elapsed="0.295443"/>
</kw>
<status status="PASS" start="2025-10-13T15:58:01.989125" elapsed="5.146584"/>
</kw>
<kw name="Validate Unsuccessful Login">
<kw name="Fill the login form">
<kw name="Input Text" owner="SeleniumLibrary">
<msg time="2025-10-13T15:58:07.136712" level="INFO">Typing text 'rahulshettyacademy' into text field 'username'.</msg>
<arg>username</arg>
<arg>${username}</arg>
<doc>Types the given ``text`` into the text field identified by ``locator``.</doc>
<status status="PASS" start="2025-10-13T15:58:07.136521" elapsed="0.078216"/>
</kw>
<kw name="Input Text" owner="SeleniumLibrary">
<msg time="2025-10-13T15:58:07.215638" level="INFO">Typing text 'verylongpasswordvalueover255characters...............................Azhar............................' into text field 'password'.</msg>
<arg>password</arg>
<arg>${password}</arg>
<doc>Types the given ``text`` into the text field identified by ``locator``.</doc>
<status status="PASS" start="2025-10-13T15:58:07.215124" elapsed="0.034019"/>
</kw>
<kw name="Click Button" owner="SeleniumLibrary">
<msg time="2025-10-13T15:58:07.249514" level="INFO">Clicking button 'signInBtn'.</msg>
<arg>signInBtn</arg>
<doc>Clicks the button identified by ``locator``.</doc>
<status status="PASS" start="2025-10-13T15:58:07.249291" elapsed="0.068903"/>
</kw>
<arg>${username}</arg>
<arg>${password}</arg>
<status status="PASS" start="2025-10-13T15:58:07.136241" elapsed="0.182083"/>
</kw>
<kw name="wait until it checks and display error message">
<kw name="Wait Until Element Is Visible" owner="SeleniumLibrary">
<arg>${Error_Message_Login}</arg>
<doc>Waits until the element ``locator`` is visible.</doc>
<status status="PASS" start="2025-10-13T15:58:07.318836" elapsed="2.091180"/>
</kw>
<status status="PASS" start="2025-10-13T15:58:07.318483" elapsed="2.091662"/>
</kw>
<kw name="verify error message is correct">
<kw name="Get Text" owner="SeleniumLibrary">
<msg time="2025-10-13T15:58:09.419217" level="INFO">${error_text} = Incorrect username/password.</msg>
<var>${error_text}</var>
<arg>${Error_Message_Login}</arg>
<doc>Returns the text value of the element identified by ``locator``.</doc>
<status status="PASS" start="2025-10-13T15:58:09.410658" elapsed="0.008622"/>
</kw>
<kw name="Should Match Regexp" owner="BuiltIn">
<arg>${error_text}</arg>
<arg>.*username/password.*</arg>
<doc>Fails if ``string`` does not match ``pattern`` as a regular expression.</doc>
<status status="PASS" start="2025-10-13T15:58:09.419474" elapsed="0.000309"/>
</kw>
<status status="PASS" start="2025-10-13T15:58:09.410307" elapsed="0.009573"/>
</kw>
<arg>username=rahulshettyacademy</arg>
<arg>password=verylongpasswordvalueover255characters...............................Azhar............................</arg>
<status status="PASS" start="2025-10-13T15:58:07.135873" elapsed="2.284072"/>
</kw>
<kw name="Close Browser" owner="SeleniumLibrary" type="TEARDOWN">
<doc>Closes the current browser.</doc>
<status status="PASS" start="2025-10-13T15:58:09.420128" elapsed="2.589637"/>
</kw>
<status status="PASS" start="2025-10-13T15:58:01.988586" elapsed="10.021263"/>
</test>
<test id="s1-s3-t11" name="Login with user  and password " line="13">
<kw name="Open the browser with the mortgage payment url" type="SETUP">
<kw name="Create Webdriver" owner="SeleniumLibrary">
<msg time="2025-10-13T15:58:12.010907" level="INFO">Creating an instance of the Firefox WebDriver.</msg>
<arg>Firefox</arg>
<doc>Creates an instance of Selenium WebDriver.</doc>
<status status="PASS" start="2025-10-13T15:58:12.010802" elapsed="4.827904"/>
</kw>
<kw name="Go To" owner="SeleniumLibrary">
<msg time="2025-10-13T15:58:16.839194" level="INFO">Opening url 'https://rahulshettyacademy.com/loginpagePractise/'</msg>
<arg>https://rahulshettyacademy.com/loginpagePractise/</arg>
<doc>Navigates the current browser window to the provided ``url``.</doc>
<status status="PASS" start="2025-10-13T15:58:16.838952" elapsed="0.294809"/>
</kw>
<status status="PASS" start="2025-10-13T15:58:12.010601" elapsed="5.123313"/>
</kw>
<kw name="Validate Unsuccessful Login">
<kw name="Fill the login form">
<kw name="Input Text" owner="SeleniumLibrary">
<msg time="2025-10-13T15:58:17.135720" level="INFO">Typing text '' into text field 'username'.</msg>
<arg>username</arg>
<arg>${username}</arg>
<doc>Types the given ``text`` into the text field identified by ``locator``.</doc>
<status status="PASS" start="2025-10-13T15:58:17.135465" elapsed="0.047105"/>
</kw>
<kw name="Input Text" owner="SeleniumLibrary">
<msg time="2025-10-13T15:58:17.183165" level="INFO">Typing text '' into text field 'password'.</msg>
<arg>password</arg>
<arg>${password}</arg>
<doc>Types the given ``text`` into the text field identified by ``locator``.</doc>
<status status="PASS" start="2025-10-13T15:58:17.182784" elapsed="0.011887"/>
</kw>
<kw name="Click Button" owner="SeleniumLibrary">
<msg time="2025-10-13T15:58:17.195163" level="INFO">Clicking button 'signInBtn'.</msg>
<arg>signInBtn</arg>
<doc>Clicks the button identified by ``locator``.</doc>
<status status="PASS" start="2025-10-13T15:58:17.194876" elapsed="0.097254"/>
</kw>
<arg>${username}</arg>
<arg>${password}</arg>
<status status="PASS" start="2025-10-13T15:58:17.134586" elapsed="0.157691"/>
</kw>
<kw name="wait until it checks and display error message">
<kw name="Wait Until Element Is Visible" owner="SeleniumLibrary">
<arg>${Error_Message_Login}</arg>
<doc>Waits until the element ``locator`` is visible.</doc>
<status status="PASS" start="2025-10-13T15:58:17.292878" elapsed="0.007321"/>
</kw>
<status status="PASS" start="2025-10-13T15:58:17.292468" elapsed="0.007849"/>
</kw>
<kw name="verify error message is correct">
<kw name="Get Text" owner="SeleniumLibrary">
<msg time="2025-10-13T15:58:17.309047" level="INFO">${error_text} = Empty username/password.</msg>
<var>${error_text}</var>
<arg>${Error_Message_Login}</arg>
<doc>Returns the text value of the element identified by ``locator``.</doc>
<status status="PASS" start="2025-10-13T15:58:17.300716" elapsed="0.008398"/>
</kw>
<kw name="Should Match Regexp" owner="BuiltIn">
<arg>${error_text}</arg>
<arg>.*username/password.*</arg>
<doc>Fails if ``string`` does not match ``pattern`` as a regular expression.</doc>
<status status="PASS" start="2025-10-13T15:58:17.309329" elapsed="0.000331"/>
</kw>
<status status="PASS" start="2025-10-13T15:58:17.300432" elapsed="0.009334"/>
</kw>
<arg>username=</arg>
<arg>password=</arg>
<status status="PASS" start="2025-10-13T15:58:17.134133" elapsed="0.175703"/>
</kw>
<kw name="Close Browser" owner="SeleniumLibrary" type="TEARDOWN">
<doc>Closes the current browser.</doc>
<status status="PASS" start="2025-10-13T15:58:17.310017" elapsed="2.698954"/>
</kw>
<status status="PASS" start="2025-10-13T15:58:12.010058" elapsed="7.998996"/>
</test>
<doc>To Validate Login form</doc>
<status status="PASS" start="2025-10-13T15:56:28.444946" elapsed="111.564458"/>
</suite>
<suite id="s1-s4" name="testDemo1" source="D:\Projects\PythonProject_RobotFramework\tests\testDemo1.robot">
<test id="s1-s4-t1" name="Validate Successful Login" line="7">
<kw name="Open the browser with Swaglabs URL">
<kw name="Create Webdriver" owner="SeleniumLibrary">
<msg time="2025-10-13T15:56:28.932877" level="INFO">Creating an instance of the Firefox WebDriver.</msg>
<arg>Firefox</arg>
<doc>Creates an instance of Selenium WebDriver.</doc>
<status status="PASS" start="2025-10-13T15:56:28.932663" elapsed="11.837375"/>
</kw>
<kw name="Go To" owner="SeleniumLibrary">
<msg time="2025-10-13T15:56:40.770756" level="INFO">Opening url 'https://www.saucedemo.com/v1/index.html'</msg>
<arg>https://www.saucedemo.com/v1/index.html</arg>
<doc>Navigates the current browser window to the provided ``url``.</doc>
<status status="PASS" start="2025-10-13T15:56:40.770442" elapsed="0.748548"/>
</kw>
<status status="PASS" start="2025-10-13T15:56:28.931922" elapsed="12.587400"/>
</kw>
<kw name="fill the login form">
<kw name="Input Text" owner="SeleniumLibrary">
<msg time="2025-10-13T15:56:41.520903" level="INFO">Typing text 'standard_user' into text field 'id:user-name'.</msg>
<arg>id:user-name</arg>
<arg>standard_user</arg>
<doc>Types the given ``text`` into the text field identified by ``locator``.</doc>
<status status="PASS" start="2025-10-13T15:56:41.520234" elapsed="0.113815"/>
</kw>
<kw name="Input Password" owner="SeleniumLibrary">
<msg time="2025-10-13T15:56:41.634589" level="INFO">Typing password into text field 'id:password'.</msg>
<msg time="2025-10-13T15:56:41.642731" level="INFO">Temporally setting log level to: NONE</msg>
<arg>id:password</arg>
<arg>secret_sauce</arg>
<doc>Types the given password into the text field identified by ``locator``.</doc>
<status status="PASS" start="2025-10-13T15:56:41.634308" elapsed="0.023708"/>
</kw>
<kw name="Click Button" owner="SeleniumLibrary">
<msg time="2025-10-13T15:56:41.658740" level="INFO">Clicking button 'login-button'.</msg>
<arg>login-button</arg>
<doc>Clicks the button identified by ``locator``.</doc>
<status status="PASS" start="2025-10-13T15:56:41.658318" elapsed="0.919898"/>
</kw>
<status status="PASS" start="2025-10-13T15:56:41.519699" elapsed="1.058711"/>
</kw>
<kw name="Verify products page is displayed">
<kw name="Element Text Should Be" owner="SeleniumLibrary">
<msg time="2025-10-13T15:56:42.579342" level="INFO">Verifying element 'xpath://div[text()='Products']' contains exact text 'Products'.</msg>
<arg>xpath://div[text()='Products']</arg>
<arg>Products</arg>
<doc>Verifies that element ``locator`` contains exact the text ``expected``.</doc>
<status status="PASS" start="2025-10-13T15:56:42.579072" elapsed="0.012740"/>
</kw>
<status status="PASS" start="2025-10-13T15:56:42.578651" elapsed="0.013294"/>
</kw>
<kw name="Close Browser" owner="SeleniumLibrary" type="TEARDOWN">
<doc>Closes the current browser.</doc>
<status status="PASS" start="2025-10-13T15:56:42.592185" elapsed="2.640527"/>
</kw>
<status status="PASS" start="2025-10-13T15:56:28.931350" elapsed="16.301488"/>
</test>
<doc>To validate login form</doc>
<status status="PASS" start="2025-10-13T15:56:28.433904" elapsed="16.799502"/>
</suite>
<suite id="s1-s5" name="testDemo2" source="D:\Projects\PythonProject_RobotFramework\tests\testDemo2.robot">
<test id="s1-s5-t1" name="Validate Successful Login" line="10">
<kw name="Open the browser with Swaglabs URL" owner="Generic" type="SETUP">
<kw name="Create Webdriver" owner="SeleniumLibrary">
<msg time="2025-10-13T15:56:28.941150" level="INFO">Creating an instance of the Firefox WebDriver.</msg>
<arg>Firefox</arg>
<doc>Creates an instance of Selenium WebDriver.</doc>
<status status="PASS" start="2025-10-13T15:56:28.940919" elapsed="8.428561"/>
</kw>
<kw name="Go To" owner="SeleniumLibrary">
<msg time="2025-10-13T15:56:37.370142" level="INFO">Opening url 'https://www.saucedemo.com/v1/index.html'</msg>
<arg>${url}</arg>
<doc>Navigates the current browser window to the provided ``url``.</doc>
<status status="PASS" start="2025-10-13T15:56:37.369803" elapsed="0.756313"/>
</kw>
<status status="PASS" start="2025-10-13T15:56:28.940133" elapsed="9.186160"/>
</kw>
<kw name="fill the login form">
<kw name="Input Text" owner="SeleniumLibrary">
<msg time="2025-10-13T15:56:38.127532" level="INFO">Typing text 'standard_user' into text field 'id:user-name'.</msg>
<arg>id:user-name</arg>
<arg>${username}</arg>
<doc>Types the given ``text`` into the text field identified by ``locator``.</doc>
<status status="PASS" start="2025-10-13T15:56:38.127015" elapsed="0.142500"/>
</kw>
<kw name="Input Password" owner="SeleniumLibrary">
<msg time="2025-10-13T15:56:38.270188" level="INFO">Typing password into text field 'id:password'.</msg>
<msg time="2025-10-13T15:56:38.327508" level="INFO">Temporally setting log level to: NONE</msg>
<arg>id:password</arg>
<arg>${password}</arg>
<doc>Types the given password into the text field identified by ``locator``.</doc>
<status status="PASS" start="2025-10-13T15:56:38.269769" elapsed="0.080338"/>
</kw>
<kw name="Click Button" owner="SeleniumLibrary">
<msg time="2025-10-13T15:56:38.350767" level="INFO">Clicking button 'login-button'.</msg>
<arg>login-button</arg>
<doc>Clicks the button identified by ``locator``.</doc>
<status status="PASS" start="2025-10-13T15:56:38.350412" elapsed="1.150635"/>
</kw>
<arg>${standardUser}</arg>
<arg>${password}</arg>
<status status="PASS" start="2025-10-13T15:56:38.126571" elapsed="1.374758"/>
</kw>
<kw name="Verify products page is displayed">
<kw name="Element Text Should Be" owner="SeleniumLibrary">
<msg time="2025-10-13T15:56:39.502978" level="INFO">Verifying element 'xpath://div[text()='Products']' contains exact text 'Products'.</msg>
<arg>xpath://div[text()='Products']</arg>
<arg>Products</arg>
<doc>Verifies that element ``locator`` contains exact the text ``expected``.</doc>
<status status="PASS" start="2025-10-13T15:56:39.502255" elapsed="0.066251"/>
</kw>
<status status="PASS" start="2025-10-13T15:56:39.501678" elapsed="0.066984"/>
</kw>
<kw name="Close Browser Session" owner="Generic" type="TEARDOWN">
<kw name="Close Browser" owner="SeleniumLibrary">
<doc>Closes the current browser.</doc>
<status status="PASS" start="2025-10-13T15:56:39.569403" elapsed="3.764313"/>
</kw>
<status status="PASS" start="2025-10-13T15:56:39.568980" elapsed="3.764873"/>
</kw>
<status status="PASS" start="2025-10-13T15:56:28.939561" elapsed="14.394352"/>
</test>
<test id="s1-s5-t2" name="Validate Locked_out_user Login" line="14">
<kw name="Open the browser with Swaglabs URL" owner="Generic" type="SETUP">
<kw name="Create Webdriver" owner="SeleniumLibrary">
<msg time="2025-10-13T15:56:43.335057" level="INFO">Creating an instance of the Firefox WebDriver.</msg>
<arg>Firefox</arg>
<doc>Creates an instance of Selenium WebDriver.</doc>
<status status="PASS" start="2025-10-13T15:56:43.334910" elapsed="5.512786"/>
</kw>
<kw name="Go To" owner="SeleniumLibrary">
<msg time="2025-10-13T15:56:48.848201" level="INFO">Opening url 'https://www.saucedemo.com/v1/index.html'</msg>
<arg>${url}</arg>
<doc>Navigates the current browser window to the provided ``url``.</doc>
<status status="PASS" start="2025-10-13T15:56:48.847927" elapsed="0.390791"/>
</kw>
<status status="PASS" start="2025-10-13T15:56:43.334630" elapsed="5.904236"/>
</kw>
<kw name="fill the login form">
<kw name="Input Text" owner="SeleniumLibrary">
<msg time="2025-10-13T15:56:49.239762" level="INFO">Typing text 'locked_out_user' into text field 'id:user-name'.</msg>
<arg>id:user-name</arg>
<arg>${username}</arg>
<doc>Types the given ``text`` into the text field identified by ``locator``.</doc>
<status status="PASS" start="2025-10-13T15:56:49.239489" elapsed="0.115692"/>
</kw>
<kw name="Input Password" owner="SeleniumLibrary">
<msg time="2025-10-13T15:56:49.355686" level="INFO">Typing password into text field 'id:password'.</msg>
<msg time="2025-10-13T15:56:49.365918" level="INFO">Temporally setting log level to: NONE</msg>
<arg>id:password</arg>
<arg>${password}</arg>
<doc>Types the given password into the text field identified by ``locator``.</doc>
<status status="PASS" start="2025-10-13T15:56:49.355361" elapsed="0.027291"/>
</kw>
<kw name="Click Button" owner="SeleniumLibrary">
<msg time="2025-10-13T15:56:49.383398" level="INFO">Clicking button 'login-button'.</msg>
<arg>login-button</arg>
<doc>Clicks the button identified by ``locator``.</doc>
<status status="PASS" start="2025-10-13T15:56:49.382991" elapsed="0.106767"/>
</kw>
<arg>${lockedOutUser}</arg>
<arg>${password}</arg>
<status status="PASS" start="2025-10-13T15:56:49.239100" elapsed="0.250789"/>
</kw>
<kw name="Verify that locked out error message is displayed">
<kw name="Get Text" owner="SeleniumLibrary">
<msg time="2025-10-13T15:56:49.504688" level="INFO">${errorMessage} = Epic sadface: Sorry, this user has been locked out.</msg>
<var>${errorMessage}</var>
<arg>xpath://h3</arg>
<doc>Returns the text value of the element identified by ``locator``.</doc>
<status status="PASS" start="2025-10-13T15:56:49.490425" elapsed="0.014315"/>
</kw>
<kw name="Should Be Equal As Strings" owner="BuiltIn">
<arg>${errorMessage}</arg>
<arg>Epic sadface: Sorry, this user has been locked out.</arg>
<doc>Fails if objects are unequal after converting them to strings.</doc>
<status status="PASS" start="2025-10-13T15:56:49.504968" elapsed="0.000314"/>
</kw>
<kw name="Log" owner="BuiltIn">
<msg time="2025-10-13T15:56:49.505510" level="INFO">Epic sadface: Sorry, this user has been locked out.</msg>
<arg>${errorMessage}</arg>
<doc>Logs the given message with the given level.</doc>
<status status="PASS" start="2025-10-13T15:56:49.505382" elapsed="0.000162"/>
</kw>
<status status="PASS" start="2025-10-13T15:56:49.490091" elapsed="0.015508"/>
</kw>
<kw name="Close Browser Session" owner="Generic" type="TEARDOWN">
<kw name="Close Browser" owner="SeleniumLibrary">
<doc>Closes the current browser.</doc>
<status status="PASS" start="2025-10-13T15:56:49.505981" elapsed="3.034226"/>
</kw>
<status status="PASS" start="2025-10-13T15:56:49.505771" elapsed="3.034662"/>
</kw>
<status status="PASS" start="2025-10-13T15:56:43.334277" elapsed="9.206273"/>
</test>
<test id="s1-s5-t3" name="Validate Problem_user Login" line="18">
<kw name="Open the browser with Swaglabs URL" owner="Generic" type="SETUP">
<kw name="Create Webdriver" owner="SeleniumLibrary">
<msg time="2025-10-13T15:56:52.546605" level="INFO">Creating an instance of the Firefox WebDriver.</msg>
<arg>Firefox</arg>
<doc>Creates an instance of Selenium WebDriver.</doc>
<status status="PASS" start="2025-10-13T15:56:52.542027" elapsed="4.988855"/>
</kw>
<kw name="Go To" owner="SeleniumLibrary">
<msg time="2025-10-13T15:56:57.531275" level="INFO">Opening url 'https://www.saucedemo.com/v1/index.html'</msg>
<arg>${url}</arg>
<doc>Navigates the current browser window to the provided ``url``.</doc>
<status status="PASS" start="2025-10-13T15:56:57.531054" elapsed="0.332977"/>
</kw>
<status status="PASS" start="2025-10-13T15:56:52.541586" elapsed="5.322570"/>
</kw>
<kw name="fill the login form">
<kw name="Input Text" owner="SeleniumLibrary">
<msg time="2025-10-13T15:56:57.865226" level="INFO">Typing text 'problem_user' into text field 'id:user-name'.</msg>
<arg>id:user-name</arg>
<arg>${username}</arg>
<doc>Types the given ``text`` into the text field identified by ``locator``.</doc>
<status status="PASS" start="2025-10-13T15:56:57.865006" elapsed="0.067815"/>
</kw>
<kw name="Input Password" owner="SeleniumLibrary">
<msg time="2025-10-13T15:56:57.933513" level="INFO">Typing password into text field 'id:password'.</msg>
<msg time="2025-10-13T15:56:57.938783" level="INFO">Temporally setting log level to: NONE</msg>
<arg>id:password</arg>
<arg>${password}</arg>
<doc>Types the given password into the text field identified by ``locator``.</doc>
<status status="PASS" start="2025-10-13T15:56:57.933078" elapsed="0.015911"/>
</kw>
<kw name="Click Button" owner="SeleniumLibrary">
<msg time="2025-10-13T15:56:57.949392" level="INFO">Clicking button 'login-button'.</msg>
<arg>login-button</arg>
<doc>Clicks the button identified by ``locator``.</doc>
<status status="PASS" start="2025-10-13T15:56:57.949158" elapsed="0.472986"/>
</kw>
<arg>${problemUser}</arg>
<arg>${password}</arg>
<status status="PASS" start="2025-10-13T15:56:57.864521" elapsed="0.557729"/>
</kw>
<kw name="Verify products page is displayed">
<kw name="Element Text Should Be" owner="SeleniumLibrary">
<msg time="2025-10-13T15:56:58.422906" level="INFO">Verifying element 'xpath://div[text()='Products']' contains exact text 'Products'.</msg>
<arg>xpath://div[text()='Products']</arg>
<arg>Products</arg>
<doc>Verifies that element ``locator`` contains exact the text ``expected``.</doc>
<status status="PASS" start="2025-10-13T15:56:58.422670" elapsed="0.008152"/>
</kw>
<status status="PASS" start="2025-10-13T15:56:58.422399" elapsed="0.008531"/>
</kw>
<kw name="Verify that products images are not displayed">
<kw name="Element Should Be Visible" owner="SeleniumLibrary">
<msg time="2025-10-13T15:56:58.440402" level="INFO">Element 'xpath://img[contains(@src, 'WithGarbageOnItToBreakTheUrl')]' is displayed.</msg>
<arg>xpath://img[contains(@src, 'WithGarbageOnItToBreakTheUrl')]</arg>
<arg>Images are not visible for problem user</arg>
<doc>Verifies that the element identified by ``locator`` is visible.</doc>
<status status="PASS" start="2025-10-13T15:56:58.431341" elapsed="0.009170"/>
</kw>
<status status="PASS" start="2025-10-13T15:56:58.431076" elapsed="0.009535"/>
</kw>
<kw name="Close Browser Session" owner="Generic" type="TEARDOWN">
<kw name="Close Browser" owner="SeleniumLibrary">
<doc>Closes the current browser.</doc>
<status status="PASS" start="2025-10-13T15:56:58.441259" elapsed="2.720992"/>
</kw>
<status status="PASS" start="2025-10-13T15:56:58.441001" elapsed="2.721422"/>
</kw>
<status status="PASS" start="2025-10-13T15:56:52.541253" elapsed="8.621246"/>
</test>
<test id="s1-s5-t4" name="Validate Products displayed in the Products Page" line="23">
<kw name="Open the browser with Swaglabs URL" owner="Generic" type="SETUP">
<kw name="Create Webdriver" owner="SeleniumLibrary">
<msg time="2025-10-13T15:57:01.163779" level="INFO">Creating an instance of the Firefox WebDriver.</msg>
<arg>Firefox</arg>
<doc>Creates an instance of Selenium WebDriver.</doc>
<status status="PASS" start="2025-10-13T15:57:01.163596" elapsed="5.281333"/>
</kw>
<kw name="Go To" owner="SeleniumLibrary">
<msg time="2025-10-13T15:57:06.445417" level="INFO">Opening url 'https://www.saucedemo.com/v1/index.html'</msg>
<arg>${url}</arg>
<doc>Navigates the current browser window to the provided ``url``.</doc>
<status status="PASS" start="2025-10-13T15:57:06.445153" elapsed="0.303435"/>
</kw>
<status status="PASS" start="2025-10-13T15:57:01.163256" elapsed="5.585509"/>
</kw>
<kw name="fill the login form">
<kw name="Input Text" owner="SeleniumLibrary">
<msg time="2025-10-13T15:57:06.750114" level="INFO">Typing text 'standard_user' into text field 'id:user-name'.</msg>
<arg>id:user-name</arg>
<arg>${username}</arg>
<doc>Types the given ``text`` into the text field identified by ``locator``.</doc>
<status status="PASS" start="2025-10-13T15:57:06.749786" elapsed="0.060886"/>
</kw>
<kw name="Input Password" owner="SeleniumLibrary">
<msg time="2025-10-13T15:57:06.811154" level="INFO">Typing password into text field 'id:password'.</msg>
<msg time="2025-10-13T15:57:06.821460" level="INFO">Temporally setting log level to: NONE</msg>
<arg>id:password</arg>
<arg>${password}</arg>
<doc>Types the given password into the text field identified by ``locator``.</doc>
<status status="PASS" start="2025-10-13T15:57:06.810866" elapsed="0.020395"/>
</kw>
<kw name="Click Button" owner="SeleniumLibrary">
<msg time="2025-10-13T15:57:06.831641" level="INFO">Clicking button 'login-button'.</msg>
<arg>login-button</arg>
<doc>Clicks the button identified by ``locator``.</doc>
<status status="PASS" start="2025-10-13T15:57:06.831421" elapsed="0.818908"/>
</kw>
<arg>${standardUser}</arg>
<arg>${password}</arg>
<status status="PASS" start="2025-10-13T15:57:06.749035" elapsed="0.901411"/>
</kw>
<kw name="Verify products page is displayed">
<kw name="Element Text Should Be" owner="SeleniumLibrary">
<msg time="2025-10-13T15:57:07.651055" level="INFO">Verifying element 'xpath://div[text()='Products']' contains exact text 'Products'.</msg>
<arg>xpath://div[text()='Products']</arg>
<arg>Products</arg>
<doc>Verifies that element ``locator`` contains exact the text ``expected``.</doc>
<status status="PASS" start="2025-10-13T15:57:07.650870" elapsed="0.010901"/>
</kw>
<status status="PASS" start="2025-10-13T15:57:07.650607" elapsed="0.011324"/>
</kw>
<kw name="verify products title in the products page">
<kw name="Create List" owner="BuiltIn">
<msg time="2025-10-13T15:57:07.662919" level="INFO">@{expectedList} = [ Sauce Labs Backpack | Sauce Labs Bike Light | Sauce Labs Bolt T-Shirt | Sauce Labs Fleece Jacket | Sauce Labs Onesie | Test.allTheThings() T-Shirt (Red) ]</msg>
<var>@{expectedList}</var>
<arg>Sauce Labs Backpack</arg>
<arg>Sauce Labs Bike Light</arg>
<arg>Sauce Labs Bolt T-Shirt</arg>
<arg>Sauce Labs Fleece Jacket</arg>
<arg>Sauce Labs Onesie</arg>
<arg>Test.allTheThings() T-Shirt (Red)</arg>
<doc>Returns a list containing given items.</doc>
<status status="PASS" start="2025-10-13T15:57:07.662587" elapsed="0.000368"/>
</kw>
<kw name="Get WebElements" owner="SeleniumLibrary">
[...]
<arg>id:user-name</arg>
<arg>${username}</arg>
<doc>Types the given ``text`` into the text field identified by ``locator``.</doc>
<status status="PASS" start="2025-10-13T15:57:00.762047" elapsed="0.089661"/>
</kw>
<kw name="Input Password" owner="SeleniumLibrary">
<msg time="2025-10-13T15:57:00.852286" level="INFO">Typing password into text field 'id:password'.</msg>
<msg time="2025-10-13T15:57:00.859395" level="INFO">Temporally setting log level to: NONE</msg>
<arg>id:password</arg>
<arg>${password}</arg>
<doc>Types the given password into the text field identified by ``locator``.</doc>
<status status="PASS" start="2025-10-13T15:57:00.851941" elapsed="0.020046"/>
</kw>
<kw name="Click Button" owner="SeleniumLibrary">
<msg time="2025-10-13T15:57:00.872679" level="INFO">Clicking button 'login-button'.</msg>
<arg>login-button</arg>
<doc>Clicks the button identified by ``locator``.</doc>
<status status="PASS" start="2025-10-13T15:57:00.872298" elapsed="0.762892"/>
</kw>
<arg>${problemUser}</arg>
<arg>${password}</arg>
<status status="PASS" start="2025-10-13T15:57:00.761670" elapsed="0.873697"/>
</kw>
<kw name="Verify products page is displayed" owner="ProductsPage">
<kw name="Element Text Should Be" owner="SeleniumLibrary">
<msg time="2025-10-13T15:57:01.636542" level="INFO">Verifying element 'xpath://div[text()='Products']' contains exact text 'Products'.</msg>
<arg>${Products}</arg>
<arg>Products</arg>
<doc>Verifies that element ``locator`` contains exact the text ``expected``.</doc>
<status status="PASS" start="2025-10-13T15:57:01.636103" elapsed="0.015784"/>
</kw>
<status status="PASS" start="2025-10-13T15:57:01.635635" elapsed="0.016391"/>
</kw>
<kw name="Verify that products images are not displayed" owner="ProductsPage">
<kw name="Wait until element passed is located on the page" owner="Generic">
<kw name="Wait Until Element Is Visible" owner="SeleniumLibrary">
<arg>${page_locator}</arg>
<doc>Waits until the element ``locator`` is visible.</doc>
<status status="PASS" start="2025-10-13T15:57:01.652908" elapsed="0.014654"/>
</kw>
<arg>${noImages}</arg>
<status status="PASS" start="2025-10-13T15:57:01.652590" elapsed="0.015139"/>
</kw>
<status status="PASS" start="2025-10-13T15:57:01.652231" elapsed="0.015566"/>
</kw>
<kw name="Close Browser Session" owner="Generic" type="TEARDOWN">
<kw name="Close Browser" owner="SeleniumLibrary">
<doc>Closes the current browser.</doc>
<status status="PASS" start="2025-10-13T15:57:01.668449" elapsed="2.904335"/>
</kw>
<status status="PASS" start="2025-10-13T15:57:01.668029" elapsed="2.904896"/>
</kw>
<tag>SMOKE</tag>
<status status="PASS" start="2025-10-13T15:56:55.070106" elapsed="9.502872"/>
</test>
<test id="s1-s6-t4" name="Validating End to End Flow till successful product placement" line="37">
<kw name="Open the browser with Swaglabs URL" owner="Generic" type="SETUP">
<kw name="Create Webdriver" owner="SeleniumLibrary">
<msg time="2025-10-13T15:57:04.574030" level="INFO">Creating an instance of the Firefox WebDriver.</msg>
<arg>Firefox</arg>
<doc>Creates an instance of Selenium WebDriver.</doc>
<status status="PASS" start="2025-10-13T15:57:04.573876" elapsed="5.057005"/>
</kw>
<kw name="Go To" owner="SeleniumLibrary">
<msg time="2025-10-13T15:57:09.631420" level="INFO">Opening url 'https://www.saucedemo.com/v1/index.html'</msg>
<arg>${url}</arg>
<doc>Navigates the current browser window to the provided ``url``.</doc>
<status status="PASS" start="2025-10-13T15:57:09.631114" elapsed="0.272315"/>
</kw>
<status status="PASS" start="2025-10-13T15:57:04.573607" elapsed="5.329923"/>
</kw>
<kw name="Fill the login form" owner="LogInPage">
<kw name="Input Text" owner="SeleniumLibrary">
<msg time="2025-10-13T15:57:09.904181" level="INFO">Typing text 'standard_user' into text field 'id:user-name'.</msg>
<arg>id:user-name</arg>
<arg>${username}</arg>
<doc>Types the given ``text`` into the text field identified by ``locator``.</doc>
<status status="PASS" start="2025-10-13T15:57:09.904021" elapsed="0.065213"/>
</kw>
<kw name="Input Password" owner="SeleniumLibrary">
<msg time="2025-10-13T15:57:09.969782" level="INFO">Typing password into text field 'id:password'.</msg>
<msg time="2025-10-13T15:57:09.980608" level="INFO">Temporally setting log level to: NONE</msg>
<arg>id:password</arg>
<arg>${password}</arg>
<doc>Types the given password into the text field identified by ``locator``.</doc>
<status status="PASS" start="2025-10-13T15:57:09.969432" elapsed="0.021657"/>
</kw>
<kw name="Click Button" owner="SeleniumLibrary">
<msg time="2025-10-13T15:57:09.991460" level="INFO">Clicking button 'login-button'.</msg>
<arg>login-button</arg>
<doc>Clicks the button identified by ``locator``.</doc>
<status status="PASS" start="2025-10-13T15:57:09.991245" elapsed="0.798890"/>
</kw>
<arg>${standardUser}</arg>
<arg>${password}</arg>
<status status="PASS" start="2025-10-13T15:57:09.903722" elapsed="0.886555"/>
</kw>
<kw name="Verify products page is displayed" owner="ProductsPage">
<kw name="Element Text Should Be" owner="SeleniumLibrary">
<msg time="2025-10-13T15:57:10.791222" level="INFO">Verifying element 'xpath://div[text()='Products']' contains exact text 'Products'.</msg>
<arg>${Products}</arg>
<arg>Products</arg>
<doc>Verifies that element ``locator`` contains exact the text ``expected``.</doc>
<status status="PASS" start="2025-10-13T15:57:10.790909" elapsed="0.019957"/>
</kw>
<status status="PASS" start="2025-10-13T15:57:10.790504" elapsed="0.020530"/>
</kw>
<kw name="verify products title in the products page" owner="ProductsPage">
<kw name="Create List" owner="BuiltIn">
<msg time="2025-10-13T15:57:10.812234" level="INFO">@{expectedList} = [ Sauce Labs Backpack | Sauce Labs Bike Light | Sauce Labs Bolt T-Shirt | Sauce Labs Fleece Jacket | Sauce Labs Onesie | Test.allTheThings() T-Shirt (Red) ]</msg>
<var>@{expectedList}</var>
<arg>Sauce Labs Backpack</arg>
<arg>Sauce Labs Bike Light</arg>
<arg>Sauce Labs Bolt T-Shirt</arg>
<arg>Sauce Labs Fleece Jacket</arg>
<arg>Sauce Labs Onesie</arg>
<arg>Test.allTheThings() T-Shirt (Red)</arg>
<doc>Returns a list containing given items.</doc>
<status status="PASS" start="2025-10-13T15:57:10.811855" elapsed="0.000419"/>
</kw>
<kw name="Get WebElements" owner="SeleniumLibrary">
<msg time="2025-10-13T15:57:10.823839" level="INFO">${elements} = [&lt;selenium.webdriver.remote.webelement.WebElement (session="7331525e-a053-492b-abd0-61120eafa564", element="57a9f631-61c4-4693-bd61-107097565b91")&gt;, &lt;selenium.webdriver.remote.webelement.WebElement (s...</msg>
<var>${elements}</var>
<arg>${productNames}</arg>
<doc>Returns a list of WebElement objects matching the ``locator``.</doc>
<status status="PASS" start="2025-10-13T15:57:10.812429" elapsed="0.011459"/>
</kw>
<kw name="Create List" owner="BuiltIn">
<msg time="2025-10-13T15:57:10.824282" level="INFO">@{actualList} = [ ]</msg>
<var>@{actualList}</var>
<doc>Returns a list containing given items.</doc>
<status status="PASS" start="2025-10-13T15:57:10.824071" elapsed="0.000243"/>
</kw>
<for flavor="IN">
<iter>
<kw name="Log" owner="BuiltIn">
<msg time="2025-10-13T15:57:10.831657" level="INFO">Sauce Labs Backpack</msg>
<arg>${element.text}</arg>
<doc>Logs the given message with the given level.</doc>
<status status="PASS" start="2025-10-13T15:57:10.824742" elapsed="0.007005"/>
</kw>
<kw name="Append To List" owner="Collections">
<arg>${actualList}</arg>
<arg>${element.text}</arg>
<doc>Adds ``values`` to the end of ``list``.</doc>
<status status="PASS" start="2025-10-13T15:57:10.831948" elapsed="0.010335"/>
</kw>
<var name="${element}">&lt;selenium.webdriver.remote.webelement.WebElement (session="7331525e-a053-492b-abd0-61120eafa564", element="57a9f631-61c4-4693-bd61-107097565b91")&gt;</var>
<status status="PASS" start="2025-10-13T15:57:10.824600" elapsed="0.017774"/>
</iter>
<iter>
<kw name="Log" owner="BuiltIn">
<msg time="2025-10-13T15:57:10.861347" level="INFO">Sauce Labs Bike Light</msg>
<arg>${element.text}</arg>
<doc>Logs the given message with the given level.</doc>
<status status="PASS" start="2025-10-13T15:57:10.842885" elapsed="0.018529"/>
</kw>
<kw name="Append To List" owner="Collections">
<arg>${actualList}</arg>
<arg>${element.text}</arg>
<doc>Adds ``values`` to the end of ``list``.</doc>
<status status="PASS" start="2025-10-13T15:57:10.861575" elapsed="0.006185"/>
</kw>
<var name="${element}">&lt;selenium.webdriver.remote.webelement.WebElement (session="7331525e-a053-492b-abd0-61120eafa564", element="0dac5917-e421-4fc8-b155-f712ec60fdac")&gt;</var>
<status status="PASS" start="2025-10-13T15:57:10.842668" elapsed="0.025182"/>
</iter>
<iter>
<kw name="Log" owner="BuiltIn">
<msg time="2025-10-13T15:57:10.873754" level="INFO">Sauce Labs Bolt T-Shirt</msg>
<arg>${element.text}</arg>
<doc>Logs the given message with the given level.</doc>
<status status="PASS" start="2025-10-13T15:57:10.868288" elapsed="0.005536"/>
</kw>
<kw name="Append To List" owner="Collections">
<arg>${actualList}</arg>
<arg>${element.text}</arg>
<doc>Adds ``values`` to the end of ``list``.</doc>
<status status="PASS" start="2025-10-13T15:57:10.874003" elapsed="0.006516"/>
</kw>
<var name="${element}">&lt;selenium.webdriver.remote.webelement.WebElement (session="7331525e-a053-492b-abd0-61120eafa564", element="34d7d633-e766-4dd5-9d66-a0b47cf26f92")&gt;</var>
<status status="PASS" start="2025-10-13T15:57:10.868061" elapsed="0.012542"/>
</iter>
<iter>
<kw name="Log" owner="BuiltIn">
<msg time="2025-10-13T15:57:10.887018" level="INFO">Sauce Labs Fleece Jacket</msg>
<arg>${element.text}</arg>
<doc>Logs the given message with the given level.</doc>
<status status="PASS" start="2025-10-13T15:57:10.880947" elapsed="0.006151"/>
</kw>
<kw name="Append To List" owner="Collections">
<arg>${actualList}</arg>
<arg>${element.text}</arg>
<doc>Adds ``values`` to the end of ``list``.</doc>
<status status="PASS" start="2025-10-13T15:57:10.887301" elapsed="0.005721"/>
</kw>
<var name="${element}">&lt;selenium.webdriver.remote.webelement.WebElement (session="7331525e-a053-492b-abd0-61120eafa564", element="358131f9-4bb8-4dfb-9d94-712001d9436c")&gt;</var>
<status status="PASS" start="2025-10-13T15:57:10.880735" elapsed="0.012385"/>
</iter>
<iter>
<kw name="Log" owner="BuiltIn">
<msg time="2025-10-13T15:57:10.899350" level="INFO">Sauce Labs Onesie</msg>
<arg>${element.text}</arg>
<doc>Logs the given message with the given level.</doc>
<status status="PASS" start="2025-10-13T15:57:10.893478" elapsed="0.006008"/>
</kw>
<kw name="Append To List" owner="Collections">
<arg>${actualList}</arg>
<arg>${element.text}</arg>
<doc>Adds ``values`` to the end of ``list``.</doc>
<status status="PASS" start="2025-10-13T15:57:10.899700" elapsed="0.006798"/>
</kw>
<var name="${element}">&lt;selenium.webdriver.remote.webelement.WebElement (session="7331525e-a053-492b-abd0-61120eafa564", element="a0371341-6754-4d93-8ba6-b61c7936741e")&gt;</var>
<status status="PASS" start="2025-10-13T15:57:10.893274" elapsed="0.013318"/>
</iter>
<iter>
<kw name="Log" owner="BuiltIn">
<msg time="2025-10-13T15:57:10.911934" level="INFO">Test.allTheThings() T-Shirt (Red)</msg>
<arg>${element.text}</arg>
<doc>Logs the given message with the given level.</doc>
<status status="PASS" start="2025-10-13T15:57:10.906937" elapsed="0.005076"/>
</kw>
<kw name="Append To List" owner="Collections">
<arg>${actualList}</arg>
<arg>${element.text}</arg>
<doc>Adds ``values`` to the end of ``list``.</doc>
<status status="PASS" start="2025-10-13T15:57:10.912193" elapsed="0.006396"/>
</kw>
<var name="${element}">&lt;selenium.webdriver.remote.webelement.WebElement (session="7331525e-a053-492b-abd0-61120eafa564", element="09d66b5e-1c1c-44f1-a212-a9fa56f81ff4")&gt;</var>
<status status="PASS" start="2025-10-13T15:57:10.906744" elapsed="0.011928"/>
</iter>
<var>${element}</var>
<value>@{elements}</value>
<status status="PASS" start="2025-10-13T15:57:10.824389" elapsed="0.094340"/>
</for>
<kw name="Lists Should Be Equal" owner="Collections">
<arg>${expectedList}</arg>
<arg>${actualList}</arg>
<doc>Fails if given lists are unequal.</doc>
<status status="PASS" start="2025-10-13T15:57:10.918883" elapsed="0.000322"/>
</kw>
<status status="PASS" start="2025-10-13T15:57:10.811381" elapsed="0.107899"/>
</kw>
<kw name="Apply Sort (Low to High) and verify ordering changes accordingly" owner="ProductsPage">
<kw name="Create List" owner="BuiltIn">
<msg time="2025-10-13T15:57:10.919826" level="INFO">@{expectedSortedList_lowToHigh} = [ Sauce Labs Onesie | Sauce Labs Bike Light | Sauce Labs Bolt T-Shirt | Test.allTheThings() T-Shirt (Red) | Sauce Labs Backpack | Sauce Labs Fleece Jacket ]</msg>
<var>@{expectedSortedList_lowToHigh}</var>
<arg>Sauce Labs Onesie</arg>
<arg>Sauce Labs Bike Light</arg>
<arg>Sauce Labs Bolt T-Shirt</arg>
<arg>Test.allTheThings() T-Shirt (Red)</arg>
<arg>Sauce Labs Backpack</arg>
<arg>Sauce Labs Fleece Jacket</arg>
<doc>Returns a list containing given items.</doc>
<status status="PASS" start="2025-10-13T15:57:10.919665" elapsed="0.000187"/>
</kw>
<kw name="Select From List By Value" owner="SeleniumLibrary">
<msg time="2025-10-13T15:57:10.920156" level="INFO">Selecting options from selection list 'css:.product_sort_container' by value lohi.</msg>
<arg>${sortOptions}</arg>
<arg>lohi</arg>
<doc>Selects options from selection list ``locator`` by ``values``.</doc>
<status status="PASS" start="2025-10-13T15:57:10.919967" elapsed="0.073784"/>
</kw>
<status status="PASS" start="2025-10-13T15:57:10.919427" elapsed="0.074449"/>
</kw>
<kw name="Add Products To Cart And Checkout" owner="Products">
<msg time="2025-10-13T15:57:10.994904" level="INFO">${selectedProducts} = ['Sauce Labs Onesie', 'Sauce Labs Bike Light', 'Test.allTheThings() T-Shirt (Red)']</msg>
<msg time="2025-10-13T15:57:11.005518" level="INFO">Clicking button 'xpath:(//*[@class='pricebar'])[1]/button'.</msg>
<msg time="2025-10-13T15:57:11.077513" level="INFO">Clicking button 'xpath:(//*[@class='pricebar'])[2]/button'.</msg>
<msg time="2025-10-13T15:57:11.165229" level="INFO">Clicking button 'xpath:(//*[@class='pricebar'])[4]/button'.</msg>
<msg time="2025-10-13T15:57:11.243828" level="INFO">Clicking element 'xpath://a[@href='./cart.html']'.</msg>
<arg>${listOfProducts}</arg>
<status status="PASS" start="2025-10-13T15:57:10.994016" elapsed="0.378592"/>
</kw>
<kw name="Verify Products In YourCart" owner="YourCart">
<msg time="2025-10-13T15:57:11.397576" level="INFO">Cart items: ['Sauce Labs Onesie', 'Sauce Labs Bike Light', 'Test.allTheThings() T-Shirt (Red)']
Selected products: ['Sauce Labs Onesie', 'Sauce Labs Bike Light', 'Test.allTheThings() T-Shirt (Red)']
✅ Cart verification successful. All products match.</msg>
<status status="PASS" start="2025-10-13T15:57:11.372840" elapsed="0.024825"/>
</kw>
<kw name="Click on Checkout and navigate to Your Information page" owner="YourCartPage">
<kw name="Click Element" owner="SeleniumLibrary">
<msg time="2025-10-13T15:57:11.398398" level="INFO">Clicking element 'xpath://a[text()='CHECKOUT']'.</msg>
<arg>${checkOut}</arg>
<doc>Click the element identified by ``locator``.</doc>
<status status="PASS" start="2025-10-13T15:57:11.398113" elapsed="0.424525"/>
</kw>
<status status="PASS" start="2025-10-13T15:57:11.397836" elapsed="0.424947"/>
</kw>
<kw name="Provide buyer details and click on continue" owner="InformationPage">
<kw name="Input Text" owner="SeleniumLibrary">
<msg time="2025-10-13T15:57:11.823775" level="INFO">Typing text 'Rukhsana' into text field 'first-name'.</msg>
<arg>first-name</arg>
<arg>${firstname}</arg>
<doc>Types the given ``text`` into the text field identified by ``locator``.</doc>
<status status="PASS" start="2025-10-13T15:57:11.823498" elapsed="0.028571"/>
</kw>
<kw name="Input Text" owner="SeleniumLibrary">
<msg time="2025-10-13T15:57:11.852724" level="INFO">Typing text 'Mohammed' into text field 'last-name'.</msg>
<arg>last-name</arg>
<arg>${lastname}</arg>
<doc>Types the given ``text`` into the text field identified by ``locator``.</doc>
<status status="PASS" start="2025-10-13T15:57:11.852321" elapsed="0.011505"/>
</kw>
<kw name="Input Text" owner="SeleniumLibrary">
<msg time="2025-10-13T15:57:11.864460" level="INFO">Typing text '560036' into text field 'postal-code'.</msg>
<arg>postal-code</arg>
<arg>${postalcode}</arg>
<doc>Types the given ``text`` into the text field identified by ``locator``.</doc>
<status status="PASS" start="2025-10-13T15:57:11.864074" elapsed="0.011115"/>
</kw>
<kw name="Click Element" owner="SeleniumLibrary">
<msg time="2025-10-13T15:57:11.875687" level="INFO">Clicking element 'css:input[type='submit']'.</msg>
<arg>${continueButton}</arg>
<doc>Click the element identified by ``locator``.</doc>
<status status="PASS" start="2025-10-13T15:57:11.875425" elapsed="0.425576"/>
</kw>
<arg>Rukhsana</arg>
<arg>Mohammed</arg>
<arg>560036</arg>
<status status="PASS" start="2025-10-13T15:57:11.823013" elapsed="0.478149"/>
</kw>
<kw name="Verify Products In OverviewPage" owner="Overview">
<msg time="2025-10-13T15:57:12.323179" level="INFO">Cart items: ['Sauce Labs Onesie', 'Sauce Labs Bike Light', 'Test.allTheThings() T-Shirt (Red)']
Selected products: ['Sauce Labs Onesie', 'Sauce Labs Bike Light', 'Test.allTheThings() T-Shirt (Red)']
✅ Overview page products verification successful. All products match.</msg>
<status status="PASS" start="2025-10-13T15:57:12.301361" elapsed="0.022027"/>
</kw>
<kw name="Click on Finish and verify order success message" owner="OverviewPage">
<kw name="Click Element" owner="SeleniumLibrary">
<msg time="2025-10-13T15:57:12.324266" level="INFO">Clicking element 'xpath://a[text()='FINISH']'.</msg>
<arg>${finishButton}</arg>
<doc>Click the element identified by ``locator``.</doc>
<status status="PASS" start="2025-10-13T15:57:12.324032" elapsed="0.765073"/>
</kw>
<kw name="Element Text Should Be" owner="SeleniumLibrary">
<msg time="2025-10-13T15:57:13.089865" level="INFO">Verifying element 'css:h2' contains exact text 'THANK YOU FOR YOUR ORDER'.</msg>
<arg>${orderSuccessMessage}</arg>
<arg>THANK YOU FOR YOUR ORDER</arg>
<doc>Verifies that element ``locator`` contains exact the text ``expected``.</doc>
<status status="PASS" start="2025-10-13T15:57:13.089361" elapsed="0.006140"/>
</kw>
<status status="PASS" start="2025-10-13T15:57:12.323688" elapsed="0.771899"/>
</kw>
<kw name="Close Browser Session" owner="Generic" type="TEARDOWN">
<kw name="Close Browser" owner="SeleniumLibrary">
<doc>Closes the current browser.</doc>
<status status="PASS" start="2025-10-13T15:57:13.096014" elapsed="2.741042"/>
</kw>
<status status="PASS" start="2025-10-13T15:57:13.095757" elapsed="2.741447"/>
</kw>
<tag>REGRESSION</tag>
<tag>SMOKE</tag>
<status status="PASS" start="2025-10-13T15:57:04.573251" elapsed="11.264007"/>
</test>
<doc>To validate login form</doc>
<status status="PASS" start="2025-10-13T15:56:28.394112" elapsed="47.443817"/>
</suite>
<doc>[https://pabot.org/?ref=log|Pabot] result from 6 executions.</doc>
<status status="PASS" start="2025-10-13T15:56:28.381000" elapsed="111.628000"/>
</suite>
<statistics>
<total>
<stat pass="25" fail="0" skip="0">All Tests</stat>
</total>
<tag>
<stat pass="1" fail="0" skip="0">NEW_FEATURE</stat>
<stat pass="1" fail="0" skip="0">REGRESSION</stat>
<stat pass="3" fail="0" skip="0">SMOKE</stat>
</tag>
<suite>
<stat name="Tests" id="s1" pass="25" fail="0" skip="0">Tests</stat>
<stat name="Missilenious" id="s1-s1" pass="2" fail="0" skip="0">Tests.Missilenious</stat>
<stat name="Parameterize" id="s1-s2" pass="3" fail="0" skip="0">Tests.Parameterize</stat>
<stat name="Parameterize CSV" id="s1-s3" pass="11" fail="0" skip="0">Tests.Parameterize CSV</stat>
<stat name="testDemo1" id="s1-s4" pass="1" fail="0" skip="0">Tests.testDemo1</stat>
<stat name="testDemo2" id="s1-s5" pass="4" fail="0" skip="0">Tests.testDemo2</stat>
<stat name="testDemo2 custom" id="s1-s6" pass="4" fail="0" skip="0">Tests.testDemo2 custom</stat>
</suite>
</statistics>
<errors>
</errors>
</robot>
