<?xml version="1.0" encoding="UTF-8"?>
<robot generator="Rebot 7.3.2 (Python 3.13.5 on win32)" generated="2025-10-16T10:55:14.272039" rpa="false" schemaversion="5">
<suite id="s1" name="Tests" source="D:\Projects\PythonProject_RobotFramework\tests">
<suite id="s1-s1" name="Missilenious" source="D:\Projects\PythonProject_RobotFramework\tests\Missilenious.robot">
<test id="s1-s1-t1" name="Select the form and navigate to child window" line="8">
<kw name="Navigate to LoginPage Url">
<kw name="Create Webdriver" owner="SeleniumLibrary">
<msg time="2025-10-16T10:53:24.648024" level="INFO">Creating an instance of the Edge WebDriver.</msg>
<arg>Edge</arg>
<doc>Creates an instance of Selenium WebDriver.</doc>
<status status="PASS" start="2025-10-16T10:53:24.647845" elapsed="1.421730"/>
</kw>
<kw name="Go To" owner="SeleniumLibrary">
<msg time="2025-10-16T10:53:26.070105" level="INFO">Opening url 'https://rahulshettyacademy.com/loginpagePractise/'</msg>
<arg>${url_loginPage}</arg>
<doc>Navigates the current browser window to the provided ``url``.</doc>
<status status="PASS" start="2025-10-16T10:53:26.069802" elapsed="0.262227"/>
</kw>
<status status="PASS" start="2025-10-16T10:53:24.647091" elapsed="1.685108"/>
</kw>
<kw name="Fill the login details and select user option">
<kw name="Input Text" owner="SeleniumLibrary">
<msg time="2025-10-16T10:53:26.333224" level="INFO">Typing text 'rahulshettyacademy' into text field 'id:username'.</msg>
<arg>id:username</arg>
<arg>rahulshettyacademy</arg>
<doc>Types the given ``text`` into the text field identified by ``locator``.</doc>
<status status="PASS" start="2025-10-16T10:53:26.332838" elapsed="0.092248"/>
</kw>
<kw name="Input Password" owner="SeleniumLibrary">
<msg time="2025-10-16T10:53:26.425677" level="INFO">Typing password into text field 'id:password'.</msg>
<msg time="2025-10-16T10:53:26.454040" level="INFO">Temporally setting log level to: NONE</msg>
<arg>id:password</arg>
<arg>learning</arg>
<doc>Types the given password into the text field identified by ``locator``.</doc>
<status status="PASS" start="2025-10-16T10:53:26.425357" elapsed="0.063446"/>
</kw>
<kw name="Click Element" owner="SeleniumLibrary">
<msg time="2025-10-16T10:53:26.489258" level="INFO">Clicking element 'css:input[value='user']'.</msg>
<arg>css:input[value='user']</arg>
<doc>Click the element identified by ``locator``.</doc>
<status status="PASS" start="2025-10-16T10:53:26.488966" elapsed="0.055191"/>
</kw>
<kw name="Wait Until Element Is Visible" owner="SeleniumLibrary">
<arg>css:.modal-body</arg>
<doc>Waits until the element ``locator`` is visible.</doc>
<status status="PASS" start="2025-10-16T10:53:26.544354" elapsed="0.236415"/>
</kw>
<kw name="Click Button" owner="SeleniumLibrary">
<msg time="2025-10-16T10:53:26.781230" level="INFO">Clicking button 'id:okayBtn'.</msg>
<arg>id:okayBtn</arg>
<doc>Clicks the button identified by ``locator``.</doc>
<status status="PASS" start="2025-10-16T10:53:26.780944" elapsed="0.062898"/>
</kw>
<kw name="Click Button" owner="SeleniumLibrary">
<msg time="2025-10-16T10:53:26.844233" level="INFO">Clicking button 'id:okayBtn'.</msg>
<arg>id:okayBtn</arg>
<doc>Clicks the button identified by ``locator``.</doc>
<status status="PASS" start="2025-10-16T10:53:26.843988" elapsed="0.045839"/>
</kw>
<kw name="Wait Until Element Is Not Visible" owner="SeleniumLibrary">
<arg>css:.modal-body</arg>
<doc>Waits until the element ``locator`` is not visible.</doc>
<status status="PASS" start="2025-10-16T10:53:26.889974" elapsed="0.219292"/>
</kw>
<kw name="Select From List By Value" owner="SeleniumLibrary">
<msg time="2025-10-16T10:53:27.109844" level="INFO">Selecting options from selection list 'css:select.form-control' by value teach.</msg>
<arg>css:select.form-control</arg>
<arg>teach</arg>
<doc>Selects options from selection list ``locator`` by ``values``.</doc>
<status status="PASS" start="2025-10-16T10:53:27.109493" elapsed="0.049244"/>
</kw>
<kw name="Select Checkbox" owner="SeleniumLibrary">
<msg time="2025-10-16T10:53:27.159213" level="INFO">Selecting checkbox 'terms'.</msg>
<arg>terms</arg>
<doc>Selects the checkbox identified by ``locator``.</doc>
<status status="PASS" start="2025-10-16T10:53:27.158940" elapsed="0.049122"/>
</kw>
<kw name="Checkbox Should Be Selected" owner="SeleniumLibrary">
<msg time="2025-10-16T10:53:27.208454" level="INFO">Verifying checkbox 'terms' is selected.</msg>
<arg>terms</arg>
<doc>Verifies checkbox ``locator`` is selected/checked.</doc>
<status status="PASS" start="2025-10-16T10:53:27.208239" elapsed="0.008979"/>
</kw>
<kw name="Element Should Be Visible" owner="SeleniumLibrary">
<msg time="2025-10-16T10:53:27.228859" level="INFO">Element 'css:.blinkingText' is displayed.</msg>
<arg>css:.blinkingText</arg>
<doc>Verifies that the element identified by ``locator`` is visible.</doc>
<status status="PASS" start="2025-10-16T10:53:27.217408" elapsed="0.011555"/>
</kw>
<status status="PASS" start="2025-10-16T10:53:26.332455" elapsed="0.896683"/>
</kw>
<status status="PASS" start="2025-10-16T10:53:24.646530" elapsed="2.582780"/>
</test>
<test id="s1-s1-t2" name="Validate Child Window Functionality" line="12">
<kw name="Select the link of child window">
<kw name="Click Element" owner="SeleniumLibrary">
<msg time="2025-10-16T10:53:27.230447" level="INFO">Clicking element 'xpath://a[contains(text(),'ResumeAssistance')]'.</msg>
<arg>xpath://a[contains(text(),'ResumeAssistance')]</arg>
<doc>Click the element identified by ``locator``.</doc>
<status status="PASS" start="2025-10-16T10:53:27.230241" elapsed="0.072122"/>
</kw>
<kw name="Sleep" owner="BuiltIn">
<msg time="2025-10-16T10:53:30.303280" level="INFO">Slept 3 seconds.</msg>
<arg>3</arg>
<doc>Pauses the test executed for the given time.</doc>
<status status="PASS" start="2025-10-16T10:53:27.302650" elapsed="3.000768"/>
</kw>
<status status="PASS" start="2025-10-16T10:53:27.229970" elapsed="3.073558"/>
</kw>
<kw name="Verify the user is switched to child window">
<kw name="Switch Window" owner="SeleniumLibrary">
<arg>NEW</arg>
<doc>Switches to browser window matching ``locator``.</doc>
<status status="PASS" start="2025-10-16T10:53:30.304115" elapsed="0.043070"/>
</kw>
<kw name="Element Text Should Be" owner="SeleniumLibrary">
<msg time="2025-10-16T10:53:30.348034" level="INFO">Verifying element 'css:h1' contains exact text 'DOCUMENTS REQUEST'.</msg>
<arg>css:h1</arg>
<arg>DOCUMENTS REQUEST</arg>
<doc>Verifies that element ``locator`` contains exact the text ``expected``.</doc>
<status status="PASS" start="2025-10-16T10:53:30.347459" elapsed="0.071471"/>
</kw>
<status status="PASS" start="2025-10-16T10:53:30.303697" elapsed="0.115395"/>
</kw>
<kw name="Grab the Email ID in the child window">
<kw name="Get Text" owner="SeleniumLibrary">
<msg time="2025-10-16T10:53:30.459043" level="INFO">${text} = Please email us at mentor@rahulshettyacademy.com with below template to receive response</msg>
<var>${text}</var>
<arg>css:.red</arg>
<doc>Returns the text value of the element identified by ``locator``.</doc>
<status status="PASS" start="2025-10-16T10:53:30.419797" elapsed="0.039329"/>
</kw>
<kw name="Split String" owner="String">
<msg time="2025-10-16T10:53:30.459809" level="INFO">@{words} = [ Please email us  |  mentor@rahulshettyacademy.com with below templ | e to receive response ]</msg>
<var>@{words}</var>
<arg>${text}</arg>
<arg>at</arg>
<doc>Splits the ``string`` using ``separator`` as a delimiter string.</doc>
<status status="PASS" start="2025-10-16T10:53:30.459408" elapsed="0.000452"/>
</kw>
<kw name="Get From List" owner="Collections">
<msg time="2025-10-16T10:53:30.460351" level="INFO">${text_split} =  mentor@rahulshettyacademy.com with below templ</msg>
<var>${text_split}</var>
<arg>${words}</arg>
<arg>1</arg>
<doc>Returns the value specified with an ``index`` from ``list``.</doc>
<status status="PASS" start="2025-10-16T10:53:30.460054" elapsed="0.000328"/>
</kw>
<kw name="Log" owner="BuiltIn">
<msg time="2025-10-16T10:53:30.460946" level="INFO"> mentor@rahulshettyacademy.com with below templ</msg>
<arg>${text_split}</arg>
<doc>Logs the given message with the given level.</doc>
<status status="PASS" start="2025-10-16T10:53:30.460641" elapsed="0.000562"/>
</kw>
<kw name="Split String" owner="String">
<msg time="2025-10-16T10:53:30.461738" level="INFO">@{words_2} = [ mentor@rahulshettyacademy.com | with | below | templ ]</msg>
<var>@{words_2}</var>
<arg>${text_split}</arg>
<doc>Splits the ``string`` using ``separator`` as a delimiter string.</doc>
<status status="PASS" start="2025-10-16T10:53:30.461394" elapsed="0.000383"/>
</kw>
<kw name="Get From List" owner="Collections">
<msg time="2025-10-16T10:53:30.462228" level="INFO">${email} = mentor@rahulshettyacademy.com</msg>
<var>${email}</var>
<arg>${words_2}</arg>
<arg>0</arg>
<doc>Returns the value specified with an ``index`` from ``list``.</doc>
<status status="PASS" start="2025-10-16T10:53:30.461960" elapsed="0.000302"/>
</kw>
<kw name="Set Global Variable" owner="BuiltIn">
<msg time="2025-10-16T10:53:30.462775" level="INFO">${email} = mentor@rahulshettyacademy.com</msg>
<arg>${email}</arg>
<doc>Makes a variable available globally in all tests and suites.</doc>
<status status="PASS" start="2025-10-16T10:53:30.462445" elapsed="0.000398"/>
</kw>
<status status="PASS" start="2025-10-16T10:53:30.419365" elapsed="0.043600"/>
</kw>
<kw name="Switch to parent window and enter the email">
<kw name="Switch Window" owner="SeleniumLibrary">
<arg>MAIN</arg>
<doc>Switches to browser window matching ``locator``.</doc>
<status status="PASS" start="2025-10-16T10:53:30.463537" elapsed="0.035523"/>
</kw>
<kw name="Title Should Be" owner="SeleniumLibrary">
<msg time="2025-10-16T10:53:30.528712" level="INFO">Page title is 'LoginPage Practise | Rahul Shetty Academy'.</msg>
<arg>LoginPage Practise | Rahul Shetty Academy</arg>
<doc>Verifies that the current page title equals ``title``.</doc>
<status status="PASS" start="2025-10-16T10:53:30.499276" elapsed="0.029603"/>
</kw>
<kw name="Input Text" owner="SeleniumLibrary">
<msg time="2025-10-16T10:53:30.529659" level="INFO">Typing text 'mentor@rahulshettyacademy.com' into text field 'id:username'.</msg>
<arg>id:username</arg>
<arg>${email}</arg>
<doc>Types the given ``text`` into the text field identified by ``locator``.</doc>
<status status="PASS" start="2025-10-16T10:53:30.529145" elapsed="0.185176"/>
</kw>
<status status="PASS" start="2025-10-16T10:53:30.463175" elapsed="0.251334"/>
</kw>
<status status="PASS" start="2025-10-16T10:53:27.229634" elapsed="3.485059"/>
</test>
<doc>Miscellaneous functionalities Validation Test</doc>
<status status="PASS" start="2025-10-16T10:53:24.493000" elapsed="6.068000"/>
</suite>
<suite id="s1-s2" name="Parameterize" source="D:\Projects\PythonProject_RobotFramework\tests\Parameterize.robot">
<test id="s1-s2-t1" name="Invalid username" line="11">
<kw name="Open the browser with the mortgage payment url" type="SETUP">
<kw name="Create Webdriver" owner="SeleniumLibrary">
<msg time="2025-10-16T10:53:24.664858" level="INFO">Creating an instance of the Firefox WebDriver.</msg>
<arg>Firefox</arg>
<doc>Creates an instance of Selenium WebDriver.</doc>
<status status="PASS" start="2025-10-16T10:53:24.664706" elapsed="7.790919"/>
</kw>
<kw name="Go To" owner="SeleniumLibrary">
<msg time="2025-10-16T10:53:32.456277" level="INFO">Opening url 'https://rahulshettyacademy.com/loginpagePractise/'</msg>
<arg>https://rahulshettyacademy.com/loginpagePractise/</arg>
<doc>Navigates the current browser window to the provided ``url``.</doc>
<status status="PASS" start="2025-10-16T10:53:32.455956" elapsed="0.792529"/>
</kw>
<status status="PASS" start="2025-10-16T10:53:24.664214" elapsed="8.584524"/>
</kw>
<kw name="Validate Unsuccessful Login">
<kw name="Fill the login form">
<kw name="Input Text" owner="SeleniumLibrary">
<msg time="2025-10-16T10:53:33.250847" level="INFO">Typing text 'asasa' into text field 'username'.</msg>
<arg>username</arg>
<arg>${username}</arg>
<doc>Types the given ``text`` into the text field identified by ``locator``.</doc>
<status status="PASS" start="2025-10-16T10:53:33.250306" elapsed="0.325172"/>
</kw>
<kw name="Input Text" owner="SeleniumLibrary">
<msg time="2025-10-16T10:53:33.576170" level="INFO">Typing text 'learning' into text field 'password'.</msg>
<arg>password</arg>
<arg>${password}</arg>
<doc>Types the given ``text`` into the text field identified by ``locator``.</doc>
<status status="PASS" start="2025-10-16T10:53:33.575754" elapsed="0.076870"/>
</kw>
<kw name="Click Button" owner="SeleniumLibrary">
<msg time="2025-10-16T10:53:33.653656" level="INFO">Clicking button 'signInBtn'.</msg>
<arg>signInBtn</arg>
<doc>Clicks the button identified by ``locator``.</doc>
<status status="PASS" start="2025-10-16T10:53:33.653067" elapsed="0.236014"/>
</kw>
<arg>${username}</arg>
<arg>${password}</arg>
<status status="PASS" start="2025-10-16T10:53:33.249832" elapsed="0.639457"/>
</kw>
<kw name="wait until it checks and display error message">
<kw name="Wait Until Element Is Visible" owner="SeleniumLibrary">
<arg>${Error_Message_Login}</arg>
<doc>Waits until the element ``locator`` is visible.</doc>
<status status="PASS" start="2025-10-16T10:53:33.890049" elapsed="2.003660"/>
</kw>
<status status="PASS" start="2025-10-16T10:53:33.889540" elapsed="2.004319"/>
</kw>
<kw name="verify error message is correct">
<kw name="Element Text Should Be" owner="SeleniumLibrary">
<msg time="2025-10-16T10:53:35.894691" level="INFO">Verifying element 'css:.alert-danger' contains exact text 'Incorrect username/password.'.</msg>
<arg>${Error_Message_Login}</arg>
<arg>Incorrect username/password.</arg>
<doc>Verifies that element ``locator`` contains exact the text ``expected``.</doc>
<status status="PASS" start="2025-10-16T10:53:35.894414" elapsed="0.009951"/>
</kw>
<status status="PASS" start="2025-10-16T10:53:35.894070" elapsed="0.010423"/>
</kw>
<arg>asasa</arg>
<arg>learning</arg>
<status status="PASS" start="2025-10-16T10:53:33.249210" elapsed="2.655334"/>
</kw>
<kw name="Close Browser" owner="SeleniumLibrary" type="TEARDOWN">
<doc>Closes the current browser.</doc>
<status status="PASS" start="2025-10-16T10:53:35.904768" elapsed="2.630801"/>
</kw>
<status status="PASS" start="2025-10-16T10:53:24.663721" elapsed="13.871956"/>
</test>
<test id="s1-s2-t2" name="Invalid password" line="12">
<kw name="Open the browser with the mortgage payment url" type="SETUP">
<kw name="Create Webdriver" owner="SeleniumLibrary">
<msg time="2025-10-16T10:53:38.536867" level="INFO">Creating an instance of the Firefox WebDriver.</msg>
<arg>Firefox</arg>
<doc>Creates an instance of Selenium WebDriver.</doc>
<status status="PASS" start="2025-10-16T10:53:38.536708" elapsed="5.691661"/>
</kw>
<kw name="Go To" owner="SeleniumLibrary">
<msg time="2025-10-16T10:53:44.228794" level="INFO">Opening url 'https://rahulshettyacademy.com/loginpagePractise/'</msg>
<arg>https://rahulshettyacademy.com/loginpagePractise/</arg>
<doc>Navigates the current browser window to the provided ``url``.</doc>
<status status="PASS" start="2025-10-16T10:53:44.228576" elapsed="0.368264"/>
</kw>
<status status="PASS" start="2025-10-16T10:53:38.536428" elapsed="6.060540"/>
</kw>
<kw name="Validate Unsuccessful Login">
<kw name="Fill the login form">
<kw name="Input Text" owner="SeleniumLibrary">
<msg time="2025-10-16T10:53:44.598280" level="INFO">Typing text 'rahulshettyacademy' into text field 'username'.</msg>
<arg>username</arg>
<arg>${username}</arg>
<doc>Types the given ``text`` into the text field identified by ``locator``.</doc>
<status status="PASS" start="2025-10-16T10:53:44.597976" elapsed="0.183943"/>
</kw>
<kw name="Input Text" owner="SeleniumLibrary">
<msg time="2025-10-16T10:53:44.782657" level="INFO">Typing text '21321' into text field 'password'.</msg>
<arg>password</arg>
<arg>${password}</arg>
<doc>Types the given ``text`` into the text field identified by ``locator``.</doc>
<status status="PASS" start="2025-10-16T10:53:44.782179" elapsed="0.043658"/>
</kw>
<kw name="Click Button" owner="SeleniumLibrary">
<msg time="2025-10-16T10:53:44.826769" level="INFO">Clicking button 'signInBtn'.</msg>
<arg>signInBtn</arg>
<doc>Clicks the button identified by ``locator``.</doc>
<status status="PASS" start="2025-10-16T10:53:44.826184" elapsed="0.107939"/>
</kw>
<arg>${username}</arg>
<arg>${password}</arg>
<status status="PASS" start="2025-10-16T10:53:44.597624" elapsed="0.336619"/>
</kw>
<kw name="wait until it checks and display error message">
<kw name="Wait Until Element Is Visible" owner="SeleniumLibrary">
<arg>${Error_Message_Login}</arg>
<doc>Waits until the element ``locator`` is visible.</doc>
<status status="PASS" start="2025-10-16T10:53:44.934670" elapsed="2.102984"/>
</kw>
<status status="PASS" start="2025-10-16T10:53:44.934391" elapsed="2.103394"/>
</kw>
<kw name="verify error message is correct">
<kw name="Element Text Should Be" owner="SeleniumLibrary">
<msg time="2025-10-16T10:53:47.038534" level="INFO">Verifying element 'css:.alert-danger' contains exact text 'Incorrect username/password.'.</msg>
<arg>${Error_Message_Login}</arg>
<arg>Incorrect username/password.</arg>
<doc>Verifies that element ``locator`` contains exact the text ``expected``.</doc>
<status status="PASS" start="2025-10-16T10:53:47.038310" elapsed="0.008368"/>
</kw>
<status status="PASS" start="2025-10-16T10:53:47.037964" elapsed="0.008803"/>
</kw>
<arg>rahulshettyacademy</arg>
<arg>21321</arg>
<status status="PASS" start="2025-10-16T10:53:44.597149" elapsed="2.449654"/>
</kw>
<kw name="Close Browser" owner="SeleniumLibrary" type="TEARDOWN">
<doc>Closes the current browser.</doc>
<status status="PASS" start="2025-10-16T10:53:47.046950" elapsed="2.609146"/>
</kw>
<status status="PASS" start="2025-10-16T10:53:38.536074" elapsed="11.120156"/>
</test>
<test id="s1-s2-t3" name="Special characters" line="13">
<kw name="Open the browser with the mortgage payment url" type="SETUP">
<kw name="Create Webdriver" owner="SeleniumLibrary">
<msg time="2025-10-16T10:53:49.657831" level="INFO">Creating an instance of the Firefox WebDriver.</msg>
<arg>Firefox</arg>
<doc>Creates an instance of Selenium WebDriver.</doc>
<status status="PASS" start="2025-10-16T10:53:49.657646" elapsed="5.123339"/>
</kw>
<kw name="Go To" owner="SeleniumLibrary">
<msg time="2025-10-16T10:53:54.781605" level="INFO">Opening url 'https://rahulshettyacademy.com/loginpagePractise/'</msg>
<arg>https://rahulshettyacademy.com/loginpagePractise/</arg>
<doc>Navigates the current browser window to the provided ``url``.</doc>
<status status="PASS" start="2025-10-16T10:53:54.781273" elapsed="0.340046"/>
</kw>
<status status="PASS" start="2025-10-16T10:53:49.657313" elapsed="5.464397"/>
</kw>
<kw name="Validate Unsuccessful Login">
<kw name="Fill the login form">
<kw name="Input Text" owner="SeleniumLibrary">
<msg time="2025-10-16T10:53:55.123393" level="INFO">Typing text '%^*' into text field 'username'.</msg>
<arg>username</arg>
<arg>${username}</arg>
<doc>Types the given ``text`` into the text field identified by ``locator``.</doc>
<status status="PASS" start="2025-10-16T10:53:55.123020" elapsed="0.078963"/>
</kw>
<kw name="Input Text" owner="SeleniumLibrary">
<msg time="2025-10-16T10:53:55.202598" level="INFO">Typing text 'learning' into text field 'password'.</msg>
<arg>password</arg>
<arg>${password}</arg>
<doc>Types the given ``text`` into the text field identified by ``locator``.</doc>
<status status="PASS" start="2025-10-16T10:53:55.202206" elapsed="0.023813"/>
</kw>
<kw name="Click Button" owner="SeleniumLibrary">
<msg time="2025-10-16T10:53:55.226454" level="INFO">Clicking button 'signInBtn'.</msg>
<arg>signInBtn</arg>
<doc>Clicks the button identified by ``locator``.</doc>
<status status="PASS" start="2025-10-16T10:53:55.226203" elapsed="0.073529"/>
</kw>
<arg>${username}</arg>
<arg>${password}</arg>
<status status="PASS" start="2025-10-16T10:53:55.122531" elapsed="0.177326"/>
</kw>
<kw name="wait until it checks and display error message">
<kw name="Wait Until Element Is Visible" owner="SeleniumLibrary">
<arg>${Error_Message_Login}</arg>
<doc>Waits until the element ``locator`` is visible.</doc>
<status status="PASS" start="2025-10-16T10:53:55.300404" elapsed="2.105922"/>
</kw>
<status status="PASS" start="2025-10-16T10:53:55.300030" elapsed="2.106382"/>
</kw>
<kw name="verify error message is correct">
<kw name="Element Text Should Be" owner="SeleniumLibrary">
<msg time="2025-10-16T10:53:57.406914" level="INFO">Verifying element 'css:.alert-danger' contains exact text 'Incorrect username/password.'.</msg>
<arg>${Error_Message_Login}</arg>
<arg>Incorrect username/password.</arg>
<doc>Verifies that element ``locator`` contains exact the text ``expected``.</doc>
<status status="PASS" start="2025-10-16T10:53:57.406758" elapsed="0.005474"/>
</kw>
<status status="PASS" start="2025-10-16T10:53:57.406523" elapsed="0.005833"/>
</kw>
<arg>%^*</arg>
<arg>learning</arg>
<status status="PASS" start="2025-10-16T10:53:55.121981" elapsed="2.290434"/>
</kw>
<kw name="Close Browser" owner="SeleniumLibrary" type="TEARDOWN">
<doc>Closes the current browser.</doc>
<status status="PASS" start="2025-10-16T10:53:57.412625" elapsed="2.728913"/>
</kw>
<status status="PASS" start="2025-10-16T10:53:49.656815" elapsed="10.484849"/>
</test>
<doc>Login on Multiple username and password combination</doc>
<status status="PASS" start="2025-10-16T10:53:24.521992" elapsed="35.620219"/>
</suite>
<suite id="s1-s3" name="Parameterize CSV" source="D:\Projects\PythonProject_RobotFramework\tests\Parameterize_CSV.robot">
<test id="s1-s3-t1" name="Invalid username" line="13">
<kw name="Open the browser with the mortgage payment url" type="SETUP">
<kw name="Create Webdriver" owner="SeleniumLibrary">
<msg time="2025-10-16T10:53:24.637814" level="INFO">Creating an instance of the Firefox WebDriver.</msg>
<arg>Firefox</arg>
<doc>Creates an instance of Selenium WebDriver.</doc>
<status status="PASS" start="2025-10-16T10:53:24.637655" elapsed="8.663048"/>
</kw>
<kw name="Go To" owner="SeleniumLibrary">
<msg time="2025-10-16T10:53:33.301311" level="INFO">Opening url 'https://rahulshettyacademy.com/loginpagePractise/'</msg>
<arg>https://rahulshettyacademy.com/loginpagePractise/</arg>
<doc>Navigates the current browser window to the provided ``url``.</doc>
<status status="PASS" start="2025-10-16T10:53:33.301026" elapsed="1.869825"/>
</kw>
<status status="PASS" start="2025-10-16T10:53:24.637106" elapsed="10.534214"/>
</kw>
<kw name="Validate Unsuccessful Login">
<kw name="Fill the login form">
<kw name="Input Text" owner="SeleniumLibrary">
<msg time="2025-10-16T10:53:35.174640" level="INFO">Typing text 'asasa' into text field 'username'.</msg>
<arg>username</arg>
<arg>${username}</arg>
<doc>Types the given ``text`` into the text field identified by ``locator``.</doc>
<status status="PASS" start="2025-10-16T10:53:35.173777" elapsed="0.112245"/>
</kw>
<kw name="Input Text" owner="SeleniumLibrary">
<msg time="2025-10-16T10:53:35.287729" level="INFO">Typing text 'learning' into text field 'password'.</msg>
<arg>password</arg>
<arg>${password}</arg>
<doc>Types the given ``text`` into the text field identified by ``locator``.</doc>
<status status="PASS" start="2025-10-16T10:53:35.286388" elapsed="0.033394"/>
</kw>
<kw name="Click Button" owner="SeleniumLibrary">
<msg time="2025-10-16T10:53:35.320342" level="INFO">Clicking button 'signInBtn'.</msg>
<arg>signInBtn</arg>
<doc>Clicks the button identified by ``locator``.</doc>
<status status="PASS" start="2025-10-16T10:53:35.320021" elapsed="0.072599"/>
</kw>
<arg>${username}</arg>
<arg>${password}</arg>
<status status="PASS" start="2025-10-16T10:53:35.172977" elapsed="0.219795"/>
</kw>
<kw name="wait until it checks and display error message">
<kw name="Wait Until Element Is Visible" owner="SeleniumLibrary">
<arg>${Error_Message_Login}</arg>
<doc>Waits until the element ``locator`` is visible.</doc>
<status status="PASS" start="2025-10-16T10:53:35.393567" elapsed="2.107423"/>
</kw>
<status status="PASS" start="2025-10-16T10:53:35.392949" elapsed="2.108208"/>
</kw>
<kw name="verify error message is correct">
<kw name="Get Text" owner="SeleniumLibrary">
<msg time="2025-10-16T10:53:37.508223" level="INFO">${error_text} = Incorrect username/password.</msg>
<var>${error_text}</var>
<arg>${Error_Message_Login}</arg>
<doc>Returns the text value of the element identified by ``locator``.</doc>
<status status="PASS" start="2025-10-16T10:53:37.501644" elapsed="0.006634"/>
</kw>
<kw name="Should Match Regexp" owner="BuiltIn">
<arg>${error_text}</arg>
<arg>.*username/password.*</arg>
<doc>Fails if ``string`` does not match ``pattern`` as a regular expression.</doc>
<status status="PASS" start="2025-10-16T10:53:37.508464" elapsed="0.000439"/>
</kw>
<status status="PASS" start="2025-10-16T10:53:37.501323" elapsed="0.007657"/>
</kw>
<arg>username=asasa</arg>
<arg>password=learning</arg>
<status status="PASS" start="2025-10-16T10:53:35.171731" elapsed="2.337302"/>
</kw>
<kw name="Close Browser" owner="SeleniumLibrary" type="TEARDOWN">
<doc>Closes the current browser.</doc>
<status status="PASS" start="2025-10-16T10:53:37.509232" elapsed="2.627607"/>
</kw>
<status status="PASS" start="2025-10-16T10:53:24.635851" elapsed="15.501087"/>
</test>
<test id="s1-s3-t2" name="Invalid password" line="13">
<kw name="Open the browser with the mortgage payment url" type="SETUP">
<kw name="Create Webdriver" owner="SeleniumLibrary">
<msg time="2025-10-16T10:53:40.138127" level="INFO">Creating an instance of the Firefox WebDriver.</msg>
<arg>Firefox</arg>
<doc>Creates an instance of Selenium WebDriver.</doc>
<status status="PASS" start="2025-10-16T10:53:40.138018" elapsed="5.708616"/>
</kw>
<kw name="Go To" owner="SeleniumLibrary">
<msg time="2025-10-16T10:53:45.847041" level="INFO">Opening url 'https://rahulshettyacademy.com/loginpagePractise/'</msg>
<arg>https://rahulshettyacademy.com/loginpagePractise/</arg>
<doc>Navigates the current browser window to the provided ``url``.</doc>
<status status="PASS" start="2025-10-16T10:53:45.846845" elapsed="0.283982"/>
</kw>
<status status="PASS" start="2025-10-16T10:53:40.137791" elapsed="5.993217"/>
</kw>
<kw name="Validate Unsuccessful Login">
<kw name="Fill the login form">
<kw name="Input Text" owner="SeleniumLibrary">
<msg time="2025-10-16T10:53:46.132207" level="INFO">Typing text 'rahulshettyacademy' into text field 'username'.</msg>
<arg>username</arg>
<arg>${username}</arg>
<doc>Types the given ``text`` into the text field identified by ``locator``.</doc>
<status status="PASS" start="2025-10-16T10:53:46.131962" elapsed="0.079969"/>
</kw>
<kw name="Input Text" owner="SeleniumLibrary">
<msg time="2025-10-16T10:53:46.212637" level="INFO">Typing text '23131eeqw' into text field 'password'.</msg>
<arg>password</arg>
<arg>${password}</arg>
<doc>Types the given ``text`` into the text field identified by ``locator``.</doc>
<status status="PASS" start="2025-10-16T10:53:46.212179" elapsed="0.016764"/>
</kw>
<kw name="Click Button" owner="SeleniumLibrary">
<msg time="2025-10-16T10:53:46.229450" level="INFO">Clicking button 'signInBtn'.</msg>
<arg>signInBtn</arg>
<doc>Clicks the button identified by ``locator``.</doc>
<status status="PASS" start="2025-10-16T10:53:46.229153" elapsed="0.069590"/>
</kw>
<arg>${username}</arg>
<arg>${password}</arg>
<status status="PASS" start="2025-10-16T10:53:46.131671" elapsed="0.167184"/>
</kw>
<kw name="wait until it checks and display error message">
<kw name="Wait Until Element Is Visible" owner="SeleniumLibrary">
<arg>${Error_Message_Login}</arg>
<doc>Waits until the element ``locator`` is visible.</doc>
<status status="PASS" start="2025-10-16T10:53:46.299333" elapsed="2.100381"/>
</kw>
<status status="PASS" start="2025-10-16T10:53:46.299007" elapsed="2.100829"/>
</kw>
<kw name="verify error message is correct">
<kw name="Get Text" owner="SeleniumLibrary">
<msg time="2025-10-16T10:53:48.405970" level="INFO">${error_text} = Incorrect username/password.</msg>
<var>${error_text}</var>
<arg>${Error_Message_Login}</arg>
<doc>Returns the text value of the element identified by ``locator``.</doc>
<status status="PASS" start="2025-10-16T10:53:48.400311" elapsed="0.005706"/>
</kw>
<kw name="Should Match Regexp" owner="BuiltIn">
<arg>${error_text}</arg>
<arg>.*username/password.*</arg>
<doc>Fails if ``string`` does not match ``pattern`` as a regular expression.</doc>
<status status="PASS" start="2025-10-16T10:53:48.406161" elapsed="0.000244"/>
</kw>
<status status="PASS" start="2025-10-16T10:53:48.399983" elapsed="0.006497"/>
</kw>
<arg>username=rahulshettyacademy</arg>
<arg>password=23131eeqw</arg>
<status status="PASS" start="2025-10-16T10:53:46.131264" elapsed="2.275268"/>
</kw>
<kw name="Close Browser" owner="SeleniumLibrary" type="TEARDOWN">
<doc>Closes the current browser.</doc>
<status status="PASS" start="2025-10-16T10:53:48.406690" elapsed="2.582568"/>
</kw>
<status status="PASS" start="2025-10-16T10:53:40.137215" elapsed="10.852173"/>
</test>
<test id="s1-s3-t3" name="special characters" line="13">
<kw name="Open the browser with the mortgage payment url" type="SETUP">
<kw name="Create Webdriver" owner="SeleniumLibrary">
<msg time="2025-10-16T10:53:50.991774" level="INFO">Creating an instance of the Firefox WebDriver.</msg>
<arg>Firefox</arg>
<doc>Creates an instance of Selenium WebDriver.</doc>
<status status="PASS" start="2025-10-16T10:53:50.991517" elapsed="5.245614"/>
</kw>
<kw name="Go To" owner="SeleniumLibrary">
<msg time="2025-10-16T10:53:56.237668" level="INFO">Opening url 'https://rahulshettyacademy.com/loginpagePractise/'</msg>
<arg>https://rahulshettyacademy.com/loginpagePractise/</arg>
<doc>Navigates the current browser window to the provided ``url``.</doc>
<status status="PASS" start="2025-10-16T10:53:56.237385" elapsed="0.310201"/>
</kw>
<status status="PASS" start="2025-10-16T10:53:50.991070" elapsed="5.556647"/>
</kw>
<kw name="Validate Unsuccessful Login">
<kw name="Fill the login form">
<kw name="Input Text" owner="SeleniumLibrary">
<msg time="2025-10-16T10:53:56.548752" level="INFO">Typing text '^()!' into text field 'username'.</msg>
<arg>username</arg>
<arg>${username}</arg>
<doc>Types the given ``text`` into the text field identified by ``locator``.</doc>
<status status="PASS" start="2025-10-16T10:53:56.548531" elapsed="0.059634"/>
</kw>
<kw name="Input Text" owner="SeleniumLibrary">
<msg time="2025-10-16T10:53:56.608709" level="INFO">Typing text 'learning' into text field 'password'.</msg>
<arg>password</arg>
<arg>${password}</arg>
<doc>Types the given ``text`` into the text field identified by ``locator``.</doc>
<status status="PASS" start="2025-10-16T10:53:56.608361" elapsed="0.019840"/>
</kw>
<kw name="Click Button" owner="SeleniumLibrary">
<msg time="2025-10-16T10:53:56.628582" level="INFO">Clicking button 'signInBtn'.</msg>
<arg>signInBtn</arg>
<doc>Clicks the button identified by ``locator``.</doc>
<status status="PASS" start="2025-10-16T10:53:56.628362" elapsed="0.076244"/>
</kw>
<arg>${username}</arg>
<arg>${password}</arg>
<status status="PASS" start="2025-10-16T10:53:56.548273" elapsed="0.156575"/>
</kw>
<kw name="wait until it checks and display error message">
<kw name="Wait Until Element Is Visible" owner="SeleniumLibrary">
<arg>${Error_Message_Login}</arg>
<doc>Waits until the element ``locator`` is visible.</doc>
<status status="PASS" start="2025-10-16T10:53:56.705612" elapsed="2.128912"/>
</kw>
<status status="PASS" start="2025-10-16T10:53:56.705104" elapsed="2.129573"/>
</kw>
<kw name="verify error message is correct">
<kw name="Get Text" owner="SeleniumLibrary">
<msg time="2025-10-16T10:53:58.843565" level="INFO">${error_text} = Incorrect username/password.</msg>
<var>${error_text}</var>
<arg>${Error_Message_Login}</arg>
<doc>Returns the text value of the element identified by ``locator``.</doc>
<status status="PASS" start="2025-10-16T10:53:58.835600" elapsed="0.008018"/>
</kw>
<kw name="Should Match Regexp" owner="BuiltIn">
<arg>${error_text}</arg>
<arg>.*username/password.*</arg>
<doc>Fails if ``string`` does not match ``pattern`` as a regular expression.</doc>
<status status="PASS" start="2025-10-16T10:53:58.843797" elapsed="0.000247"/>
</kw>
<status status="PASS" start="2025-10-16T10:53:58.834926" elapsed="0.009184"/>
</kw>
<arg>username=^()!</arg>
<arg>password=learning</arg>
<status status="PASS" start="2025-10-16T10:53:56.547915" elapsed="2.296242"/>
</kw>
<kw name="Close Browser" owner="SeleniumLibrary" type="TEARDOWN">
<doc>Closes the current browser.</doc>
<status status="PASS" start="2025-10-16T10:53:58.844293" elapsed="2.669775"/>
</kw>
<status status="PASS" start="2025-10-16T10:53:50.990085" elapsed="10.524129"/>
</test>
<test id="s1-s3-t4" name="Both wrong" line="13">
<kw name="Open the browser with the mortgage payment url" type="SETUP">
<kw name="Create Webdriver" owner="SeleniumLibrary">
<msg time="2025-10-16T10:54:01.516502" level="INFO">Creating an instance of the Firefox WebDriver.</msg>
<arg>Firefox</arg>
<doc>Creates an instance of Selenium WebDriver.</doc>
<status status="PASS" start="2025-10-16T10:54:01.516263" elapsed="4.924599"/>
</kw>
<kw name="Go To" owner="SeleniumLibrary">
<msg time="2025-10-16T10:54:06.441296" level="INFO">Opening url 'https://rahulshettyacademy.com/loginpagePractise/'</msg>
<arg>https://rahulshettyacademy.com/loginpagePractise/</arg>
<doc>Navigates the current browser window to the provided ``url``.</doc>
<status status="PASS" start="2025-10-16T10:54:06.441061" elapsed="0.302839"/>
</kw>
<status status="PASS" start="2025-10-16T10:54:01.515870" elapsed="5.228201"/>
</kw>
<kw name="Validate Unsuccessful Login">
<kw name="Fill the login form">
<kw name="Input Text" owner="SeleniumLibrary">
<msg time="2025-10-16T10:54:06.745404" level="INFO">Typing text 'wronguser' into text field 'username'.</msg>
<arg>username</arg>
<arg>${username}</arg>
<doc>Types the given ``text`` into the text field identified by ``locator``.</doc>
<status status="PASS" start="2025-10-16T10:54:06.745017" elapsed="0.085108"/>
</kw>
<kw name="Input Text" owner="SeleniumLibrary">
<msg time="2025-10-16T10:54:06.830723" level="INFO">Typing text 'wrongpass' into text field 'password'.</msg>
<arg>password</arg>
<arg>${password}</arg>
<doc>Types the given ``text`` into the text field identified by ``locator``.</doc>
<status status="PASS" start="2025-10-16T10:54:06.830319" elapsed="0.019596"/>
</kw>
<kw name="Click Button" owner="SeleniumLibrary">
<msg time="2025-10-16T10:54:06.850314" level="INFO">Clicking button 'signInBtn'.</msg>
<arg>signInBtn</arg>
<doc>Clicks the button identified by ``locator``.</doc>
<status status="PASS" start="2025-10-16T10:54:06.850081" elapsed="0.068126"/>
</kw>
<arg>${username}</arg>
<arg>${password}</arg>
<status status="PASS" start="2025-10-16T10:54:06.744679" elapsed="0.173655"/>
</kw>
<kw name="wait until it checks and display error message">
<kw name="Wait Until Element Is Visible" owner="SeleniumLibrary">
<arg>${Error_Message_Login}</arg>
<doc>Waits until the element ``locator`` is visible.</doc>
<status status="PASS" start="2025-10-16T10:54:06.918822" elapsed="2.096899"/>
</kw>
<status status="PASS" start="2025-10-16T10:54:06.918495" elapsed="2.097379"/>
</kw>
<kw name="verify error message is correct">
<kw name="Get Text" owner="SeleniumLibrary">
<msg time="2025-10-16T10:54:09.024011" level="INFO">${error_text} = Incorrect username/password.</msg>
<var>${error_text}</var>
<arg>${Error_Message_Login}</arg>
<doc>Returns the text value of the element identified by ``locator``.</doc>
<status status="PASS" start="2025-10-16T10:54:09.016758" elapsed="0.007314"/>
</kw>
<kw name="Should Match Regexp" owner="BuiltIn">
<arg>${error_text}</arg>
<arg>.*username/password.*</arg>
<doc>Fails if ``string`` does not match ``pattern`` as a regular expression.</doc>
<status status="PASS" start="2025-10-16T10:54:09.024263" elapsed="0.000321"/>
</kw>
<status status="PASS" start="2025-10-16T10:54:09.016184" elapsed="0.008478"/>
</kw>
<arg>username=wronguser</arg>
<arg>password=wrongpass</arg>
<status status="PASS" start="2025-10-16T10:54:06.744259" elapsed="2.280453"/>
</kw>
<kw name="Close Browser" owner="SeleniumLibrary" type="TEARDOWN">
<doc>Closes the current browser.</doc>
<status status="PASS" start="2025-10-16T10:54:09.024874" elapsed="2.585787"/>
</kw>
<status status="PASS" start="2025-10-16T10:54:01.514599" elapsed="10.096164"/>
</test>
<test id="s1-s3-t5" name="password empty" line="13">
<kw name="Open the browser with the mortgage payment url" type="SETUP">
<kw name="Create Webdriver" owner="SeleniumLibrary">
<msg time="2025-10-16T10:54:11.611848" level="INFO">Creating an instance of the Firefox WebDriver.</msg>
<arg>Firefox</arg>
<doc>Creates an instance of Selenium WebDriver.</doc>
<status status="PASS" start="2025-10-16T10:54:11.611740" elapsed="4.863063"/>
</kw>
<kw name="Go To" owner="SeleniumLibrary">
<msg time="2025-10-16T10:54:16.475177" level="INFO">Opening url 'https://rahulshettyacademy.com/loginpagePractise/'</msg>
<arg>https://rahulshettyacademy.com/loginpagePractise/</arg>
<doc>Navigates the current browser window to the provided ``url``.</doc>
<status status="PASS" start="2025-10-16T10:54:16.474981" elapsed="0.300544"/>
</kw>
<status status="PASS" start="2025-10-16T10:54:11.611531" elapsed="5.164133"/>
</kw>
<kw name="Validate Unsuccessful Login">
<kw name="Fill the login form">
<kw name="Input Text" owner="SeleniumLibrary">
<msg time="2025-10-16T10:54:16.777120" level="INFO">Typing text 'rahulshettyacademy' into text field 'username'.</msg>
<arg>username</arg>
<arg>${username}</arg>
<doc>Types the given ``text`` into the text field identified by ``locator``.</doc>
<status status="PASS" start="2025-10-16T10:54:16.776858" elapsed="0.080585"/>
</kw>
<kw name="Input Text" owner="SeleniumLibrary">
<msg time="2025-10-16T10:54:16.858071" level="INFO">Typing text '' into text field 'password'.</msg>
<arg>password</arg>
<arg>${password}</arg>
<doc>Types the given ``text`` into the text field identified by ``locator``.</doc>
<status status="PASS" start="2025-10-16T10:54:16.857664" elapsed="0.022217"/>
</kw>
<kw name="Click Button" owner="SeleniumLibrary">
<msg time="2025-10-16T10:54:16.880344" level="INFO">Clicking button 'signInBtn'.</msg>
<arg>signInBtn</arg>
<doc>Clicks the button identified by ``locator``.</doc>
<status status="PASS" start="2025-10-16T10:54:16.880085" elapsed="0.101551"/>
</kw>
<arg>${username}</arg>
<arg>${password}</arg>
<status status="PASS" start="2025-10-16T10:54:16.776478" elapsed="0.205339"/>
</kw>
<kw name="wait until it checks and display error message">
<kw name="Wait Until Element Is Visible" owner="SeleniumLibrary">
<arg>${Error_Message_Login}</arg>
<doc>Waits until the element ``locator`` is visible.</doc>
<status status="PASS" start="2025-10-16T10:54:16.982387" elapsed="0.010935"/>
</kw>
<status status="PASS" start="2025-10-16T10:54:16.982056" elapsed="0.011385"/>
</kw>
<kw name="verify error message is correct">
<kw name="Get Text" owner="SeleniumLibrary">
<msg time="2025-10-16T10:54:17.000902" level="INFO">${error_text} = Empty username/password.</msg>
<var>${error_text}</var>
<arg>${Error_Message_Login}</arg>
<doc>Returns the text value of the element identified by ``locator``.</doc>
<status status="PASS" start="2025-10-16T10:54:16.993937" elapsed="0.007015"/>
</kw>
<kw name="Should Match Regexp" owner="BuiltIn">
<arg>${error_text}</arg>
<arg>.*username/password.*</arg>
<doc>Fails if ``string`` does not match ``pattern`` as a regular expression.</doc>
<status status="PASS" start="2025-10-16T10:54:17.001106" elapsed="0.000212"/>
</kw>
<status status="PASS" start="2025-10-16T10:54:16.993628" elapsed="0.007752"/>
</kw>
<arg>username=rahulshettyacademy</arg>
<arg>password=</arg>
<status status="PASS" start="2025-10-16T10:54:16.776034" elapsed="0.225387"/>
</kw>
<kw name="Close Browser" owner="SeleniumLibrary" type="TEARDOWN">
<doc>Closes the current browser.</doc>
<status status="PASS" start="2025-10-16T10:54:17.001554" elapsed="2.606990"/>
</kw>
<status status="PASS" start="2025-10-16T10:54:11.610984" elapsed="7.997652"/>
</test>
<test id="s1-s3-t6" name="username empty" line="13">
<kw name="Open the browser with the mortgage payment url" type="SETUP">
<kw name="Create Webdriver" owner="SeleniumLibrary">
<msg time="2025-10-16T10:54:19.609698" level="INFO">Creating an instance of the Firefox WebDriver.</msg>
<arg>Firefox</arg>
<doc>Creates an instance of Selenium WebDriver.</doc>
<status status="PASS" start="2025-10-16T10:54:19.609597" elapsed="4.882638"/>
</kw>
<kw name="Go To" owner="SeleniumLibrary">
<msg time="2025-10-16T10:54:24.492639" level="INFO">Opening url 'https://rahulshettyacademy.com/loginpagePractise/'</msg>
<arg>https://rahulshettyacademy.com/loginpagePractise/</arg>
<doc>Navigates the current browser window to the provided ``url``.</doc>
<status status="PASS" start="2025-10-16T10:54:24.492445" elapsed="0.297464"/>
</kw>
<status status="PASS" start="2025-10-16T10:54:19.609399" elapsed="5.180628"/>
</kw>
<kw name="Validate Unsuccessful Login">
<kw name="Fill the login form">
<kw name="Input Text" owner="SeleniumLibrary">
<msg time="2025-10-16T10:54:24.790947" level="INFO">Typing text '' into text field 'username'.</msg>
<arg>username</arg>
<arg>${username}</arg>
<doc>Types the given ``text`` into the text field identified by ``locator``.</doc>
<status status="PASS" start="2025-10-16T10:54:24.790761" elapsed="0.058659"/>
</kw>
<kw name="Input Text" owner="SeleniumLibrary">
<msg time="2025-10-16T10:54:24.850024" level="INFO">Typing text 'learning' into text field 'password'.</msg>
<arg>password</arg>
<arg>${password}</arg>
<doc>Types the given ``text`` into the text field identified by ``locator``.</doc>
<status status="PASS" start="2025-10-16T10:54:24.849641" elapsed="0.029180"/>
</kw>
<kw name="Click Button" owner="SeleniumLibrary">
<msg time="2025-10-16T10:54:24.879494" level="INFO">Clicking button 'signInBtn'.</msg>
<arg>signInBtn</arg>
<doc>Clicks the button identified by ``locator``.</doc>
<status status="PASS" start="2025-10-16T10:54:24.879094" elapsed="0.097814"/>
</kw>
<arg>${username}</arg>
<arg>${password}</arg>
<status status="PASS" start="2025-10-16T10:54:24.790518" elapsed="0.186487"/>
</kw>
<kw name="wait until it checks and display error message">
<kw name="Wait Until Element Is Visible" owner="SeleniumLibrary">
<arg>${Error_Message_Login}</arg>
<doc>Waits until the element ``locator`` is visible.</doc>
<status status="PASS" start="2025-10-16T10:54:24.977384" elapsed="0.010123"/>
</kw>
<status status="PASS" start="2025-10-16T10:54:24.977141" elapsed="0.010473"/>
</kw>
<kw name="verify error message is correct">
<kw name="Get Text" owner="SeleniumLibrary">
<msg time="2025-10-16T10:54:24.994919" level="INFO">${error_text} = Empty username/password.</msg>
<var>${error_text}</var>
<arg>${Error_Message_Login}</arg>
<doc>Returns the text value of the element identified by ``locator``.</doc>
<status status="PASS" start="2025-10-16T10:54:24.988012" elapsed="0.006960"/>
</kw>
<kw name="Should Match Regexp" owner="BuiltIn">
<arg>${error_text}</arg>
<arg>.*username/password.*</arg>
<doc>Fails if ``string`` does not match ``pattern`` as a regular expression.</doc>
<status status="PASS" start="2025-10-16T10:54:24.995140" elapsed="0.000334"/>
</kw>
<status status="PASS" start="2025-10-16T10:54:24.987738" elapsed="0.007847"/>
</kw>
<arg>username=</arg>
<arg>password=learning</arg>
<status status="PASS" start="2025-10-16T10:54:24.790190" elapsed="0.205481"/>
</kw>
<kw name="Close Browser" owner="SeleniumLibrary" type="TEARDOWN">
<doc>Closes the current browser.</doc>
<status status="PASS" start="2025-10-16T10:54:24.995875" elapsed="2.600528"/>
</kw>
<status status="PASS" start="2025-10-16T10:54:19.608851" elapsed="7.987633"/>
</test>
<test id="s1-s3-t7" name="both empty" line="13">
<kw name="Open the browser with the mortgage payment url" type="SETUP">
<kw name="Create Webdriver" owner="SeleniumLibrary">
<msg time="2025-10-16T10:54:27.597521" level="INFO">Creating an instance of the Firefox WebDriver.</msg>
<arg>Firefox</arg>
<doc>Creates an instance of Selenium WebDriver.</doc>
<status status="PASS" start="2025-10-16T10:54:27.597419" elapsed="4.749164"/>
</kw>
<kw name="Go To" owner="SeleniumLibrary">
<msg time="2025-10-16T10:54:32.346949" level="INFO">Opening url 'https://rahulshettyacademy.com/loginpagePractise/'</msg>
<arg>https://rahulshettyacademy.com/loginpagePractise/</arg>
<doc>Navigates the current browser window to the provided ``url``.</doc>
<status status="PASS" start="2025-10-16T10:54:32.346766" elapsed="0.833595"/>
</kw>
<status status="PASS" start="2025-10-16T10:54:27.597224" elapsed="5.583437"/>
</kw>
<kw name="Validate Unsuccessful Login">
<kw name="Fill the login form">
<kw name="Input Text" owner="SeleniumLibrary">
<msg time="2025-10-16T10:54:33.182375" level="INFO">Typing text '' into text field 'username'.</msg>
<arg>username</arg>
<arg>${username}</arg>
<doc>Types the given ``text`` into the text field identified by ``locator``.</doc>
<status status="PASS" start="2025-10-16T10:54:33.182105" elapsed="0.064847"/>
</kw>
<kw name="Input Text" owner="SeleniumLibrary">
<msg time="2025-10-16T10:54:33.247608" level="INFO">Typing text '' into text field 'password'.</msg>
<arg>password</arg>
<arg>${password}</arg>
<doc>Types the given ``text`` into the text field identified by ``locator``.</doc>
<status status="PASS" start="2025-10-16T10:54:33.247189" elapsed="0.028218"/>
</kw>
<kw name="Click Button" owner="SeleniumLibrary">
<msg time="2025-10-16T10:54:33.276345" level="INFO">Clicking button 'signInBtn'.</msg>
<arg>signInBtn</arg>
<doc>Clicks the button identified by ``locator``.</doc>
<status status="PASS" start="2025-10-16T10:54:33.275875" elapsed="0.089164"/>
</kw>
<arg>${username}</arg>
<arg>${password}</arg>
<status status="PASS" start="2025-10-16T10:54:33.181703" elapsed="0.183496"/>
</kw>
<kw name="wait until it checks and display error message">
<kw name="Wait Until Element Is Visible" owner="SeleniumLibrary">
<arg>${Error_Message_Login}</arg>
<doc>Waits until the element ``locator`` is visible.</doc>
<status status="PASS" start="2025-10-16T10:54:33.365904" elapsed="0.011052"/>
</kw>
<status status="PASS" start="2025-10-16T10:54:33.365405" elapsed="0.011703"/>
</kw>
<kw name="verify error message is correct">
<kw name="Get Text" owner="SeleniumLibrary">
<msg time="2025-10-16T10:54:33.393311" level="INFO">${error_text} = Empty username/password.</msg>
<var>${error_text}</var>
<arg>${Error_Message_Login}</arg>
<doc>Returns the text value of the element identified by ``locator``.</doc>
<status status="PASS" start="2025-10-16T10:54:33.377690" elapsed="0.015691"/>
</kw>
<kw name="Should Match Regexp" owner="BuiltIn">
<arg>${error_text}</arg>
<arg>.*username/password.*</arg>
<doc>Fails if ``string`` does not match ``pattern`` as a regular expression.</doc>
<status status="PASS" start="2025-10-16T10:54:33.393597" elapsed="0.000245"/>
</kw>
<status status="PASS" start="2025-10-16T10:54:33.377294" elapsed="0.016622"/>
</kw>
<arg>username=</arg>
<arg>password=</arg>
<status status="PASS" start="2025-10-16T10:54:33.181034" elapsed="0.212950"/>
</kw>
<kw name="Close Browser" owner="SeleniumLibrary" type="TEARDOWN">
<doc>Closes the current browser.</doc>
<status status="PASS" start="2025-10-16T10:54:33.394144" elapsed="2.603277"/>
</kw>
<status status="PASS" start="2025-10-16T10:54:27.596693" elapsed="8.400812"/>
</test>
<test id="s1-s3-t8" name="username_OR" line="13">
<kw name="Open the browser with the mortgage payment url" type="SETUP">
<kw name="Create Webdriver" owner="SeleniumLibrary">
<msg time="2025-10-16T10:54:35.998561" level="INFO">Creating an instance of the Firefox WebDriver.</msg>
<arg>Firefox</arg>
<doc>Creates an instance of Selenium WebDriver.</doc>
<status status="PASS" start="2025-10-16T10:54:35.998448" elapsed="4.844700"/>
</kw>
<kw name="Go To" owner="SeleniumLibrary">
<msg time="2025-10-16T10:54:40.843715" level="INFO">Opening url 'https://rahulshettyacademy.com/loginpagePractise/'</msg>
<arg>https://rahulshettyacademy.com/loginpagePractise/</arg>
<doc>Navigates the current browser window to the provided ``url``.</doc>
<status status="PASS" start="2025-10-16T10:54:40.843490" elapsed="0.297450"/>
</kw>
<status status="PASS" start="2025-10-16T10:54:35.998251" elapsed="5.142812"/>
</kw>
<kw name="Validate Unsuccessful Login">
<kw name="Fill the login form">
<kw name="Input Text" owner="SeleniumLibrary">
<msg time="2025-10-16T10:54:41.141908" level="INFO">Typing text '' OR '1'='1' into text field 'username'.</msg>
<arg>username</arg>
<arg>${username}</arg>
<doc>Types the given ``text`` into the text field identified by ``locator``.</doc>
<status status="PASS" start="2025-10-16T10:54:41.141735" elapsed="0.057737"/>
</kw>
<kw name="Input Text" owner="SeleniumLibrary">
<msg time="2025-10-16T10:54:41.199958" level="INFO">Typing text 'learning' into text field 'password'.</msg>
<arg>password</arg>
<arg>${password}</arg>
<doc>Types the given ``text`` into the text field identified by ``locator``.</doc>
<status status="PASS" start="2025-10-16T10:54:41.199646" elapsed="0.028285"/>
</kw>
<kw name="Click Button" owner="SeleniumLibrary">
<msg time="2025-10-16T10:54:41.228347" level="INFO">Clicking button 'signInBtn'.</msg>
<arg>signInBtn</arg>
<doc>Clicks the button identified by ``locator``.</doc>
<status status="PASS" start="2025-10-16T10:54:41.228101" elapsed="0.097336"/>
</kw>
<arg>${username}</arg>
<arg>${password}</arg>
<status status="PASS" start="2025-10-16T10:54:41.141521" elapsed="0.184043"/>
</kw>
<kw name="wait until it checks and display error message">
<kw name="Wait Until Element Is Visible" owner="SeleniumLibrary">
<arg>${Error_Message_Login}</arg>
<doc>Waits until the element ``locator`` is visible.</doc>
<status status="PASS" start="2025-10-16T10:54:41.326084" elapsed="2.095840"/>
</kw>
<status status="PASS" start="2025-10-16T10:54:41.325735" elapsed="2.096326"/>
</kw>
<kw name="verify error message is correct">
<kw name="Get Text" owner="SeleniumLibrary">
<msg time="2025-10-16T10:54:43.432191" level="INFO">${error_text} = Incorrect username/password.</msg>
<var>${error_text}</var>
<arg>${Error_Message_Login}</arg>
<doc>Returns the text value of the element identified by ``locator``.</doc>
<status status="PASS" start="2025-10-16T10:54:43.422639" elapsed="0.009648"/>
</kw>
<kw name="Should Match Regexp" owner="BuiltIn">
<arg>${error_text}</arg>
<arg>.*username/password.*</arg>
<doc>Fails if ``string`` does not match ``pattern`` as a regular expression.</doc>
<status status="PASS" start="2025-10-16T10:54:43.432711" elapsed="0.000526"/>
</kw>
<status status="PASS" start="2025-10-16T10:54:43.422257" elapsed="0.011107"/>
</kw>
<arg>username=' OR '1'='1</arg>
<arg>password=learning</arg>
<status status="PASS" start="2025-10-16T10:54:41.141230" elapsed="2.292195"/>
</kw>
<kw name="Close Browser" owner="SeleniumLibrary" type="TEARDOWN">
<doc>Closes the current browser.</doc>
<status status="PASS" start="2025-10-16T10:54:43.433616" elapsed="2.591083"/>
</kw>
<status status="PASS" start="2025-10-16T10:54:35.997715" elapsed="10.027087"/>
</test>
<test id="s1-s3-t9" name="password_OR" line="13">
<kw name="Open the browser with the mortgage payment url" type="SETUP">
<kw name="Create Webdriver" owner="SeleniumLibrary">
<msg time="2025-10-16T10:54:46.026244" level="INFO">Creating an instance of the Firefox WebDriver.</msg>
<arg>Firefox</arg>
<doc>Creates an instance of Selenium WebDriver.</doc>
<status status="PASS" start="2025-10-16T10:54:46.026105" elapsed="4.893999"/>
</kw>
<kw name="Go To" owner="SeleniumLibrary">
<msg time="2025-10-16T10:54:50.920564" level="INFO">Opening url 'https://rahulshettyacademy.com/loginpagePractise/'</msg>
<arg>https://rahulshettyacademy.com/loginpagePractise/</arg>
<doc>Navigates the current browser window to the provided ``url``.</doc>
<status status="PASS" start="2025-10-16T10:54:50.920305" elapsed="0.306911"/>
</kw>
<status status="PASS" start="2025-10-16T10:54:46.025826" elapsed="5.201506"/>
</kw>
<kw name="Validate Unsuccessful Login">
<kw name="Fill the login form">
<kw name="Input Text" owner="SeleniumLibrary">
<msg time="2025-10-16T10:54:51.228319" level="INFO">Typing text 'rahulshettyacademy' into text field 'username'.</msg>
<arg>username</arg>
<arg>${username}</arg>
<doc>Types the given ``text`` into the text field identified by ``locator``.</doc>
<status status="PASS" start="2025-10-16T10:54:51.228130" elapsed="0.055019"/>
</kw>
<kw name="Input Text" owner="SeleniumLibrary">
<msg time="2025-10-16T10:54:51.283882" level="INFO">Typing text '' OR '1'='2' into text field 'password'.</msg>
<arg>password</arg>
<arg>${password}</arg>
<doc>Types the given ``text`` into the text field identified by ``locator``.</doc>
<status status="PASS" start="2025-10-16T10:54:51.283420" elapsed="0.021609"/>
</kw>
<kw name="Click Button" owner="SeleniumLibrary">
<msg time="2025-10-16T10:54:51.305411" level="INFO">Clicking button 'signInBtn'.</msg>
<arg>signInBtn</arg>
<doc>Clicks the button identified by ``locator``.</doc>
<status status="PASS" start="2025-10-16T10:54:51.305190" elapsed="0.077106"/>
</kw>
<arg>${username}</arg>
<arg>${password}</arg>
<status status="PASS" start="2025-10-16T10:54:51.227855" elapsed="0.154547"/>
</kw>
<kw name="wait until it checks and display error message">
<kw name="Wait Until Element Is Visible" owner="SeleniumLibrary">
<arg>${Error_Message_Login}</arg>
<doc>Waits until the element ``locator`` is visible.</doc>
<status status="PASS" start="2025-10-16T10:54:51.382974" elapsed="2.092491"/>
</kw>
<status status="PASS" start="2025-10-16T10:54:51.382541" elapsed="2.093015"/>
</kw>
<kw name="verify error message is correct">
<kw name="Get Text" owner="SeleniumLibrary">
<msg time="2025-10-16T10:54:53.483127" level="INFO">${error_text} = Incorrect username/password.</msg>
<var>${error_text}</var>
<arg>${Error_Message_Login}</arg>
<doc>Returns the text value of the element identified by ``locator``.</doc>
<status status="PASS" start="2025-10-16T10:54:53.475938" elapsed="0.007247"/>
</kw>
<kw name="Should Match Regexp" owner="BuiltIn">
<arg>${error_text}</arg>
<arg>.*username/password.*</arg>
<doc>Fails if ``string`` does not match ``pattern`` as a regular expression.</doc>
<status status="PASS" start="2025-10-16T10:54:53.483345" elapsed="0.000270"/>
</kw>
<status status="PASS" start="2025-10-16T10:54:53.475675" elapsed="0.008015"/>
</kw>
<arg>username=rahulshettyacademy</arg>
<arg>password=' OR '1'='2</arg>
<status status="PASS" start="2025-10-16T10:54:51.227499" elapsed="2.256243"/>
</kw>
<kw name="Close Browser" owner="SeleniumLibrary" type="TEARDOWN">
<doc>Closes the current browser.</doc>
<status status="PASS" start="2025-10-16T10:54:53.483897" elapsed="2.589385"/>
</kw>
<status status="PASS" start="2025-10-16T10:54:46.025076" elapsed="10.048296"/>
</test>
<test id="s1-s3-t10" name="long password" line="13">
<kw name="Open the browser with the mortgage payment url" type="SETUP">
<kw name="Create Webdriver" owner="SeleniumLibrary">
<msg time="2025-10-16T10:54:56.074452" level="INFO">Creating an instance of the Firefox WebDriver.</msg>
<arg>Firefox</arg>
<doc>Creates an instance of Selenium WebDriver.</doc>
<status status="PASS" start="2025-10-16T10:54:56.074350" elapsed="4.860753"/>
</kw>
<kw name="Go To" owner="SeleniumLibrary">
<msg time="2025-10-16T10:55:00.935519" level="INFO">Opening url 'https://rahulshettyacademy.com/loginpagePractise/'</msg>
<arg>https://rahulshettyacademy.com/loginpagePractise/</arg>
<doc>Navigates the current browser window to the provided ``url``.</doc>
<status status="PASS" start="2025-10-16T10:55:00.935313" elapsed="0.271824"/>
</kw>
<status status="PASS" start="2025-10-16T10:54:56.074141" elapsed="5.133141"/>
</kw>
<kw name="Validate Unsuccessful Login">
<kw name="Fill the login form">
<kw name="Input Text" owner="SeleniumLibrary">
<msg time="2025-10-16T10:55:01.208441" level="INFO">Typing text 'rahulshettyacademy' into text field 'username'.</msg>
<arg>username</arg>
<arg>${username}</arg>
<doc>Types the given ``text`` into the text field identified by ``locator``.</doc>
<status status="PASS" start="2025-10-16T10:55:01.208219" elapsed="0.067490"/>
</kw>
<kw name="Input Text" owner="SeleniumLibrary">
<msg time="2025-10-16T10:55:01.276186" level="INFO">Typing text 'verylongpasswordvalueover255characters...............................Azhar............................' into text field 'password'.</msg>
<arg>password</arg>
<arg>${password}</arg>
<doc>Types the given ``text`` into the text field identified by ``locator``.</doc>
<status status="PASS" start="2025-10-16T10:55:01.275876" elapsed="0.037178"/>
</kw>
<kw name="Click Button" owner="SeleniumLibrary">
<msg time="2025-10-16T10:55:01.313500" level="INFO">Clicking button 'signInBtn'.</msg>
<arg>signInBtn</arg>
<doc>Clicks the button identified by ``locator``.</doc>
<status status="PASS" start="2025-10-16T10:55:01.313234" elapsed="0.066973"/>
</kw>
<arg>${username}</arg>
<arg>${password}</arg>
<status status="PASS" start="2025-10-16T10:55:01.207892" elapsed="0.172469"/>
</kw>
<kw name="wait until it checks and display error message">
<kw name="Wait Until Element Is Visible" owner="SeleniumLibrary">
<arg>${Error_Message_Login}</arg>
<doc>Waits until the element ``locator`` is visible.</doc>
<status status="PASS" start="2025-10-16T10:55:01.381084" elapsed="2.098083"/>
</kw>
<status status="PASS" start="2025-10-16T10:55:01.380547" elapsed="2.098713"/>
</kw>
<kw name="verify error message is correct">
<kw name="Get Text" owner="SeleniumLibrary">
<msg time="2025-10-16T10:55:03.485889" level="INFO">${error_text} = Incorrect username/password.</msg>
<var>${error_text}</var>
<arg>${Error_Message_Login}</arg>
<doc>Returns the text value of the element identified by ``locator``.</doc>
<status status="PASS" start="2025-10-16T10:55:03.479660" elapsed="0.006286"/>
</kw>
<kw name="Should Match Regexp" owner="BuiltIn">
<arg>${error_text}</arg>
<arg>.*username/password.*</arg>
<doc>Fails if ``string`` does not match ``pattern`` as a regular expression.</doc>
<status status="PASS" start="2025-10-16T10:55:03.486120" elapsed="0.000305"/>
</kw>
<status status="PASS" start="2025-10-16T10:55:03.479377" elapsed="0.007133"/>
</kw>
<arg>username=rahulshettyacademy</arg>
<arg>password=verylongpasswordvalueover255characters...............................Azhar............................</arg>
<status status="PASS" start="2025-10-16T10:55:01.207449" elapsed="2.279116"/>
</kw>
<kw name="Close Browser" owner="SeleniumLibrary" type="TEARDOWN">
<doc>Closes the current browser.</doc>
<status status="PASS" start="2025-10-16T10:55:03.486763" elapsed="2.596637"/>
</kw>
<status status="PASS" start="2025-10-16T10:54:56.073594" elapsed="10.009888"/>
</test>
<test id="s1-s3-t11" name="Login with user  and password " line="13">
<kw name="Open the browser with the mortgage payment url" type="SETUP">
<kw name="Create Webdriver" owner="SeleniumLibrary">
<msg time="2025-10-16T10:55:06.084555" level="INFO">Creating an instance of the Firefox WebDriver.</msg>
<arg>Firefox</arg>
<doc>Creates an instance of Selenium WebDriver.</doc>
<status status="PASS" start="2025-10-16T10:55:06.084451" elapsed="4.826964"/>
</kw>
<kw name="Go To" owner="SeleniumLibrary">
<msg time="2025-10-16T10:55:10.912000" level="INFO">Opening url 'https://rahulshettyacademy.com/loginpagePractise/'</msg>
<arg>https://rahulshettyacademy.com/loginpagePractise/</arg>
<doc>Navigates the current browser window to the provided ``url``.</doc>
<status status="PASS" start="2025-10-16T10:55:10.911688" elapsed="0.280988"/>
</kw>
<status status="PASS" start="2025-10-16T10:55:06.084236" elapsed="5.108601"/>
</kw>
<kw name="Validate Unsuccessful Login">
<kw name="Fill the login form">
<kw name="Input Text" owner="SeleniumLibrary">
<msg time="2025-10-16T10:55:11.193821" level="INFO">Typing text '' into text field 'username'.</msg>
<arg>username</arg>
<arg>${username}</arg>
<doc>Types the given ``text`` into the text field identified by ``locator``.</doc>
<status status="PASS" start="2025-10-16T10:55:11.193621" elapsed="0.048329"/>
</kw>
<kw name="Input Text" owner="SeleniumLibrary">
<msg time="2025-10-16T10:55:11.242614" level="INFO">Typing text '' into text field 'password'.</msg>
<arg>password</arg>
<arg>${password}</arg>
<doc>Types the given ``text`` into the text field identified by ``locator``.</doc>
<status status="PASS" start="2025-10-16T10:55:11.242202" elapsed="0.025763"/>
</kw>
<kw name="Click Button" owner="SeleniumLibrary">
<msg time="2025-10-16T10:55:11.268444" level="INFO">Clicking button 'signInBtn'.</msg>
<arg>signInBtn</arg>
<doc>Clicks the button identified by ``locator``.</doc>
<status status="PASS" start="2025-10-16T10:55:11.268173" elapsed="0.083900"/>
</kw>
<arg>${username}</arg>
<arg>${password}</arg>
<status status="PASS" start="2025-10-16T10:55:11.193370" elapsed="0.158803"/>
</kw>
<kw name="wait until it checks and display error message">
<kw name="Wait Until Element Is Visible" owner="SeleniumLibrary">
<arg>${Error_Message_Login}</arg>
<doc>Waits until the element ``locator`` is visible.</doc>
<status status="PASS" start="2025-10-16T10:55:11.352648" elapsed="0.008810"/>
</kw>
<status status="PASS" start="2025-10-16T10:55:11.352306" elapsed="0.009280"/>
</kw>
<kw name="verify error message is correct">
<kw name="Get Text" owner="SeleniumLibrary">
<msg time="2025-10-16T10:55:11.370591" level="INFO">${error_text} = Empty username/password.</msg>
<var>${error_text}</var>
<arg>${Error_Message_Login}</arg>
<doc>Returns the text value of the element identified by ``locator``.</doc>
<status status="PASS" start="2025-10-16T10:55:11.362300" elapsed="0.008344"/>
</kw>
<kw name="Should Match Regexp" owner="BuiltIn">
<arg>${error_text}</arg>
<arg>.*username/password.*</arg>
<doc>Fails if ``string`` does not match ``pattern`` as a regular expression.</doc>
<status status="PASS" start="2025-10-16T10:55:11.370808" elapsed="0.000258"/>
</kw>
<status status="PASS" start="2025-10-16T10:55:11.361775" elapsed="0.009369"/>
</kw>
<arg>username=</arg>
<arg>password=</arg>
<status status="PASS" start="2025-10-16T10:55:11.193027" elapsed="0.178169"/>
</kw>
<kw name="Close Browser" owner="SeleniumLibrary" type="TEARDOWN">
<doc>Closes the current browser.</doc>
<status status="PASS" start="2025-10-16T10:55:11.371348" elapsed="2.593613"/>
</kw>
<status status="PASS" start="2025-10-16T10:55:06.083692" elapsed="7.881418"/>
</test>
<doc>To Validate Login form with excel data</doc>
<status status="PASS" start="2025-10-16T10:53:24.485701" elapsed="109.479931"/>
</suite>
<suite id="s1-s4" name="testDemo1" source="D:\Projects\PythonProject_RobotFramework\tests\testDemo1.robot">
<test id="s1-s4-t1" name="Validate Successful Login" line="7">
<kw name="Open the browser with Swaglabs URL">
<kw name="Create Webdriver" owner="SeleniumLibrary">
<msg time="2025-10-16T10:53:24.594739" level="INFO">Creating an instance of the Firefox WebDriver.</msg>
<arg>Firefox</arg>
<doc>Creates an instance of Selenium WebDriver.</doc>
<status status="PASS" start="2025-10-16T10:53:24.594583" elapsed="6.121814"/>
</kw>
<kw name="Go To" owner="SeleniumLibrary">
<msg time="2025-10-16T10:53:30.716914" level="INFO">Opening url 'https://www.saucedemo.com/v1/index.html'</msg>
<arg>https://www.saucedemo.com/v1/index.html</arg>
<doc>Navigates the current browser window to the provided ``url``.</doc>
<status status="PASS" start="2025-10-16T10:53:30.716658" elapsed="0.561600"/>
</kw>
<status status="PASS" start="2025-10-16T10:53:24.594090" elapsed="6.684419"/>
</kw>
<kw name="fill the login form">
<kw name="Input Text" owner="SeleniumLibrary">
<msg time="2025-10-16T10:53:31.280382" level="INFO">Typing text 'standard_user' into text field 'id:user-name'.</msg>
<arg>id:user-name</arg>
<arg>standard_user</arg>
<doc>Types the given ``text`` into the text field identified by ``locator``.</doc>
<status status="PASS" start="2025-10-16T10:53:31.279653" elapsed="0.169136"/>
</kw>
<kw name="Input Password" owner="SeleniumLibrary">
<msg time="2025-10-16T10:53:31.449506" level="INFO">Typing password into text field 'id:password'.</msg>
<msg time="2025-10-16T10:53:31.473797" level="INFO">Temporally setting log level to: NONE</msg>
<arg>id:password</arg>
<arg>secret_sauce</arg>
<doc>Types the given password into the text field identified by ``locator``.</doc>
<status status="PASS" start="2025-10-16T10:53:31.449106" elapsed="0.050163"/>
</kw>
<kw name="Click Button" owner="SeleniumLibrary">
<msg time="2025-10-16T10:53:31.499867" level="INFO">Clicking button 'login-button'.</msg>
<arg>login-button</arg>
<doc>Clicks the button identified by ``locator``.</doc>
<status status="PASS" start="2025-10-16T10:53:31.499532" elapsed="1.420768"/>
</kw>
<status status="PASS" start="2025-10-16T10:53:31.278869" elapsed="1.641669"/>
</kw>
<kw name="Verify products page is displayed">
<kw name="Element Text Should Be" owner="SeleniumLibrary">
<msg time="2025-10-16T10:53:32.921525" level="INFO">Verifying element 'xpath://div[text()='Products']' contains exact text 'Products'.</msg>
<arg>xpath://div[text()='Products']</arg>
<arg>Products</arg>
<doc>Verifies that element ``locator`` contains exact the text ``expected``.</doc>
<status status="PASS" start="2025-10-16T10:53:32.921233" elapsed="0.023014"/>
</kw>
<status status="PASS" start="2025-10-16T10:53:32.920907" elapsed="0.023506"/>
</kw>
<kw name="Close Browser" owner="SeleniumLibrary" type="TEARDOWN">
<doc>Closes the current browser.</doc>
<status status="PASS" start="2025-10-16T10:53:32.944714" elapsed="3.620771"/>
</kw>
<status status="PASS" start="2025-10-16T10:53:24.593637" elapsed="11.972007"/>
</test>
<doc>To validate login form</doc>
<status status="PASS" start="2025-10-16T10:53:24.461073" elapsed="12.105173"/>
</suite>
<suite id="s1-s5" name="testDemo2" source="D:\Projects\PythonProject_RobotFramework\tests\testDemo2.robot">
<test id="s1-s5-t1" name="Validate Successful Login" line="10">
<kw name="Open the browser with Swaglabs URL" owner="Generic" type="SETUP">
<kw name="Create Webdriver" owner="SeleniumLibrary">
<msg time="2025-10-16T10:53:24.651574" level="INFO">Creating an instance of the Firefox WebDriver.</msg>
<arg>Firefox</arg>
<doc>Creates an instance of Selenium WebDriver.</doc>
<status status="PASS" start="2025-10-16T10:53:24.651348" elapsed="7.110874"/>
</kw>
<kw name="Go To" owner="SeleniumLibrary">
<msg time="2025-10-16T10:53:31.762966" level="INFO">Opening url 'https://www.saucedemo.com/v1/index.html'</msg>
<arg>${url}</arg>
<doc>Navigates the current browser window to the provided ``url``.</doc>
<status status="PASS" start="2025-10-16T10:53:31.762568" elapsed="0.511403"/>
</kw>
<status status="PASS" start="2025-10-16T10:53:24.650549" elapsed="7.623662"/>
</kw>
<kw name="fill the login form">
<kw name="Input Text" owner="SeleniumLibrary">
<msg time="2025-10-16T10:53:32.275803" level="INFO">Typing text 'standard_user' into text field 'id:user-name'.</msg>
<arg>id:user-name</arg>
<arg>${username}</arg>
<doc>Types the given ``text`` into the text field identified by ``locator``.</doc>
<status status="PASS" start="2025-10-16T10:53:32.275203" elapsed="0.233637"/>
</kw>
<kw name="Input Password" owner="SeleniumLibrary">
<msg time="2025-10-16T10:53:32.509656" level="INFO">Typing password into text field 'id:password'.</msg>
<msg time="2025-10-16T10:53:32.550827" level="INFO">Temporally setting log level to: NONE</msg>
<arg>id:password</arg>
<arg>${password}</arg>
<doc>Types the given password into the text field identified by ``locator``.</doc>
<status status="PASS" start="2025-10-16T10:53:32.509133" elapsed="0.164438"/>
</kw>
<kw name="Click Button" owner="SeleniumLibrary">
<msg time="2025-10-16T10:53:32.674399" level="INFO">Clicking button 'login-button'.</msg>
<arg>login-button</arg>
<doc>Clicks the button identified by ``locator``.</doc>
<status status="PASS" start="2025-10-16T10:53:32.673922" elapsed="1.214667"/>
</kw>
<arg>${standardUser}</arg>
<arg>${password}</arg>
<status status="PASS" start="2025-10-16T10:53:32.274565" elapsed="1.614213"/>
</kw>
<kw name="Verify products page is displayed">
<kw name="Element Text Should Be" owner="SeleniumLibrary">
<msg time="2025-10-16T10:53:33.889959" level="INFO">Verifying element 'xpath://div[text()='Products']' contains exact text 'Products'.</msg>
<arg>xpath://div[text()='Products']</arg>
<arg>Products</arg>
<doc>Verifies that element ``locator`` contains exact the text ``expected``.</doc>
<status status="PASS" start="2025-10-16T10:53:33.889556" elapsed="0.035643"/>
</kw>
<status status="PASS" start="2025-10-16T10:53:33.889018" elapsed="0.036420"/>
</kw>
<kw name="Close Browser Session" owner="Generic" type="TEARDOWN">
<kw name="Close Browser" owner="SeleniumLibrary">
<doc>Closes the current browser.</doc>
<status status="PASS" start="2025-10-16T10:53:33.926414" elapsed="3.274739"/>
</kw>
<status status="PASS" start="2025-10-16T10:53:33.925870" elapsed="3.275386"/>
</kw>
<status status="PASS" start="2025-10-16T10:53:24.649857" elapsed="12.551444"/>
</test>
<test id="s1-s5-t2" name="Validate Locked_out_user Login" line="14">
<kw name="Open the browser with Swaglabs URL" owner="Generic" type="SETUP">
<kw name="Create Webdriver" owner="SeleniumLibrary">
<msg time="2025-10-16T10:53:37.202132" level="INFO">Creating an instance of the Firefox WebDriver.</msg>
<arg>Firefox</arg>
<doc>Creates an instance of Selenium WebDriver.</doc>
<status status="PASS" start="2025-10-16T10:53:37.202027" elapsed="5.116776"/>
</kw>
<kw name="Go To" owner="SeleniumLibrary">
<msg time="2025-10-16T10:53:42.319312" level="INFO">Opening url 'https://www.saucedemo.com/v1/index.html'</msg>
<arg>${url}</arg>
<doc>Navigates the current browser window to the provided ``url``.</doc>
<status status="PASS" start="2025-10-16T10:53:42.319018" elapsed="0.302045"/>
</kw>
<status status="PASS" start="2025-10-16T10:53:37.201840" elapsed="5.419366"/>
</kw>
<kw name="fill the login form">
<kw name="Input Text" owner="SeleniumLibrary">
<msg time="2025-10-16T10:53:42.622197" level="INFO">Typing text 'locked_out_user' into text field 'id:user-name'.</msg>
<arg>id:user-name</arg>
<arg>${username}</arg>
<doc>Types the given ``text`` into the text field identified by ``locator``.</doc>
<status status="PASS" start="2025-10-16T10:53:42.621892" elapsed="0.096721"/>
</kw>
<kw name="Input Password" owner="SeleniumLibrary">
<msg time="2025-10-16T10:53:42.719386" level="INFO">Typing password into text field 'id:password'.</msg>
<msg time="2025-10-16T10:53:42.727365" level="INFO">Temporally setting log level to: NONE</msg>
<arg>id:password</arg>
<arg>${password}</arg>
<doc>Types the given password into the text field identified by ``locator``.</doc>
<status status="PASS" start="2025-10-16T10:53:42.718869" elapsed="0.025932"/>
</kw>
<kw name="Click Button" owner="SeleniumLibrary">
<msg time="2025-10-16T10:53:42.745362" level="INFO">Clicking button 'login-button'.</msg>
<arg>login-button</arg>
<doc>Clicks the button identified by ``locator``.</doc>
<status status="PASS" start="2025-10-16T10:53:42.745044" elapsed="0.114636"/>
</kw>
<arg>${lockedOutUser}</arg>
<arg>${password}</arg>
<status status="PASS" start="2025-10-16T10:53:42.621429" elapsed="0.238369"/>
</kw>
<kw name="Verify that locked out error message is displayed">
<kw name="Get Text" owner="SeleniumLibrary">
<msg time="2025-10-16T10:53:42.879074" level="INFO">${errorMessage} = Epic sadface: Sorry, this user has been locked out.</msg>
<var>${errorMessage}</var>
<arg>xpath://h3</arg>
<doc>Returns the text value of the element identified by ``locator``.</doc>
<status status="PASS" start="2025-10-16T10:53:42.860338" elapsed="0.018802"/>
</kw>
<kw name="Should Be Equal As Strings" owner="BuiltIn">
<arg>${errorMessage}</arg>
<arg>Epic sadface: Sorry, this user has been locked out.</arg>
<doc>Fails if objects are unequal after converting them to strings.</doc>
<status status="PASS" start="2025-10-16T10:53:42.879412" elapsed="0.000341"/>
</kw>
<kw name="Log" owner="BuiltIn">
<msg time="2025-10-16T10:53:42.880051" level="INFO">Epic sadface: Sorry, this user has been locked out.</msg>
<arg>${errorMessage}</arg>
<doc>Logs the given message with the given level.</doc>
<status status="PASS" start="2025-10-16T10:53:42.879888" elapsed="0.000205"/>
</kw>
<status status="PASS" start="2025-10-16T10:53:42.859984" elapsed="0.020179"/>
</kw>
<kw name="Close Browser Session" owner="Generic" type="TEARDOWN">
<kw name="Close Browser" owner="SeleniumLibrary">
<doc>Closes the current browser.</doc>
<status status="PASS" start="2025-10-16T10:53:42.880727" elapsed="2.815837"/>
</kw>
<status status="PASS" start="2025-10-16T10:53:42.880398" elapsed="2.816317"/>
</kw>
<status status="PASS" start="2025-10-16T10:53:37.201594" elapsed="8.495188"/>
</test>
<test id="s1-s5-t3" name="Validate Problem_user Login" line="18">
<kw name="Open the browser with Swaglabs URL" owner="Generic" type="SETUP">
<kw name="Create Webdriver" owner="SeleniumLibrary">
<msg time="2025-10-16T10:53:45.701665" level="INFO">Creating an instance of the Firefox WebDriver.</msg>
<arg>Firefox</arg>
<doc>Creates an instance of Selenium WebDriver.</doc>
<status status="PASS" start="2025-10-16T10:53:45.697925" elapsed="5.042487"/>
</kw>
<kw name="Go To" owner="SeleniumLibrary">
<msg time="2025-10-16T10:53:50.741013" level="INFO">Opening url 'https://www.saucedemo.com/v1/index.html'</msg>
<arg>${url}</arg>
<doc>Navigates the current browser window to the provided ``url``.</doc>
<status status="PASS" start="2025-10-16T10:53:50.740662" elapsed="0.276338"/>
</kw>
<status status="PASS" start="2025-10-16T10:53:45.697642" elapsed="5.319563"/>
</kw>
<kw name="fill the login form">
<kw name="Input Text" owner="SeleniumLibrary">
<msg time="2025-10-16T10:53:51.018985" level="INFO">Typing text 'problem_user' into text field 'id:user-name'.</msg>
<arg>id:user-name</arg>
<arg>${username}</arg>
<doc>Types the given ``text`` into the text field identified by ``locator``.</doc>
<status status="PASS" start="2025-10-16T10:53:51.018615" elapsed="0.091244"/>
</kw>
<kw name="Input Password" owner="SeleniumLibrary">
<msg time="2025-10-16T10:53:51.110644" level="INFO">Typing password into text field 'id:password'.</msg>
<msg time="2025-10-16T10:53:51.117912" level="INFO">Temporally setting log level to: NONE</msg>
<arg>id:password</arg>
<arg>${password}</arg>
<doc>Types the given password into the text field identified by ``locator``.</doc>
<status status="PASS" start="2025-10-16T10:53:51.110218" elapsed="0.022875"/>
</kw>
<kw name="Click Button" owner="SeleniumLibrary">
<msg time="2025-10-16T10:53:51.133561" level="INFO">Clicking button 'login-button'.</msg>
<arg>login-button</arg>
<doc>Clicks the button identified by ``locator``.</doc>
<status status="PASS" start="2025-10-16T10:53:51.133294" elapsed="0.532173"/>
</kw>
<arg>${problemUser}</arg>
<arg>${password}</arg>
<status status="PASS" start="2025-10-16T10:53:51.017908" elapsed="0.647674"/>
</kw>
<kw name="Verify products page is displayed">
<kw name="Element Text Should Be" owner="SeleniumLibrary">
<msg time="2025-10-16T10:53:51.666431" level="INFO">Verifying element 'xpath://div[text()='Products']' contains exact text 'Products'.</msg>
<arg>xpath://div[text()='Products']</arg>
<arg>Products</arg>
<doc>Verifies that element ``locator`` contains exact the text ``expected``.</doc>
<status status="PASS" start="2025-10-16T10:53:51.666187" elapsed="0.010630"/>
</kw>
<status status="PASS" start="2025-10-16T10:53:51.665746" elapsed="0.011240"/>
</kw>
<kw name="Verify that products images are not displayed">
<kw name="Element Should Be Visible" owner="SeleniumLibrary">
<msg time="2025-10-16T10:53:51.714047" level="INFO">Element 'xpath://img[contains(@src, 'WithGarbageOnItToBreakTheUrl')]' is displayed.</msg>
<arg>xpath://img[contains(@src, 'WithGarbageOnItToBreakTheUrl')]</arg>
<arg>Images are not visible for problem user</arg>
<doc>Verifies that the element identified by ``locator`` is visible.</doc>
<status status="PASS" start="2025-10-16T10:53:51.677730" elapsed="0.036431"/>
</kw>
<status status="PASS" start="2025-10-16T10:53:51.677220" elapsed="0.037058"/>
</kw>
<kw name="Close Browser Session" owner="Generic" type="TEARDOWN">
<kw name="Close Browser" owner="SeleniumLibrary">
<doc>Closes the current browser.</doc>
<status status="PASS" start="2025-10-16T10:53:51.714865" elapsed="2.653367"/>
</kw>
<status status="PASS" start="2025-10-16T10:53:51.714515" elapsed="2.653903"/>
</kw>
<status status="PASS" start="2025-10-16T10:53:45.697278" elapsed="8.671237"/>
</test>
<test id="s1-s5-t4" name="Validate Products displayed in the Products Page" line="23">
<kw name="Open the browser with Swaglabs URL" owner="Generic" type="SETUP">
<kw name="Create Webdriver" owner="SeleniumLibrary">
<msg time="2025-10-16T10:53:54.369789" level="INFO">Creating an instance of the Firefox WebDriver.</msg>
<arg>Firefox</arg>
<doc>Creates an instance of Selenium WebDriver.</doc>
<status status="PASS" start="2025-10-16T10:53:54.369561" elapsed="5.148694"/>
</kw>
<kw name="Go To" owner="SeleniumLibrary">
<msg time="2025-10-16T10:53:59.518771" level="INFO">Opening url 'https://www.saucedemo.com/v1/index.html'</msg>
<arg>${url}</arg>
<doc>Navigates the current browser window to the provided ``url``.</doc>
<status status="PASS" start="2025-10-16T10:53:59.518503" elapsed="0.278627"/>
</kw>
<status status="PASS" start="2025-10-16T10:53:54.369182" elapsed="5.428101"/>
</kw>
<kw name="fill the login form">
<kw name="Input Text" owner="SeleniumLibrary">
<msg time="2025-10-16T10:53:59.798327" level="INFO">Typing text 'standard_user' into text field 'id:user-name'.</msg>
<arg>id:user-name</arg>
<arg>${username}</arg>
<doc>Types the given ``text`` into the text field identified by ``locator``.</doc>
<status status="PASS" start="2025-10-16T10:53:59.798015" elapsed="0.082652"/>
</kw>
<kw name="Input Password" owner="SeleniumLibrary">
<msg time="2025-10-16T10:53:59.881256" level="INFO">Typing password into text field 'id:password'.</msg>
<msg time="2025-10-16T10:53:59.885238" level="INFO">Temporally setting log level to: NONE</msg>
<arg>id:password</arg>
<arg>${password}</arg>
<doc>Types the given password into the text field identified by ``locator``.</doc>
<status status="PASS" start="2025-10-16T10:53:59.880928" elapsed="0.017165"/>
</kw>
<kw name="Click Button" owner="SeleniumLibrary">
<msg time="2025-10-16T10:53:59.898587" level="INFO">Clicking button 'login-button'.</msg>
<arg>login-button</arg>
<doc>Clicks the button identified by ``locator``.</doc>
<status status="PASS" start="2025-10-16T10:53:59.898307" elapsed="0.643797"/>
</kw>
<arg>${standardUser}</arg>
<arg>${password}</arg>
<status status="PASS" start="2025-10-16T10:53:59.797520" elapsed="0.744741"/>
</kw>
<kw name="Verify products page is displayed">
<kw name="Element Text Should Be" owner="SeleniumLibrary">
<msg time="2025-10-16T10:54:00.543027" level="INFO">Verifying element 'xpath://div[text()='Products']' contains exact text 'Products'.</msg>
<arg>xpath://div[text()='Products']</arg>
<arg>Products</arg>
<doc>Verifies that element ``locator`` contains exact the text ``expected``.</doc>
<status status="PASS" start="2025-10-16T10:54:00.542749" elapsed="0.013851"/>
</kw>
<status status="PASS" start="2025-10-16T10:54:00.542446" elapsed="0.014344"/>
</kw>
<kw name="verify products title in the products page">
<kw name="Create List" owner="BuiltIn">
<msg time="2025-10-16T10:54:00.557853" level="INFO">@{expectedList} = [ Sauce Labs Backpack | Sauce Labs Bike Light | Sauce Labs Bolt T-Shirt | Sauce Labs Fleece Jacket | Sauce Labs Onesie | Test.allTheThings() T-Shirt (Red) ]</msg>
<var>@{expectedList}</var>
<arg>Sauce Labs Backpack</arg>
<arg>Sauce Labs Bike Light</arg>
<arg>Sauce Labs Bolt T-Shirt</arg>
<arg>Sauce Labs Fleece Jacket</arg>
<arg>Sauce Labs Onesie</arg>
[...]
<arg>id:user-name</arg>
<arg>${username}</arg>
<doc>Types the given ``text`` into the text field identified by ``locator``.</doc>
<status status="PASS" start="2025-10-16T10:53:52.785746" elapsed="0.069967"/>
</kw>
<kw name="Input Password" owner="SeleniumLibrary">
<msg time="2025-10-16T10:53:52.856230" level="INFO">Typing password into text field 'id:password'.</msg>
<msg time="2025-10-16T10:53:52.859941" level="INFO">Temporally setting log level to: NONE</msg>
<arg>id:password</arg>
<arg>${password}</arg>
<doc>Types the given password into the text field identified by ``locator``.</doc>
<status status="PASS" start="2025-10-16T10:53:52.855923" elapsed="0.014498"/>
</kw>
<kw name="Click Button" owner="SeleniumLibrary">
<msg time="2025-10-16T10:53:52.870840" level="INFO">Clicking button 'login-button'.</msg>
<arg>login-button</arg>
<doc>Clicks the button identified by ``locator``.</doc>
<status status="PASS" start="2025-10-16T10:53:52.870621" elapsed="0.506368"/>
</kw>
<arg>${problemUser}</arg>
<arg>${password}</arg>
<status status="PASS" start="2025-10-16T10:53:52.785047" elapsed="0.592088"/>
</kw>
<kw name="Verify products page is displayed" owner="ProductsPage">
<kw name="Element Text Should Be" owner="SeleniumLibrary">
<msg time="2025-10-16T10:53:53.377844" level="INFO">Verifying element 'xpath://div[text()='Products']' contains exact text 'Products'.</msg>
<arg>${Products}</arg>
<arg>Products</arg>
<doc>Verifies that element ``locator`` contains exact the text ``expected``.</doc>
<status status="PASS" start="2025-10-16T10:53:53.377626" elapsed="0.012851"/>
</kw>
<status status="PASS" start="2025-10-16T10:53:53.377338" elapsed="0.013250"/>
</kw>
<kw name="Verify that products images are not displayed" owner="ProductsPage">
<kw name="Wait until element passed is located on the page" owner="Generic">
<kw name="Wait Until Element Is Visible" owner="SeleniumLibrary">
<arg>${page_locator}</arg>
<doc>Waits until the element ``locator`` is visible.</doc>
<status status="PASS" start="2025-10-16T10:53:53.391294" elapsed="0.010750"/>
</kw>
<arg>${noImages}</arg>
<status status="PASS" start="2025-10-16T10:53:53.391055" elapsed="0.011106"/>
</kw>
<status status="PASS" start="2025-10-16T10:53:53.390754" elapsed="0.011461"/>
</kw>
<kw name="Close Browser Session" owner="Generic" type="TEARDOWN">
<kw name="Close Browser" owner="SeleniumLibrary">
<doc>Closes the current browser.</doc>
<status status="PASS" start="2025-10-16T10:53:53.402789" elapsed="2.671980"/>
</kw>
<status status="PASS" start="2025-10-16T10:53:53.402437" elapsed="2.672434"/>
</kw>
<tag>SMOKE</tag>
<status status="PASS" start="2025-10-16T10:53:47.157724" elapsed="8.917187"/>
</test>
<test id="s1-s6-t4" name="Validating End to End Flow till successful product placement" line="37">
<kw name="Open the browser with Swaglabs URL" owner="Generic" type="SETUP">
<kw name="Create Webdriver" owner="SeleniumLibrary">
<msg time="2025-10-16T10:53:56.075721" level="INFO">Creating an instance of the Firefox WebDriver.</msg>
<arg>Firefox</arg>
<doc>Creates an instance of Selenium WebDriver.</doc>
<status status="PASS" start="2025-10-16T10:53:56.075616" elapsed="5.486007"/>
</kw>
<kw name="Go To" owner="SeleniumLibrary">
<msg time="2025-10-16T10:54:01.562064" level="INFO">Opening url 'https://www.saucedemo.com/v1/index.html'</msg>
<arg>${url}</arg>
<doc>Navigates the current browser window to the provided ``url``.</doc>
<status status="PASS" start="2025-10-16T10:54:01.561833" elapsed="0.236336"/>
</kw>
<status status="PASS" start="2025-10-16T10:53:56.075413" elapsed="5.722899"/>
</kw>
<kw name="Fill the login form" owner="LogInPage">
<kw name="Input Text" owner="SeleniumLibrary">
<msg time="2025-10-16T10:54:01.799302" level="INFO">Typing text 'standard_user' into text field 'id:user-name'.</msg>
<arg>id:user-name</arg>
<arg>${username}</arg>
<doc>Types the given ``text`` into the text field identified by ``locator``.</doc>
<status status="PASS" start="2025-10-16T10:54:01.799017" elapsed="0.065271"/>
</kw>
<kw name="Input Password" owner="SeleniumLibrary">
<msg time="2025-10-16T10:54:01.864858" level="INFO">Typing password into text field 'id:password'.</msg>
<msg time="2025-10-16T10:54:01.868705" level="INFO">Temporally setting log level to: NONE</msg>
<arg>id:password</arg>
<arg>${password}</arg>
<doc>Types the given password into the text field identified by ``locator``.</doc>
<status status="PASS" start="2025-10-16T10:54:01.864504" elapsed="0.015899"/>
</kw>
<kw name="Click Button" owner="SeleniumLibrary">
<msg time="2025-10-16T10:54:01.880838" level="INFO">Clicking button 'login-button'.</msg>
<arg>login-button</arg>
<doc>Clicks the button identified by ``locator``.</doc>
<status status="PASS" start="2025-10-16T10:54:01.880594" elapsed="0.550031"/>
</kw>
<arg>${standardUser}</arg>
<arg>${password}</arg>
<status status="PASS" start="2025-10-16T10:54:01.798554" elapsed="0.632189"/>
</kw>
<kw name="Verify products page is displayed" owner="ProductsPage">
<kw name="Element Text Should Be" owner="SeleniumLibrary">
<msg time="2025-10-16T10:54:02.431634" level="INFO">Verifying element 'xpath://div[text()='Products']' contains exact text 'Products'.</msg>
<arg>${Products}</arg>
<arg>Products</arg>
<doc>Verifies that element ``locator`` contains exact the text ``expected``.</doc>
<status status="PASS" start="2025-10-16T10:54:02.431379" elapsed="0.009930"/>
</kw>
<status status="PASS" start="2025-10-16T10:54:02.430974" elapsed="0.010594"/>
</kw>
<kw name="verify products title in the products page" owner="ProductsPage">
<kw name="Create List" owner="BuiltIn">
<msg time="2025-10-16T10:54:02.442515" level="INFO">@{expectedList} = [ Sauce Labs Backpack | Sauce Labs Bike Light | Sauce Labs Bolt T-Shirt | Sauce Labs Fleece Jacket | Sauce Labs Onesie | Test.allTheThings() T-Shirt (Red) ]</msg>
<var>@{expectedList}</var>
<arg>Sauce Labs Backpack</arg>
<arg>Sauce Labs Bike Light</arg>
<arg>Sauce Labs Bolt T-Shirt</arg>
<arg>Sauce Labs Fleece Jacket</arg>
<arg>Sauce Labs Onesie</arg>
<arg>Test.allTheThings() T-Shirt (Red)</arg>
<doc>Returns a list containing given items.</doc>
<status status="PASS" start="2025-10-16T10:54:02.442272" elapsed="0.000272"/>
</kw>
<kw name="Get WebElements" owner="SeleniumLibrary">
<msg time="2025-10-16T10:54:02.445883" level="INFO">${elements} = [&lt;selenium.webdriver.remote.webelement.WebElement (session="61d2f716-0229-429b-8651-fa7dfd7dd831", element="23db65c2-b22e-4531-8da8-210a04431220")&gt;, &lt;selenium.webdriver.remote.webelement.WebElement (s...</msg>
<var>${elements}</var>
<arg>${productNames}</arg>
<doc>Returns a list of WebElement objects matching the ``locator``.</doc>
<status status="PASS" start="2025-10-16T10:54:02.442660" elapsed="0.003283"/>
</kw>
<kw name="Create List" owner="BuiltIn">
<msg time="2025-10-16T10:54:02.446385" level="INFO">@{actualList} = [ ]</msg>
<var>@{actualList}</var>
<doc>Returns a list containing given items.</doc>
<status status="PASS" start="2025-10-16T10:54:02.446131" elapsed="0.000287"/>
</kw>
<for flavor="IN">
<iter>
<kw name="Log" owner="BuiltIn">
<msg time="2025-10-16T10:54:02.453399" level="INFO">Sauce Labs Backpack</msg>
<arg>${element.text}</arg>
<doc>Logs the given message with the given level.</doc>
<status status="PASS" start="2025-10-16T10:54:02.447044" elapsed="0.006449"/>
</kw>
<kw name="Append To List" owner="Collections">
<arg>${actualList}</arg>
<arg>${element.text}</arg>
<doc>Adds ``values`` to the end of ``list``.</doc>
<status status="PASS" start="2025-10-16T10:54:02.453676" elapsed="0.006515"/>
</kw>
<var name="${element}">&lt;selenium.webdriver.remote.webelement.WebElement (session="61d2f716-0229-429b-8651-fa7dfd7dd831", element="23db65c2-b22e-4531-8da8-210a04431220")&gt;</var>
<status status="PASS" start="2025-10-16T10:54:02.446821" elapsed="0.013463"/>
</iter>
<iter>
<kw name="Log" owner="BuiltIn">
<msg time="2025-10-16T10:54:02.467260" level="INFO">Sauce Labs Bike Light</msg>
<arg>${element.text}</arg>
<doc>Logs the given message with the given level.</doc>
<status status="PASS" start="2025-10-16T10:54:02.460875" elapsed="0.006452"/>
</kw>
<kw name="Append To List" owner="Collections">
<arg>${actualList}</arg>
<arg>${element.text}</arg>
<doc>Adds ``values`` to the end of ``list``.</doc>
<status status="PASS" start="2025-10-16T10:54:02.467479" elapsed="0.005864"/>
</kw>
<var name="${element}">&lt;selenium.webdriver.remote.webelement.WebElement (session="61d2f716-0229-429b-8651-fa7dfd7dd831", element="c7979d42-d81c-4ef9-935e-d5527e56c3af")&gt;</var>
<status status="PASS" start="2025-10-16T10:54:02.460606" elapsed="0.012837"/>
</iter>
<iter>
<kw name="Log" owner="BuiltIn">
<msg time="2025-10-16T10:54:02.478796" level="INFO">Sauce Labs Bolt T-Shirt</msg>
<arg>${element.text}</arg>
<doc>Logs the given message with the given level.</doc>
<status status="PASS" start="2025-10-16T10:54:02.473898" elapsed="0.004986"/>
</kw>
<kw name="Append To List" owner="Collections">
<arg>${actualList}</arg>
<arg>${element.text}</arg>
<doc>Adds ``values`` to the end of ``list``.</doc>
<status status="PASS" start="2025-10-16T10:54:02.479059" elapsed="0.006232"/>
</kw>
<var name="${element}">&lt;selenium.webdriver.remote.webelement.WebElement (session="61d2f716-0229-429b-8651-fa7dfd7dd831", element="fafac461-a216-43bb-92cc-0160318dad92")&gt;</var>
<status status="PASS" start="2025-10-16T10:54:02.473627" elapsed="0.011754"/>
</iter>
<iter>
<kw name="Log" owner="BuiltIn">
<msg time="2025-10-16T10:54:02.490600" level="INFO">Sauce Labs Fleece Jacket</msg>
<arg>${element.text}</arg>
<doc>Logs the given message with the given level.</doc>
<status status="PASS" start="2025-10-16T10:54:02.485746" elapsed="0.004935"/>
</kw>
<kw name="Append To List" owner="Collections">
<arg>${actualList}</arg>
<arg>${element.text}</arg>
<doc>Adds ``values`` to the end of ``list``.</doc>
<status status="PASS" start="2025-10-16T10:54:02.490873" elapsed="0.005131"/>
</kw>
<var name="${element}">&lt;selenium.webdriver.remote.webelement.WebElement (session="61d2f716-0229-429b-8651-fa7dfd7dd831", element="b08e68ea-af3e-4f56-ab68-aadf7b917fda")&gt;</var>
<status status="PASS" start="2025-10-16T10:54:02.485535" elapsed="0.010560"/>
</iter>
<iter>
<kw name="Log" owner="BuiltIn">
<msg time="2025-10-16T10:54:02.501656" level="INFO">Sauce Labs Onesie</msg>
<arg>${element.text}</arg>
<doc>Logs the given message with the given level.</doc>
<status status="PASS" start="2025-10-16T10:54:02.496426" elapsed="0.005335"/>
</kw>
<kw name="Append To List" owner="Collections">
<arg>${actualList}</arg>
<arg>${element.text}</arg>
<doc>Adds ``values`` to the end of ``list``.</doc>
<status status="PASS" start="2025-10-16T10:54:02.501993" elapsed="0.005868"/>
</kw>
<var name="${element}">&lt;selenium.webdriver.remote.webelement.WebElement (session="61d2f716-0229-429b-8651-fa7dfd7dd831", element="0f946f8d-db28-478e-8cb1-b26a88717858")&gt;</var>
<status status="PASS" start="2025-10-16T10:54:02.496241" elapsed="0.011694"/>
</iter>
<iter>
<kw name="Log" owner="BuiltIn">
<msg time="2025-10-16T10:54:02.512760" level="INFO">Test.allTheThings() T-Shirt (Red)</msg>
<arg>${element.text}</arg>
<doc>Logs the given message with the given level.</doc>
<status status="PASS" start="2025-10-16T10:54:02.508213" elapsed="0.004635"/>
</kw>
<kw name="Append To List" owner="Collections">
<arg>${actualList}</arg>
<arg>${element.text}</arg>
<doc>Adds ``values`` to the end of ``list``.</doc>
<status status="PASS" start="2025-10-16T10:54:02.513030" elapsed="0.004481"/>
</kw>
<var name="${element}">&lt;selenium.webdriver.remote.webelement.WebElement (session="61d2f716-0229-429b-8651-fa7dfd7dd831", element="e36be7d8-2fbb-4898-9cb1-79f5e38350e9")&gt;</var>
<status status="PASS" start="2025-10-16T10:54:02.508053" elapsed="0.009554"/>
</iter>
<var>${element}</var>
<value>@{elements}</value>
<status status="PASS" start="2025-10-16T10:54:02.446526" elapsed="0.071145"/>
</for>
<kw name="Lists Should Be Equal" owner="Collections">
<arg>${expectedList}</arg>
<arg>${actualList}</arg>
<doc>Fails if given lists are unequal.</doc>
<status status="PASS" start="2025-10-16T10:54:02.517830" elapsed="0.000305"/>
</kw>
<status status="PASS" start="2025-10-16T10:54:02.441938" elapsed="0.076281"/>
</kw>
<kw name="Apply Sort (Low to High) and verify ordering changes accordingly" owner="ProductsPage">
<kw name="Create List" owner="BuiltIn">
<msg time="2025-10-16T10:54:02.518800" level="INFO">@{expectedSortedList_lowToHigh} = [ Sauce Labs Onesie | Sauce Labs Bike Light | Sauce Labs Bolt T-Shirt | Test.allTheThings() T-Shirt (Red) | Sauce Labs Backpack | Sauce Labs Fleece Jacket ]</msg>
<var>@{expectedSortedList_lowToHigh}</var>
<arg>Sauce Labs Onesie</arg>
<arg>Sauce Labs Bike Light</arg>
<arg>Sauce Labs Bolt T-Shirt</arg>
<arg>Test.allTheThings() T-Shirt (Red)</arg>
<arg>Sauce Labs Backpack</arg>
<arg>Sauce Labs Fleece Jacket</arg>
<doc>Returns a list containing given items.</doc>
<status status="PASS" start="2025-10-16T10:54:02.518629" elapsed="0.000241"/>
</kw>
<kw name="Select From List By Value" owner="SeleniumLibrary">
<msg time="2025-10-16T10:54:02.519383" level="INFO">Selecting options from selection list 'css:.product_sort_container' by value lohi.</msg>
<arg>${sortOptions}</arg>
<arg>lohi</arg>
<doc>Selects options from selection list ``locator`` by ``values``.</doc>
<status status="PASS" start="2025-10-16T10:54:02.519074" elapsed="0.085876"/>
</kw>
<status status="PASS" start="2025-10-16T10:54:02.518373" elapsed="0.086714"/>
</kw>
<kw name="Add Products To Cart And Checkout" owner="Products">
<msg time="2025-10-16T10:54:02.606386" level="INFO">${selectedProducts} = ['Sauce Labs Onesie', 'Sauce Labs Bike Light', 'Test.allTheThings() T-Shirt (Red)']</msg>
<msg time="2025-10-16T10:54:02.613755" level="INFO">Clicking button 'xpath:(//*[@class='pricebar'])[1]/button'.</msg>
<msg time="2025-10-16T10:54:02.687670" level="INFO">Clicking button 'xpath:(//*[@class='pricebar'])[2]/button'.</msg>
<msg time="2025-10-16T10:54:02.771339" level="INFO">Clicking button 'xpath:(//*[@class='pricebar'])[4]/button'.</msg>
<msg time="2025-10-16T10:54:02.851443" level="INFO">Clicking element 'xpath://a[@href='./cart.html']'.</msg>
<arg>${listOfProducts}</arg>
<status status="PASS" start="2025-10-16T10:54:02.605240" elapsed="0.348380"/>
</kw>
<kw name="Verify Products In YourCart" owner="YourCart">
<msg time="2025-10-16T10:54:02.971016" level="INFO">Cart items: ['Sauce Labs Onesie', 'Sauce Labs Bike Light', 'Test.allTheThings() T-Shirt (Red)']
Selected products: ['Sauce Labs Onesie', 'Sauce Labs Bike Light', 'Test.allTheThings() T-Shirt (Red)']
✅ Cart verification successful. All products match.</msg>
<status status="PASS" start="2025-10-16T10:54:02.953788" elapsed="0.017346"/>
</kw>
<kw name="Click on Checkout and navigate to Your Information page" owner="YourCartPage">
<kw name="Click Element" owner="SeleniumLibrary">
<msg time="2025-10-16T10:54:02.972099" level="INFO">Clicking element 'xpath://a[text()='CHECKOUT']'.</msg>
<arg>${checkOut}</arg>
<doc>Click the element identified by ``locator``.</doc>
<status status="PASS" start="2025-10-16T10:54:02.971821" elapsed="0.105893"/>
</kw>
<status status="PASS" start="2025-10-16T10:54:02.971364" elapsed="0.106466"/>
</kw>
<kw name="Provide buyer details and click on continue" owner="InformationPage">
<kw name="Input Text" owner="SeleniumLibrary">
<msg time="2025-10-16T10:54:03.078616" level="INFO">Typing text 'Azharulla' into text field 'first-name'.</msg>
<arg>first-name</arg>
<arg>${firstname}</arg>
<doc>Types the given ``text`` into the text field identified by ``locator``.</doc>
<status status="PASS" start="2025-10-16T10:54:03.078397" elapsed="0.020461"/>
</kw>
<kw name="Input Text" owner="SeleniumLibrary">
<msg time="2025-10-16T10:54:03.099355" level="INFO">Typing text 'Mohammed' into text field 'last-name'.</msg>
<arg>last-name</arg>
<arg>${lastname}</arg>
<doc>Types the given ``text`` into the text field identified by ``locator``.</doc>
<status status="PASS" start="2025-10-16T10:54:03.099062" elapsed="0.013182"/>
</kw>
<kw name="Input Text" owner="SeleniumLibrary">
<msg time="2025-10-16T10:54:03.112686" level="INFO">Typing text '560036' into text field 'postal-code'.</msg>
<arg>postal-code</arg>
<arg>${postalcode}</arg>
<doc>Types the given ``text`` into the text field identified by ``locator``.</doc>
<status status="PASS" start="2025-10-16T10:54:03.112421" elapsed="0.010976"/>
</kw>
<kw name="Click Element" owner="SeleniumLibrary">
<msg time="2025-10-16T10:54:03.124420" level="INFO">Clicking element 'css:input[type='submit']'.</msg>
<arg>${continueButton}</arg>
<doc>Click the element identified by ``locator``.</doc>
<status status="PASS" start="2025-10-16T10:54:03.123986" elapsed="0.097542"/>
</kw>
<arg>Azharulla</arg>
<arg>Mohammed</arg>
<arg>560036</arg>
<status status="PASS" start="2025-10-16T10:54:03.078026" elapsed="0.143620"/>
</kw>
<kw name="Verify Products In OverviewPage" owner="Overview">
<msg time="2025-10-16T10:54:03.250742" level="INFO">Cart items: ['Sauce Labs Onesie', 'Sauce Labs Bike Light', 'Test.allTheThings() T-Shirt (Red)']
Selected products: ['Sauce Labs Onesie', 'Sauce Labs Bike Light', 'Test.allTheThings() T-Shirt (Red)']
✅ Overview page products verification successful. All products match.</msg>
<status status="PASS" start="2025-10-16T10:54:03.221788" elapsed="0.029059"/>
</kw>
<kw name="Click on Finish and verify order success message" owner="OverviewPage">
<kw name="Click Element" owner="SeleniumLibrary">
<msg time="2025-10-16T10:54:03.252002" level="INFO">Clicking element 'xpath://a[text()='FINISH']'.</msg>
<arg>${finishButton}</arg>
<doc>Click the element identified by ``locator``.</doc>
<status status="PASS" start="2025-10-16T10:54:03.251677" elapsed="0.099658"/>
</kw>
<kw name="Element Text Should Be" owner="SeleniumLibrary">
<msg time="2025-10-16T10:54:03.351813" level="INFO">Verifying element 'css:h2' contains exact text 'THANK YOU FOR YOUR ORDER'.</msg>
<arg>${orderSuccessMessage}</arg>
<arg>THANK YOU FOR YOUR ORDER</arg>
<doc>Verifies that element ``locator`` contains exact the text ``expected``.</doc>
<status status="PASS" start="2025-10-16T10:54:03.351532" elapsed="0.014210"/>
</kw>
<status status="PASS" start="2025-10-16T10:54:03.251154" elapsed="0.114713"/>
</kw>
<kw name="Close Browser Session" owner="Generic" type="TEARDOWN">
<kw name="Close Browser" owner="SeleniumLibrary">
<doc>Closes the current browser.</doc>
<status status="PASS" start="2025-10-16T10:54:03.366425" elapsed="2.597313"/>
</kw>
<status status="PASS" start="2025-10-16T10:54:03.366109" elapsed="2.597724"/>
</kw>
<tag>REGRESSION</tag>
<tag>SMOKE</tag>
<status status="PASS" start="2025-10-16T10:53:56.075136" elapsed="9.888735"/>
</test>
<doc>To validate login form and end to end test - Swaglabs</doc>
<status status="PASS" start="2025-10-16T10:53:24.519918" elapsed="41.444298"/>
</suite>
<doc>[https://pabot.org/?ref=log|Pabot] result from 6 executions.</doc>
<status status="PASS" start="2025-10-16T10:53:24.451000" elapsed="109.515000"/>
</suite>
<statistics>
<total>
<stat pass="25" fail="0" skip="0">All Tests</stat>
</total>
<tag>
<stat pass="1" fail="0" skip="0">NEW_FEATURE</stat>
<stat pass="1" fail="0" skip="0">REGRESSION</stat>
<stat pass="3" fail="0" skip="0">SMOKE</stat>
</tag>
<suite>
<stat name="Tests" id="s1" pass="25" fail="0" skip="0">Tests</stat>
<stat name="Missilenious" id="s1-s1" pass="2" fail="0" skip="0">Tests.Missilenious</stat>
<stat name="Parameterize" id="s1-s2" pass="3" fail="0" skip="0">Tests.Parameterize</stat>
<stat name="Parameterize CSV" id="s1-s3" pass="11" fail="0" skip="0">Tests.Parameterize CSV</stat>
<stat name="testDemo1" id="s1-s4" pass="1" fail="0" skip="0">Tests.testDemo1</stat>
<stat name="testDemo2" id="s1-s5" pass="4" fail="0" skip="0">Tests.testDemo2</stat>
<stat name="testDemo2 custom" id="s1-s6" pass="4" fail="0" skip="0">Tests.testDemo2 custom</stat>
</suite>
</statistics>
<errors>
</errors>
</robot>
