<?xml version="1.0" encoding="UTF-8"?>
<robot generator="Robot 7.3.2 (Python 3.13.5 on win32)" generated="2025-10-16T10:53:24.499770" rpa="false" schemaversion="5">
<suite id="s1" name="Tests" source="D:\Projects\PythonProject_RobotFramework\tests">
<suite id="s1-s1" name="testDemo2 custom" source="D:\Projects\PythonProject_RobotFramework\tests\testDemo2_custom.robot">
<test id="s1-s1-t1" name="Validate Successful Login" line="21">
<kw name="Open the browser with Swaglabs URL" owner="Generic" type="SETUP">
<kw name="Create Webdriver" owner="SeleniumLibrary">
<msg time="2025-10-16T10:53:24.678775" level="INFO">Creating an instance of the Firefox WebDriver.</msg>
<arg>Firefox</arg>
<doc>Creates an instance of Selenium WebDriver.</doc>
<status status="PASS" start="2025-10-16T10:53:24.676132" elapsed="8.580246"/>
</kw>
<kw name="Go To" owner="SeleniumLibrary">
<msg time="2025-10-16T10:53:33.257055" level="INFO">Opening url 'https://www.saucedemo.com/v1/index.html'</msg>
<arg>${url}</arg>
<doc>Navigates the current browser window to the provided ``url``.</doc>
<status status="PASS" start="2025-10-16T10:53:33.256705" elapsed="0.765287"/>
</kw>
<status status="PASS" start="2025-10-16T10:53:24.675588" elapsed="9.346611"/>
</kw>
<kw name="Fill the login form" owner="LogInPage">
<kw name="Input Text" owner="SeleniumLibrary">
<msg time="2025-10-16T10:53:34.023744" level="INFO">Typing text 'standard_user' into text field 'id:user-name'.</msg>
<arg>id:user-name</arg>
<arg>${username}</arg>
<doc>Types the given ``text`` into the text field identified by ``locator``.</doc>
<status status="PASS" start="2025-10-16T10:53:34.023175" elapsed="0.187349"/>
</kw>
<kw name="Input Password" owner="SeleniumLibrary">
<msg time="2025-10-16T10:53:34.212598" level="INFO">Typing password into text field 'id:password'.</msg>
<msg time="2025-10-16T10:53:34.224119" level="INFO">Temporally setting log level to: NONE</msg>
<arg>id:password</arg>
<arg>${password}</arg>
<doc>Types the given password into the text field identified by ``locator``.</doc>
<status status="PASS" start="2025-10-16T10:53:34.211476" elapsed="0.043041"/>
</kw>
<kw name="Click Button" owner="SeleniumLibrary">
<msg time="2025-10-16T10:53:34.255205" level="INFO">Clicking button 'login-button'.</msg>
<arg>login-button</arg>
<doc>Clicks the button identified by ``locator``.</doc>
<status status="PASS" start="2025-10-16T10:53:34.254768" elapsed="1.019425"/>
</kw>
<arg>${standardUser}</arg>
<arg>${password}</arg>
<status status="PASS" start="2025-10-16T10:53:34.022570" elapsed="1.251833"/>
</kw>
<kw name="Verify products page is displayed" owner="ProductsPage">
<kw name="Element Text Should Be" owner="SeleniumLibrary">
<msg time="2025-10-16T10:53:35.275414" level="INFO">Verifying element 'xpath://div[text()='Products']' contains exact text 'Products'.</msg>
<arg>${Products}</arg>
<arg>Products</arg>
<doc>Verifies that element ``locator`` contains exact the text ``expected``.</doc>
<status status="PASS" start="2025-10-16T10:53:35.275126" elapsed="0.026937"/>
</kw>
<status status="PASS" start="2025-10-16T10:53:35.274692" elapsed="0.027705"/>
</kw>
<kw name="Close Browser Session" owner="Generic" type="TEARDOWN">
<kw name="Close Browser" owner="SeleniumLibrary">
<doc>Closes the current browser.</doc>
<status status="PASS" start="2025-10-16T10:53:35.304191" elapsed="2.656421"/>
</kw>
<status status="PASS" start="2025-10-16T10:53:35.303180" elapsed="2.657577"/>
</kw>
<tag>SMOKE</tag>
<status status="PASS" start="2025-10-16T10:53:24.675087" elapsed="13.285719"/>
</test>
<test id="s1-s1-t2" name="Validate Locked_out_user Login" line="26">
<kw name="Open the browser with Swaglabs URL" owner="Generic" type="SETUP">
<kw name="Create Webdriver" owner="SeleniumLibrary">
<msg time="2025-10-16T10:53:37.962162" level="INFO">Creating an instance of the Firefox WebDriver.</msg>
<arg>Firefox</arg>
<doc>Creates an instance of Selenium WebDriver.</doc>
<status status="PASS" start="2025-10-16T10:53:37.961977" elapsed="5.722837"/>
</kw>
<kw name="Go To" owner="SeleniumLibrary">
<msg time="2025-10-16T10:53:43.685503" level="INFO">Opening url 'https://www.saucedemo.com/v1/index.html'</msg>
<arg>${url}</arg>
<doc>Navigates the current browser window to the provided ``url``.</doc>
<status status="PASS" start="2025-10-16T10:53:43.685064" elapsed="0.307921"/>
</kw>
<status status="PASS" start="2025-10-16T10:53:37.961666" elapsed="6.031477"/>
</kw>
<kw name="Fill the login form" owner="LogInPage">
<kw name="Input Text" owner="SeleniumLibrary">
<msg time="2025-10-16T10:53:43.994245" level="INFO">Typing text 'locked_out_user' into text field 'id:user-name'.</msg>
<arg>id:user-name</arg>
<arg>${username}</arg>
<doc>Types the given ``text`` into the text field identified by ``locator``.</doc>
<status status="PASS" start="2025-10-16T10:53:43.993930" elapsed="0.131634"/>
</kw>
<kw name="Input Password" owner="SeleniumLibrary">
<msg time="2025-10-16T10:53:44.126274" level="INFO">Typing password into text field 'id:password'.</msg>
<msg time="2025-10-16T10:53:44.132746" level="INFO">Temporally setting log level to: NONE</msg>
<arg>id:password</arg>
<arg>${password}</arg>
<doc>Types the given password into the text field identified by ``locator``.</doc>
<status status="PASS" start="2025-10-16T10:53:44.125851" elapsed="0.023764"/>
</kw>
<kw name="Click Button" owner="SeleniumLibrary">
<msg time="2025-10-16T10:53:44.150166" level="INFO">Clicking button 'login-button'.</msg>
<arg>login-button</arg>
<doc>Clicks the button identified by ``locator``.</doc>
<status status="PASS" start="2025-10-16T10:53:44.149835" elapsed="0.091555"/>
</kw>
<arg>${lockedOutUser}</arg>
<arg>${password}</arg>
<status status="PASS" start="2025-10-16T10:53:43.993429" elapsed="0.248116"/>
</kw>
<kw name="Verify that locked out error message is displayed" owner="LogInPage">
<kw name="Get Text" owner="SeleniumLibrary">
<msg time="2025-10-16T10:53:44.255291" level="INFO">${errorMessage} = Epic sadface: Sorry, this user has been locked out.</msg>
<var>${errorMessage}</var>
<arg>${errorText_lockedOutUser}</arg>
<doc>Returns the text value of the element identified by ``locator``.</doc>
<status status="PASS" start="2025-10-16T10:53:44.242151" elapsed="0.013227"/>
</kw>
<kw name="Should Be Equal As Strings" owner="BuiltIn">
<arg>${errorMessage}</arg>
<arg>${expectedErrorMessageLockedOutUser}</arg>
<doc>Fails if objects are unequal after converting them to strings.</doc>
<status status="PASS" start="2025-10-16T10:53:44.255652" elapsed="0.000503"/>
</kw>
<kw name="Log" owner="BuiltIn">
<msg time="2025-10-16T10:53:44.256589" level="INFO">Epic sadface: Sorry, this user has been locked out.</msg>
<arg>${errorMessage}</arg>
<doc>Logs the given message with the given level.</doc>
<status status="PASS" start="2025-10-16T10:53:44.256321" elapsed="0.000367"/>
</kw>
<status status="PASS" start="2025-10-16T10:53:44.241785" elapsed="0.015018"/>
</kw>
<kw name="Close Browser Session" owner="Generic" type="TEARDOWN">
<kw name="Close Browser" owner="SeleniumLibrary">
<doc>Closes the current browser.</doc>
<status status="PASS" start="2025-10-16T10:53:44.257537" elapsed="2.899373"/>
</kw>
<status status="PASS" start="2025-10-16T10:53:44.257113" elapsed="2.899928"/>
</kw>
<tag>NEW_FEATURE</tag>
<status status="PASS" start="2025-10-16T10:53:37.961223" elapsed="9.195873"/>
</test>
<test id="s1-s1-t3" name="Validate Problem_user Login" line="31">
<kw name="Open the browser with Swaglabs URL" owner="Generic" type="SETUP">
<kw name="Create Webdriver" owner="SeleniumLibrary">
<msg time="2025-10-16T10:53:47.158627" level="INFO">Creating an instance of the Firefox WebDriver.</msg>
<arg>Firefox</arg>
<doc>Creates an instance of Selenium WebDriver.</doc>
<status status="PASS" start="2025-10-16T10:53:47.158461" elapsed="5.392121"/>
</kw>
<kw name="Go To" owner="SeleniumLibrary">
<msg time="2025-10-16T10:53:52.551252" level="INFO">Opening url 'https://www.saucedemo.com/v1/index.html'</msg>
<arg>${url}</arg>
<doc>Navigates the current browser window to the provided ``url``.</doc>
<status status="PASS" start="2025-10-16T10:53:52.550891" elapsed="0.233612"/>
</kw>
<status status="PASS" start="2025-10-16T10:53:47.158131" elapsed="5.626678"/>
</kw>
<kw name="Fill the login form" owner="LogInPage">
<kw name="Input Text" owner="SeleniumLibrary">
<msg time="2025-10-16T10:53:52.786053" level="INFO">Typing text 'problem_user' into text field 'id:user-name'.</msg>
<arg>id:user-name</arg>
<arg>${username}</arg>
<doc>Types the given ``text`` into the text field identified by ``locator``.</doc>
<status status="PASS" start="2025-10-16T10:53:52.785746" elapsed="0.069967"/>
</kw>
<kw name="Input Password" owner="SeleniumLibrary">
<msg time="2025-10-16T10:53:52.856230" level="INFO">Typing password into text field 'id:password'.</msg>
<msg time="2025-10-16T10:53:52.859941" level="INFO">Temporally setting log level to: NONE</msg>
<arg>id:password</arg>
<arg>${password}</arg>
<doc>Types the given password into the text field identified by ``locator``.</doc>
<status status="PASS" start="2025-10-16T10:53:52.855923" elapsed="0.014498"/>
</kw>
<kw name="Click Button" owner="SeleniumLibrary">
<msg time="2025-10-16T10:53:52.870840" level="INFO">Clicking button 'login-button'.</msg>
<arg>login-button</arg>
<doc>Clicks the button identified by ``locator``.</doc>
<status status="PASS" start="2025-10-16T10:53:52.870621" elapsed="0.506368"/>
</kw>
<arg>${problemUser}</arg>
<arg>${password}</arg>
<status status="PASS" start="2025-10-16T10:53:52.785047" elapsed="0.592088"/>
</kw>
<kw name="Verify products page is displayed" owner="ProductsPage">
<kw name="Element Text Should Be" owner="SeleniumLibrary">
<msg time="2025-10-16T10:53:53.377844" level="INFO">Verifying element 'xpath://div[text()='Products']' contains exact text 'Products'.</msg>
<arg>${Products}</arg>
<arg>Products</arg>
<doc>Verifies that element ``locator`` contains exact the text ``expected``.</doc>
<status status="PASS" start="2025-10-16T10:53:53.377626" elapsed="0.012851"/>
</kw>
<status status="PASS" start="2025-10-16T10:53:53.377338" elapsed="0.013250"/>
</kw>
<kw name="Verify that products images are not displayed" owner="ProductsPage">
<kw name="Wait until element passed is located on the page" owner="Generic">
<kw name="Wait Until Element Is Visible" owner="SeleniumLibrary">
<arg>${page_locator}</arg>
<doc>Waits until the element ``locator`` is visible.</doc>
<status status="PASS" start="2025-10-16T10:53:53.391294" elapsed="0.010750"/>
</kw>
<arg>${noImages}</arg>
<status status="PASS" start="2025-10-16T10:53:53.391055" elapsed="0.011106"/>
</kw>
<status status="PASS" start="2025-10-16T10:53:53.390754" elapsed="0.011461"/>
</kw>
<kw name="Close Browser Session" owner="Generic" type="TEARDOWN">
<kw name="Close Browser" owner="SeleniumLibrary">
<doc>Closes the current browser.</doc>
<status status="PASS" start="2025-10-16T10:53:53.402789" elapsed="2.671980"/>
</kw>
<status status="PASS" start="2025-10-16T10:53:53.402437" elapsed="2.672434"/>
</kw>
<tag>SMOKE</tag>
<status status="PASS" start="2025-10-16T10:53:47.157724" elapsed="8.917187"/>
</test>
<test id="s1-s1-t4" name="Validating End to End Flow till successful product placement" line="37">
<kw name="Open the browser with Swaglabs URL" owner="Generic" type="SETUP">
<kw name="Create Webdriver" owner="SeleniumLibrary">
<msg time="2025-10-16T10:53:56.075721" level="INFO">Creating an instance of the Firefox WebDriver.</msg>
<arg>Firefox</arg>
<doc>Creates an instance of Selenium WebDriver.</doc>
<status status="PASS" start="2025-10-16T10:53:56.075616" elapsed="5.486007"/>
</kw>
<kw name="Go To" owner="SeleniumLibrary">
<msg time="2025-10-16T10:54:01.562064" level="INFO">Opening url 'https://www.saucedemo.com/v1/index.html'</msg>
<arg>${url}</arg>
<doc>Navigates the current browser window to the provided ``url``.</doc>
<status status="PASS" start="2025-10-16T10:54:01.561833" elapsed="0.236336"/>
</kw>
<status status="PASS" start="2025-10-16T10:53:56.075413" elapsed="5.722899"/>
</kw>
<kw name="Fill the login form" owner="LogInPage">
<kw name="Input Text" owner="SeleniumLibrary">
<msg time="2025-10-16T10:54:01.799302" level="INFO">Typing text 'standard_user' into text field 'id:user-name'.</msg>
<arg>id:user-name</arg>
<arg>${username}</arg>
<doc>Types the given ``text`` into the text field identified by ``locator``.</doc>
<status status="PASS" start="2025-10-16T10:54:01.799017" elapsed="0.065271"/>
</kw>
<kw name="Input Password" owner="SeleniumLibrary">
<msg time="2025-10-16T10:54:01.864858" level="INFO">Typing password into text field 'id:password'.</msg>
<msg time="2025-10-16T10:54:01.868705" level="INFO">Temporally setting log level to: NONE</msg>
<arg>id:password</arg>
<arg>${password}</arg>
<doc>Types the given password into the text field identified by ``locator``.</doc>
<status status="PASS" start="2025-10-16T10:54:01.864504" elapsed="0.015899"/>
</kw>
<kw name="Click Button" owner="SeleniumLibrary">
<msg time="2025-10-16T10:54:01.880838" level="INFO">Clicking button 'login-button'.</msg>
<arg>login-button</arg>
<doc>Clicks the button identified by ``locator``.</doc>
<status status="PASS" start="2025-10-16T10:54:01.880594" elapsed="0.550031"/>
</kw>
<arg>${standardUser}</arg>
<arg>${password}</arg>
<status status="PASS" start="2025-10-16T10:54:01.798554" elapsed="0.632189"/>
</kw>
<kw name="Verify products page is displayed" owner="ProductsPage">
<kw name="Element Text Should Be" owner="SeleniumLibrary">
<msg time="2025-10-16T10:54:02.431634" level="INFO">Verifying element 'xpath://div[text()='Products']' contains exact text 'Products'.</msg>
<arg>${Products}</arg>
<arg>Products</arg>
<doc>Verifies that element ``locator`` contains exact the text ``expected``.</doc>
<status status="PASS" start="2025-10-16T10:54:02.431379" elapsed="0.009930"/>
</kw>
<status status="PASS" start="2025-10-16T10:54:02.430974" elapsed="0.010594"/>
</kw>
<kw name="verify products title in the products page" owner="ProductsPage">
<kw name="Create List" owner="BuiltIn">
<msg time="2025-10-16T10:54:02.442515" level="INFO">@{expectedList} = [ Sauce Labs Backpack | Sauce Labs Bike Light | Sauce Labs Bolt T-Shirt | Sauce Labs Fleece Jacket | Sauce Labs Onesie | Test.allTheThings() T-Shirt (Red) ]</msg>
<var>@{expectedList}</var>
<arg>Sauce Labs Backpack</arg>
<arg>Sauce Labs Bike Light</arg>
<arg>Sauce Labs Bolt T-Shirt</arg>
<arg>Sauce Labs Fleece Jacket</arg>
<arg>Sauce Labs Onesie</arg>
<arg>Test.allTheThings() T-Shirt (Red)</arg>
<doc>Returns a list containing given items.</doc>
<status status="PASS" start="2025-10-16T10:54:02.442272" elapsed="0.000272"/>
</kw>
<kw name="Get WebElements" owner="SeleniumLibrary">
<msg time="2025-10-16T10:54:02.445883" level="INFO">${elements} = [&lt;selenium.webdriver.remote.webelement.WebElement (session="61d2f716-0229-429b-8651-fa7dfd7dd831", element="23db65c2-b22e-4531-8da8-210a04431220")&gt;, &lt;selenium.webdriver.remote.webelement.WebElement (s...</msg>
<var>${elements}</var>
<arg>${productNames}</arg>
<doc>Returns a list of WebElement objects matching the ``locator``.</doc>
<status status="PASS" start="2025-10-16T10:54:02.442660" elapsed="0.003283"/>
</kw>
<kw name="Create List" owner="BuiltIn">
<msg time="2025-10-16T10:54:02.446385" level="INFO">@{actualList} = [ ]</msg>
<var>@{actualList}</var>
<doc>Returns a list containing given items.</doc>
<status status="PASS" start="2025-10-16T10:54:02.446131" elapsed="0.000287"/>
</kw>
<for flavor="IN">
<iter>
<kw name="Log" owner="BuiltIn">
<msg time="2025-10-16T10:54:02.453399" level="INFO">Sauce Labs Backpack</msg>
<arg>${element.text}</arg>
<doc>Logs the given message with the given level.</doc>
<status status="PASS" start="2025-10-16T10:54:02.447044" elapsed="0.006449"/>
</kw>
<kw name="Append To List" owner="Collections">
<arg>${actualList}</arg>
<arg>${element.text}</arg>
<doc>Adds ``values`` to the end of ``list``.</doc>
<status status="PASS" start="2025-10-16T10:54:02.453676" elapsed="0.006515"/>
</kw>
<var name="${element}">&lt;selenium.webdriver.remote.webelement.WebElement (session="61d2f716-0229-429b-8651-fa7dfd7dd831", element="23db65c2-b22e-4531-8da8-210a04431220")&gt;</var>
<status status="PASS" start="2025-10-16T10:54:02.446821" elapsed="0.013463"/>
</iter>
<iter>
<kw name="Log" owner="BuiltIn">
<msg time="2025-10-16T10:54:02.467260" level="INFO">Sauce Labs Bike Light</msg>
<arg>${element.text}</arg>
<doc>Logs the given message with the given level.</doc>
<status status="PASS" start="2025-10-16T10:54:02.460875" elapsed="0.006452"/>
</kw>
<kw name="Append To List" owner="Collections">
<arg>${actualList}</arg>
<arg>${element.text}</arg>
<doc>Adds ``values`` to the end of ``list``.</doc>
<status status="PASS" start="2025-10-16T10:54:02.467479" elapsed="0.005864"/>
</kw>
<var name="${element}">&lt;selenium.webdriver.remote.webelement.WebElement (session="61d2f716-0229-429b-8651-fa7dfd7dd831", element="c7979d42-d81c-4ef9-935e-d5527e56c3af")&gt;</var>
<status status="PASS" start="2025-10-16T10:54:02.460606" elapsed="0.012837"/>
</iter>
<iter>
<kw name="Log" owner="BuiltIn">
<msg time="2025-10-16T10:54:02.478796" level="INFO">Sauce Labs Bolt T-Shirt</msg>
<arg>${element.text}</arg>
<doc>Logs the given message with the given level.</doc>
<status status="PASS" start="2025-10-16T10:54:02.473898" elapsed="0.004986"/>
</kw>
<kw name="Append To List" owner="Collections">
<arg>${actualList}</arg>
<arg>${element.text}</arg>
<doc>Adds ``values`` to the end of ``list``.</doc>
<status status="PASS" start="2025-10-16T10:54:02.479059" elapsed="0.006232"/>
</kw>
<var name="${element}">&lt;selenium.webdriver.remote.webelement.WebElement (session="61d2f716-0229-429b-8651-fa7dfd7dd831", element="fafac461-a216-43bb-92cc-0160318dad92")&gt;</var>
<status status="PASS" start="2025-10-16T10:54:02.473627" elapsed="0.011754"/>
</iter>
<iter>
<kw name="Log" owner="BuiltIn">
<msg time="2025-10-16T10:54:02.490600" level="INFO">Sauce Labs Fleece Jacket</msg>
<arg>${element.text}</arg>
<doc>Logs the given message with the given level.</doc>
<status status="PASS" start="2025-10-16T10:54:02.485746" elapsed="0.004935"/>
</kw>
<kw name="Append To List" owner="Collections">
<arg>${actualList}</arg>
<arg>${element.text}</arg>
<doc>Adds ``values`` to the end of ``list``.</doc>
<status status="PASS" start="2025-10-16T10:54:02.490873" elapsed="0.005131"/>
</kw>
<var name="${element}">&lt;selenium.webdriver.remote.webelement.WebElement (session="61d2f716-0229-429b-8651-fa7dfd7dd831", element="b08e68ea-af3e-4f56-ab68-aadf7b917fda")&gt;</var>
<status status="PASS" start="2025-10-16T10:54:02.485535" elapsed="0.010560"/>
</iter>
<iter>
<kw name="Log" owner="BuiltIn">
<msg time="2025-10-16T10:54:02.501656" level="INFO">Sauce Labs Onesie</msg>
<arg>${element.text}</arg>
<doc>Logs the given message with the given level.</doc>
<status status="PASS" start="2025-10-16T10:54:02.496426" elapsed="0.005335"/>
</kw>
<kw name="Append To List" owner="Collections">
<arg>${actualList}</arg>
<arg>${element.text}</arg>
<doc>Adds ``values`` to the end of ``list``.</doc>
<status status="PASS" start="2025-10-16T10:54:02.501993" elapsed="0.005868"/>
</kw>
<var name="${element}">&lt;selenium.webdriver.remote.webelement.WebElement (session="61d2f716-0229-429b-8651-fa7dfd7dd831", element="0f946f8d-db28-478e-8cb1-b26a88717858")&gt;</var>
<status status="PASS" start="2025-10-16T10:54:02.496241" elapsed="0.011694"/>
</iter>
<iter>
<kw name="Log" owner="BuiltIn">
<msg time="2025-10-16T10:54:02.512760" level="INFO">Test.allTheThings() T-Shirt (Red)</msg>
<arg>${element.text}</arg>
<doc>Logs the given message with the given level.</doc>
<status status="PASS" start="2025-10-16T10:54:02.508213" elapsed="0.004635"/>
</kw>
<kw name="Append To List" owner="Collections">
<arg>${actualList}</arg>
<arg>${element.text}</arg>
<doc>Adds ``values`` to the end of ``list``.</doc>
<status status="PASS" start="2025-10-16T10:54:02.513030" elapsed="0.004481"/>
</kw>
<var name="${element}">&lt;selenium.webdriver.remote.webelement.WebElement (session="61d2f716-0229-429b-8651-fa7dfd7dd831", element="e36be7d8-2fbb-4898-9cb1-79f5e38350e9")&gt;</var>
<status status="PASS" start="2025-10-16T10:54:02.508053" elapsed="0.009554"/>
</iter>
<var>${element}</var>
<value>@{elements}</value>
<status status="PASS" start="2025-10-16T10:54:02.446526" elapsed="0.071145"/>
</for>
<kw name="Lists Should Be Equal" owner="Collections">
<arg>${expectedList}</arg>
<arg>${actualList}</arg>
<doc>Fails if given lists are unequal.</doc>
<status status="PASS" start="2025-10-16T10:54:02.517830" elapsed="0.000305"/>
</kw>
<status status="PASS" start="2025-10-16T10:54:02.441938" elapsed="0.076281"/>
</kw>
<kw name="Apply Sort (Low to High) and verify ordering changes accordingly" owner="ProductsPage">
<kw name="Create List" owner="BuiltIn">
<msg time="2025-10-16T10:54:02.518800" level="INFO">@{expectedSortedList_lowToHigh} = [ Sauce Labs Onesie | Sauce Labs Bike Light | Sauce Labs Bolt T-Shirt | Test.allTheThings() T-Shirt (Red) | Sauce Labs Backpack | Sauce Labs Fleece Jacket ]</msg>
<var>@{expectedSortedList_lowToHigh}</var>
<arg>Sauce Labs Onesie</arg>
<arg>Sauce Labs Bike Light</arg>
<arg>Sauce Labs Bolt T-Shirt</arg>
<arg>Test.allTheThings() T-Shirt (Red)</arg>
<arg>Sauce Labs Backpack</arg>
<arg>Sauce Labs Fleece Jacket</arg>
<doc>Returns a list containing given items.</doc>
<status status="PASS" start="2025-10-16T10:54:02.518629" elapsed="0.000241"/>
</kw>
<kw name="Select From List By Value" owner="SeleniumLibrary">
<msg time="2025-10-16T10:54:02.519383" level="INFO">Selecting options from selection list 'css:.product_sort_container' by value lohi.</msg>
<arg>${sortOptions}</arg>
<arg>lohi</arg>
<doc>Selects options from selection list ``locator`` by ``values``.</doc>
<status status="PASS" start="2025-10-16T10:54:02.519074" elapsed="0.085876"/>
</kw>
<status status="PASS" start="2025-10-16T10:54:02.518373" elapsed="0.086714"/>
</kw>
<kw name="Add Products To Cart And Checkout" owner="Products">
<msg time="2025-10-16T10:54:02.606386" level="INFO">${selectedProducts} = ['Sauce Labs Onesie', 'Sauce Labs Bike Light', 'Test.allTheThings() T-Shirt (Red)']</msg>
<msg time="2025-10-16T10:54:02.613755" level="INFO">Clicking button 'xpath:(//*[@class='pricebar'])[1]/button'.</msg>
<msg time="2025-10-16T10:54:02.687670" level="INFO">Clicking button 'xpath:(//*[@class='pricebar'])[2]/button'.</msg>
<msg time="2025-10-16T10:54:02.771339" level="INFO">Clicking button 'xpath:(//*[@class='pricebar'])[4]/button'.</msg>
<msg time="2025-10-16T10:54:02.851443" level="INFO">Clicking element 'xpath://a[@href='./cart.html']'.</msg>
<arg>${listOfProducts}</arg>
<status status="PASS" start="2025-10-16T10:54:02.605240" elapsed="0.348380"/>
</kw>
<kw name="Verify Products In YourCart" owner="YourCart">
<msg time="2025-10-16T10:54:02.971016" level="INFO">Cart items: ['Sauce Labs Onesie', 'Sauce Labs Bike Light', 'Test.allTheThings() T-Shirt (Red)']
Selected products: ['Sauce Labs Onesie', 'Sauce Labs Bike Light', 'Test.allTheThings() T-Shirt (Red)']
✅ Cart verification successful. All products match.</msg>
<status status="PASS" start="2025-10-16T10:54:02.953788" elapsed="0.017346"/>
</kw>
<kw name="Click on Checkout and navigate to Your Information page" owner="YourCartPage">
<kw name="Click Element" owner="SeleniumLibrary">
<msg time="2025-10-16T10:54:02.972099" level="INFO">Clicking element 'xpath://a[text()='CHECKOUT']'.</msg>
<arg>${checkOut}</arg>
<doc>Click the element identified by ``locator``.</doc>
<status status="PASS" start="2025-10-16T10:54:02.971821" elapsed="0.105893"/>
</kw>
<status status="PASS" start="2025-10-16T10:54:02.971364" elapsed="0.106466"/>
</kw>
<kw name="Provide buyer details and click on continue" owner="InformationPage">
<kw name="Input Text" owner="SeleniumLibrary">
<msg time="2025-10-16T10:54:03.078616" level="INFO">Typing text 'Azharulla' into text field 'first-name'.</msg>
<arg>first-name</arg>
<arg>${firstname}</arg>
<doc>Types the given ``text`` into the text field identified by ``locator``.</doc>
<status status="PASS" start="2025-10-16T10:54:03.078397" elapsed="0.020461"/>
</kw>
<kw name="Input Text" owner="SeleniumLibrary">
<msg time="2025-10-16T10:54:03.099355" level="INFO">Typing text 'Mohammed' into text field 'last-name'.</msg>
<arg>last-name</arg>
<arg>${lastname}</arg>
<doc>Types the given ``text`` into the text field identified by ``locator``.</doc>
<status status="PASS" start="2025-10-16T10:54:03.099062" elapsed="0.013182"/>
</kw>
<kw name="Input Text" owner="SeleniumLibrary">
<msg time="2025-10-16T10:54:03.112686" level="INFO">Typing text '560036' into text field 'postal-code'.</msg>
<arg>postal-code</arg>
<arg>${postalcode}</arg>
<doc>Types the given ``text`` into the text field identified by ``locator``.</doc>
<status status="PASS" start="2025-10-16T10:54:03.112421" elapsed="0.010976"/>
</kw>
<kw name="Click Element" owner="SeleniumLibrary">
<msg time="2025-10-16T10:54:03.124420" level="INFO">Clicking element 'css:input[type='submit']'.</msg>
<arg>${continueButton}</arg>
<doc>Click the element identified by ``locator``.</doc>
<status status="PASS" start="2025-10-16T10:54:03.123986" elapsed="0.097542"/>
</kw>
<arg>Azharulla</arg>
<arg>Mohammed</arg>
<arg>560036</arg>
<status status="PASS" start="2025-10-16T10:54:03.078026" elapsed="0.143620"/>
</kw>
<kw name="Verify Products In OverviewPage" owner="Overview">
<msg time="2025-10-16T10:54:03.250742" level="INFO">Cart items: ['Sauce Labs Onesie', 'Sauce Labs Bike Light', 'Test.allTheThings() T-Shirt (Red)']
Selected products: ['Sauce Labs Onesie', 'Sauce Labs Bike Light', 'Test.allTheThings() T-Shirt (Red)']
✅ Overview page products verification successful. All products match.</msg>
<status status="PASS" start="2025-10-16T10:54:03.221788" elapsed="0.029059"/>
</kw>
<kw name="Click on Finish and verify order success message" owner="OverviewPage">
<kw name="Click Element" owner="SeleniumLibrary">
<msg time="2025-10-16T10:54:03.252002" level="INFO">Clicking element 'xpath://a[text()='FINISH']'.</msg>
<arg>${finishButton}</arg>
<doc>Click the element identified by ``locator``.</doc>
<status status="PASS" start="2025-10-16T10:54:03.251677" elapsed="0.099658"/>
</kw>
<kw name="Element Text Should Be" owner="SeleniumLibrary">
<msg time="2025-10-16T10:54:03.351813" level="INFO">Verifying element 'css:h2' contains exact text 'THANK YOU FOR YOUR ORDER'.</msg>
<arg>${orderSuccessMessage}</arg>
<arg>THANK YOU FOR YOUR ORDER</arg>
<doc>Verifies that element ``locator`` contains exact the text ``expected``.</doc>
<status status="PASS" start="2025-10-16T10:54:03.351532" elapsed="0.014210"/>
</kw>
<status status="PASS" start="2025-10-16T10:54:03.251154" elapsed="0.114713"/>
</kw>
<kw name="Close Browser Session" owner="Generic" type="TEARDOWN">
<kw name="Close Browser" owner="SeleniumLibrary">
<doc>Closes the current browser.</doc>
<status status="PASS" start="2025-10-16T10:54:03.366425" elapsed="2.597313"/>
</kw>
<status status="PASS" start="2025-10-16T10:54:03.366109" elapsed="2.597724"/>
</kw>
<tag>REGRESSION</tag>
<tag>SMOKE</tag>
<status status="PASS" start="2025-10-16T10:53:56.075136" elapsed="9.888735"/>
</test>
<doc>To validate login form and end to end test - Swaglabs</doc>
<status status="PASS" start="2025-10-16T10:53:24.519918" elapsed="41.444298"/>
</suite>
<status status="PASS" start="2025-10-16T10:53:24.511183" elapsed="41.453371"/>
</suite>
<statistics>
<total>
<stat pass="4" fail="0" skip="0">All Tests</stat>
</total>
<tag>
<stat pass="1" fail="0" skip="0">NEW_FEATURE</stat>
<stat pass="1" fail="0" skip="0">REGRESSION</stat>
<stat pass="3" fail="0" skip="0">SMOKE</stat>
</tag>
<suite>
<stat name="Tests" id="s1" pass="4" fail="0" skip="0">Tests</stat>
<stat name="testDemo2 custom" id="s1-s1" pass="4" fail="0" skip="0">Tests.testDemo2 custom</stat>
</suite>
</statistics>
<errors>
</errors>
</robot>
